<?xml version="1.0" encoding="UTF-8"?>
<coverage generated="1764706345392" clover="3.2.0">
  <project timestamp="1764706345392" name="All files">
    <metrics statements="300" coveredstatements="237" conditionals="223" coveredconditionals="143" methods="56" coveredmethods="41" elements="579" coveredelements="421" complexity="0" loc="300" ncloc="300" packages="1" files="3" classes="3"/>
    <file name="FarmService.ts" path="C:\Users\HP\developpement_farm-1\src\services\FarmService.ts">
      <metrics statements="84" coveredstatements="67" conditionals="85" coveredconditionals="52" methods="11" coveredmethods="8"/>
      <line num="45" count="11" type="stmt"/>
      <line num="49" count="9" type="cond" truecount="1" falsecount="1"/>
      <line num="50" count="9" type="stmt"/>
      <line num="52" count="9" type="stmt"/>
      <line num="63" count="3" type="stmt"/>
      <line num="64" count="3" type="stmt"/>
      <line num="65" count="3" type="stmt"/>
      <line num="68" count="3" type="stmt"/>
      <line num="70" count="3" type="stmt"/>
      <line num="72" count="3" type="stmt"/>
      <line num="75" count="4" type="cond" truecount="1" falsecount="1"/>
      <line num="76" count="4" type="cond" truecount="1" falsecount="1"/>
      <line num="78" count="4" type="stmt"/>
      <line num="80" count="4" type="cond" truecount="2" falsecount="0"/>
      <line num="82" count="3" type="cond" truecount="1" falsecount="1"/>
      <line num="83" count="3" type="cond" truecount="1" falsecount="1"/>
      <line num="84" count="3" type="cond" truecount="1" falsecount="1"/>
      <line num="85" count="3" type="stmt"/>
      <line num="106" count="3" type="stmt"/>
      <line num="118" count="6" type="stmt"/>
      <line num="119" count="6" type="stmt"/>
      <line num="120" count="6" type="stmt"/>
      <line num="122" count="6" type="stmt"/>
      <line num="127" count="6" type="stmt"/>
      <line num="128" count="6" type="stmt"/>
      <line num="129" count="6" type="stmt"/>
      <line num="133" count="24" type="stmt"/>
      <line num="144" count="3" type="stmt"/>
      <line num="145" count="3" type="stmt"/>
      <line num="147" count="3" type="stmt"/>
      <line num="148" count="3" type="cond" truecount="4" falsecount="0"/>
      <line num="149" count="1" type="stmt"/>
      <line num="152" count="2" type="stmt"/>
      <line num="155" count="2" type="cond" truecount="2" falsecount="0"/>
      <line num="156" count="1" type="stmt"/>
      <line num="160" count="1" type="stmt"/>
      <line num="170" count="1" type="stmt"/>
      <line num="181" count="1" type="stmt"/>
      <line num="186" count="1" type="stmt"/>
      <line num="191" count="1" type="stmt"/>
      <line num="196" count="0" type="stmt"/>
      <line num="197" count="0" type="stmt"/>
      <line num="198" count="0" type="cond" truecount="0" falsecount="2"/>
      <line num="200" count="0" type="cond" truecount="0" falsecount="5"/>
      <line num="202" count="0" type="stmt"/>
      <line num="203" count="0" type="stmt"/>
      <line num="215" count="0" type="stmt"/>
      <line num="227" count="3" type="stmt"/>
      <line num="228" count="3" type="stmt"/>
      <line num="229" count="3" type="stmt"/>
      <line num="232" count="3" type="stmt"/>
      <line num="233" count="3" type="stmt"/>
      <line num="234" count="3" type="cond" truecount="2" falsecount="0"/>
      <line num="235" count="3" type="cond" truecount="2" falsecount="0"/>
      <line num="237" count="3" type="cond" truecount="6" falsecount="0"/>
      <line num="238" count="1" type="stmt"/>
      <line num="241" count="2" type="stmt"/>
      <line num="244" count="2" type="stmt"/>
      <line num="245" count="2" type="cond" truecount="3" falsecount="1"/>
      <line num="254" count="2" type="stmt"/>
      <line num="260" count="2" type="cond" truecount="2" falsecount="0"/>
      <line num="261" count="1" type="stmt"/>
      <line num="262" count="1" type="cond" truecount="1" falsecount="1"/>
      <line num="263" count="1" type="stmt"/>
      <line num="273" count="1" type="stmt"/>
      <line num="276" count="1" type="stmt"/>
      <line num="277" count="1" type="stmt"/>
      <line num="278" count="0" type="cond" truecount="0" falsecount="2"/>
      <line num="281" count="1" type="cond" truecount="1" falsecount="1"/>
      <line num="283" count="1" type="stmt"/>
      <line num="284" count="1" type="stmt"/>
      <line num="297" count="0" type="cond" truecount="0" falsecount="2"/>
      <line num="299" count="0" type="stmt"/>
      <line num="306" count="2" type="stmt"/>
      <line num="311" count="2" type="stmt"/>
      <line num="316" count="0" type="stmt"/>
      <line num="317" count="0" type="cond" truecount="0" falsecount="2"/>
      <line num="318" count="0" type="stmt"/>
      <line num="326" count="0" type="stmt"/>
      <line num="338" count="1" type="stmt"/>
      <line num="340" count="1" type="stmt"/>
      <line num="341" count="0" type="cond" truecount="0" falsecount="2"/>
      <line num="342" count="0" type="stmt"/>
      <line num="344" count="0" type="stmt"/>
    </file>
    <file name="PorkPriceTrendService.ts" path="C:\Users\HP\developpement_farm-1\src\services\PorkPriceTrendService.ts">
      <metrics statements="148" coveredstatements="103" conditionals="87" coveredconditionals="45" methods="18" coveredmethods="7"/>
      <line num="25" count="1" type="stmt"/>
      <line num="32" count="2" type="stmt"/>
      <line num="33" count="2" type="cond" truecount="1" falsecount="1"/>
      <line num="34" count="2" type="stmt"/>
      <line num="35" count="2" type="stmt"/>
      <line num="36" count="2" type="stmt"/>
      <line num="37" count="2" type="stmt"/>
      <line num="44" count="0" type="stmt"/>
      <line num="45" count="0" type="stmt"/>
      <line num="46" count="0" type="cond" truecount="0" falsecount="2"/>
      <line num="47" count="0" type="stmt"/>
      <line num="54" count="0" type="stmt"/>
      <line num="55" count="0" type="cond" truecount="0" falsecount="2"/>
      <line num="68" count="12" type="stmt"/>
      <line num="69" count="12" type="stmt"/>
      <line num="70" count="12" type="stmt"/>
      <line num="71" count="12" type="stmt"/>
      <line num="72" count="12" type="stmt"/>
      <line num="73" count="12" type="stmt"/>
      <line num="74" count="12" type="stmt"/>
      <line num="83" count="4" type="stmt"/>
      <line num="85" count="4" type="stmt"/>
      <line num="86" count="4" type="stmt"/>
      <line num="87" count="4" type="stmt"/>
      <line num="89" count="4" type="cond" truecount="2" falsecount="0"/>
      <line num="90" count="2" type="stmt"/>
      <line num="91" count="3" type="stmt"/>
      <line num="92" count="3" type="cond" truecount="1" falsecount="1"/>
      <line num="94" count="3" type="stmt"/>
      <line num="95" count="3" type="cond" truecount="1" falsecount="1"/>
      <line num="96" count="3" type="stmt"/>
      <line num="97" count="3" type="stmt"/>
      <line num="98" count="3" type="stmt"/>
      <line num="99" count="3" type="stmt"/>
      <line num="104" count="2" type="cond" truecount="1" falsecount="1"/>
      <line num="105" count="2" type="stmt"/>
      <line num="110" count="4" type="stmt"/>
      <line num="111" count="4" type="cond" truecount="3" falsecount="1"/>
      <line num="112" count="4" type="stmt"/>
      <line num="113" count="4" type="stmt"/>
      <line num="115" count="4" type="cond" truecount="2" falsecount="0"/>
      <line num="116" count="1" type="stmt"/>
      <line num="117" count="1" type="stmt"/>
      <line num="119" count="1" type="stmt"/>
      <line num="120" count="1" type="stmt"/>
      <line num="121" count="1" type="cond" truecount="1" falsecount="1"/>
      <line num="122" count="1" type="stmt"/>
      <line num="123" count="1" type="cond" truecount="1" falsecount="1"/>
      <line num="124" count="1" type="stmt"/>
      <line num="125" count="1" type="stmt"/>
      <line num="126" count="1" type="stmt"/>
      <line num="131" count="1" type="cond" truecount="1" falsecount="1"/>
      <line num="132" count="1" type="stmt"/>
      <line num="134" count="1" type="cond" truecount="3" falsecount="1"/>
      <line num="135" count="1" type="stmt"/>
      <line num="136" count="1" type="stmt"/>
      <line num="137" count="1" type="stmt"/>
      <line num="138" count="1" type="stmt"/>
      <line num="139" count="1" type="stmt"/>
      <line num="141" count="0" type="stmt"/>
      <line num="142" count="0" type="stmt"/>
      <line num="143" count="0" type="stmt"/>
      <line num="150" count="4" type="stmt"/>
      <line num="151" count="4" type="cond" truecount="3" falsecount="1"/>
      <line num="152" count="4" type="stmt"/>
      <line num="153" count="4" type="stmt"/>
      <line num="155" count="4" type="cond" truecount="2" falsecount="0"/>
      <line num="156" count="1" type="stmt"/>
      <line num="157" count="1" type="stmt"/>
      <line num="159" count="1" type="stmt"/>
      <line num="160" count="2" type="cond" truecount="3" falsecount="1"/>
      <line num="161" count="2" type="stmt"/>
      <line num="162" count="2" type="stmt"/>
      <line num="166" count="1" type="cond" truecount="1" falsecount="1"/>
      <line num="167" count="1" type="stmt"/>
      <line num="169" count="1" type="cond" truecount="2" falsecount="2"/>
      <line num="170" count="0" type="stmt"/>
      <line num="171" count="0" type="stmt"/>
      <line num="172" count="0" type="stmt"/>
      <line num="173" count="0" type="stmt"/>
      <line num="174" count="0" type="stmt"/>
      <line num="176" count="1" type="stmt"/>
      <line num="177" count="1" type="stmt"/>
      <line num="178" count="1" type="stmt"/>
      <line num="185" count="4" type="stmt"/>
      <line num="186" count="4" type="stmt"/>
      <line num="187" count="4" type="cond" truecount="2" falsecount="0"/>
      <line num="188" count="1" type="stmt"/>
      <line num="189" count="1" type="stmt"/>
      <line num="190" count="3" type="cond" truecount="5" falsecount="0"/>
      <line num="191" count="1" type="stmt"/>
      <line num="192" count="2" type="cond" truecount="2" falsecount="2"/>
      <line num="193" count="0" type="stmt"/>
      <line num="197" count="4" type="stmt"/>
      <line num="210" count="4" type="stmt"/>
      <line num="217" count="2" type="stmt"/>
      <line num="218" count="2" type="stmt"/>
      <line num="219" count="2" type="stmt"/>
      <line num="222" count="2" type="stmt"/>
      <line num="223" count="52" type="stmt"/>
      <line num="224" count="52" type="stmt"/>
      <line num="227" count="52" type="stmt"/>
      <line num="228" count="0" type="stmt"/>
      <line num="229" count="0" type="stmt"/>
      <line num="232" count="52" type="stmt"/>
      <line num="233" count="52" type="stmt"/>
      <line num="234" count="51" type="stmt"/>
      <line num="236" count="1" type="stmt"/>
      <line num="241" count="2" type="stmt"/>
      <line num="242" count="2" type="stmt"/>
      <line num="243" count="2" type="stmt"/>
      <line num="245" count="0" type="stmt"/>
      <line num="248" count="2" type="stmt"/>
      <line num="249" count="51" type="cond" truecount="1" falsecount="1"/>
      <line num="250" count="51" type="stmt"/>
      <line num="262" count="0" type="stmt"/>
      <line num="266" count="0" type="stmt"/>
      <line num="296" count="0" type="stmt"/>
      <line num="297" count="0" type="cond" truecount="0" falsecount="2"/>
      <line num="298" count="0" type="stmt"/>
      <line num="299" count="0" type="stmt"/>
      <line num="308" count="0" type="stmt"/>
      <line num="312" count="0" type="stmt"/>
      <line num="329" count="0" type="stmt"/>
      <line num="330" count="0" type="cond" truecount="0" falsecount="2"/>
      <line num="331" count="0" type="stmt"/>
      <line num="332" count="0" type="stmt"/>
      <line num="343" count="0" type="stmt"/>
      <line num="344" count="0" type="stmt"/>
      <line num="345" count="0" type="cond" truecount="0" falsecount="2"/>
      <line num="346" count="0" type="stmt"/>
      <line num="347" count="0" type="stmt"/>
      <line num="355" count="0" type="stmt"/>
      <line num="357" count="0" type="stmt"/>
      <line num="359" count="0" type="stmt"/>
      <line num="360" count="0" type="cond" truecount="0" falsecount="2"/>
      <line num="361" count="0" type="stmt"/>
      <line num="364" count="0" type="stmt"/>
      <line num="365" count="0" type="cond" truecount="0" falsecount="4"/>
      <line num="366" count="0" type="stmt"/>
      <line num="371" count="0" type="stmt"/>
      <line num="378" count="2" type="stmt"/>
      <line num="385" count="1" type="stmt"/>
      <line num="388" count="3" type="cond" truecount="2" falsecount="0"/>
      <line num="389" count="1" type="cond" truecount="1" falsecount="1"/>
      <line num="390" count="0" type="stmt"/>
      <line num="392" count="1" type="stmt"/>
      <line num="394" count="3" type="stmt"/>
    </file>
    <file name="StatisticsService.ts" path="C:\Users\HP\developpement_farm-1\src\services\StatisticsService.ts">
      <metrics statements="68" coveredstatements="67" conditionals="51" coveredconditionals="46" methods="27" coveredmethods="26"/>
      <line num="47" count="6" type="cond" truecount="2" falsecount="0"/>
      <line num="49" count="5" type="stmt"/>
      <line num="50" count="5" type="stmt"/>
      <line num="52" count="10" type="stmt"/>
      <line num="53" count="15" type="stmt"/>
      <line num="54" count="3" type="stmt"/>
      <line num="56" count="10" type="cond" truecount="2" falsecount="0"/>
      <line num="57" count="5" type="stmt"/>
      <line num="58" count="5" type="cond" truecount="1" falsecount="1"/>
      <line num="59" count="5" type="stmt"/>
      <line num="63" count="5" type="stmt"/>
      <line num="70" count="6" type="stmt"/>
      <line num="80" count="5" type="stmt"/>
      <line num="81" count="5" type="stmt"/>
      <line num="82" count="5" type="stmt"/>
      <line num="83" count="5" type="stmt"/>
      <line num="85" count="2" type="stmt"/>
      <line num="86" count="5" type="stmt"/>
      <line num="87" count="5" type="stmt"/>
      <line num="88" count="5" type="stmt"/>
      <line num="91" count="2" type="stmt"/>
      <line num="92" count="2" type="stmt"/>
      <line num="93" count="5" type="cond" truecount="2" falsecount="0"/>
      <line num="94" count="5" type="cond" truecount="2" falsecount="0"/>
      <line num="97" count="2" type="stmt"/>
      <line num="98" count="2" type="cond" truecount="2" falsecount="0"/>
      <line num="100" count="2" type="stmt"/>
      <line num="117" count="4" type="cond" truecount="2" falsecount="0"/>
      <line num="118" count="5" type="cond" truecount="2" falsecount="0"/>
      <line num="119" count="3" type="stmt"/>
      <line num="129" count="3" type="cond" truecount="2" falsecount="0"/>
      <line num="130" count="2" type="stmt"/>
      <line num="132" count="2" type="stmt"/>
      <line num="133" count="2" type="stmt"/>
      <line num="134" count="3" type="cond" truecount="1" falsecount="1"/>
      <line num="135" count="3" type="cond" truecount="4" falsecount="0"/>
      <line num="138" count="2" type="stmt"/>
      <line num="139" count="2" type="stmt"/>
      <line num="140" count="3" type="cond" truecount="1" falsecount="1"/>
      <line num="141" count="3" type="stmt"/>
      <line num="142" count="3" type="cond" truecount="4" falsecount="0"/>
      <line num="146" count="2" type="stmt"/>
      <line num="161" count="3" type="stmt"/>
      <line num="162" count="3" type="stmt"/>
      <line num="164" count="3" type="stmt"/>
      <line num="165" count="5" type="stmt"/>
      <line num="166" count="9" type="stmt"/>
      <line num="167" count="0" type="stmt"/>
      <line num="169" count="5" type="cond" truecount="2" falsecount="1"/>
      <line num="170" count="5" type="stmt"/>
      <line num="171" count="5" type="cond" truecount="1" falsecount="1"/>
      <line num="172" count="5" type="stmt"/>
      <line num="176" count="5" type="stmt"/>
      <line num="177" count="3" type="cond" truecount="2" falsecount="0"/>
      <line num="178" count="3" type="cond" truecount="2" falsecount="0"/>
      <line num="179" count="3" type="cond" truecount="2" falsecount="0"/>
      <line num="181" count="3" type="stmt"/>
      <line num="198" count="2" type="stmt"/>
      <line num="199" count="2" type="stmt"/>
      <line num="200" count="2" type="stmt"/>
      <line num="202" count="2" type="stmt"/>
      <line num="203" count="6" type="cond" truecount="2" falsecount="0"/>
      <line num="205" count="3" type="cond" truecount="4" falsecount="0"/>
      <line num="206" count="1" type="stmt"/>
      <line num="207" count="2" type="cond" truecount="4" falsecount="0"/>
      <line num="208" count="1" type="stmt"/>
      <line num="210" count="1" type="stmt"/>
      <line num="214" count="2" type="stmt"/>
    </file>
  </project>
</coverage>
