{"C:\\Users\\HP\\developpement_farm-1\\src\\services\\FarmService.ts": {"path":"C:\\Users\\HP\\developpement_farm-1\\src\\services\\FarmService.ts","statementMap":{"0":{"start":{"line":45,"column":4},"end":{"line":45,"column":19}},"1":{"start":{"line":49,"column":4},"end":{"line":51,"column":5}},"2":{"start":{"line":50,"column":6},"end":{"line":50,"column":36}},"3":{"start":{"line":52,"column":4},"end":{"line":52,"column":19}},"4":{"start":{"line":63,"column":15},"end":{"line":63,"column":33}},"5":{"start":{"line":64,"column":23},"end":{"line":64,"column":47}},"6":{"start":{"line":65,"column":21},"end":{"line":65,"column":43}},"7":{"start":{"line":68,"column":24},"end":{"line":68,"column":50}},"8":{"start":{"line":70,"column":26},"end":{"line":70,"column":28}},"9":{"start":{"line":72,"column":4},"end":{"line":104,"column":5}},"10":{"start":{"line":75,"column":25},"end":{"line":75,"column":46}},"11":{"start":{"line":76,"column":25},"end":{"line":76,"column":47}},"12":{"start":{"line":78,"column":23},"end":{"line":78,"column":90}},"13":{"start":{"line":80,"column":6},"end":{"line":103,"column":7}},"14":{"start":{"line":82,"column":27},"end":{"line":82,"column":87}},"15":{"start":{"line":83,"column":25},"end":{"line":83,"column":80}},"16":{"start":{"line":84,"column":8},"end":{"line":102,"column":9}},"17":{"start":{"line":85,"column":10},"end":{"line":101,"column":13}},"18":{"start":{"line":106,"column":4},"end":{"line":106,"column":17}},"19":{"start":{"line":118,"column":14},"end":{"line":118,"column":18}},"20":{"start":{"line":119,"column":17},"end":{"line":119,"column":42}},"21":{"start":{"line":120,"column":17},"end":{"line":120,"column":42}},"22":{"start":{"line":122,"column":6},"end":{"line":126,"column":26}},"23":{"start":{"line":127,"column":14},"end":{"line":127,"column":60}},"24":{"start":{"line":128,"column":21},"end":{"line":128,"column":26}},"25":{"start":{"line":129,"column":4},"end":{"line":129,"column":20}},"26":{"start":{"line":133,"column":4},"end":{"line":133,"column":33}},"27":{"start":{"line":144,"column":15},"end":{"line":144,"column":33}},"28":{"start":{"line":145,"column":21},"end":{"line":145,"column":43}},"29":{"start":{"line":147,"column":16},"end":{"line":147,"column":46}},"30":{"start":{"line":148,"column":4},"end":{"line":150,"column":5}},"31":{"start":{"line":149,"column":6},"end":{"line":149,"column":48}},"32":{"start":{"line":152,"column":23},"end":{"line":152,"column":45}},"33":{"start":{"line":155,"column":4},"end":{"line":157,"column":5}},"34":{"start":{"line":156,"column":6},"end":{"line":156,"column":86}},"35":{"start":{"line":160,"column":38},"end":{"line":167,"column":5}},"36":{"start":{"line":170,"column":29},"end":{"line":179,"column":5}},"37":{"start":{"line":181,"column":48},"end":{"line":184,"column":5}},"38":{"start":{"line":186,"column":25},"end":{"line":189,"column":5}},"39":{"start":{"line":191,"column":4},"end":{"line":193,"column":7}},"40":{"start":{"line":196,"column":23},"end":{"line":196,"column":47}},"41":{"start":{"line":197,"column":17},"end":{"line":197,"column":50}},"42":{"start":{"line":198,"column":21},"end":{"line":198,"column":72}},"43":{"start":{"line":200,"column":4},"end":{"line":211,"column":5}},"44":{"start":{"line":202,"column":34},"end":{"line":202,"column":79}},"45":{"start":{"line":203,"column":6},"end":{"line":210,"column":8}},"46":{"start":{"line":215,"column":4},"end":{"line":215,"column":20}},"47":{"start":{"line":227,"column":15},"end":{"line":227,"column":33}},"48":{"start":{"line":228,"column":21},"end":{"line":228,"column":43}},"49":{"start":{"line":229,"column":23},"end":{"line":229,"column":47}},"50":{"start":{"line":232,"column":16},"end":{"line":232,"column":46}},"51":{"start":{"line":233,"column":17},"end":{"line":233,"column":50}},"52":{"start":{"line":234,"column":23},"end":{"line":234,"column":79}},"53":{"start":{"line":235,"column":21},"end":{"line":235,"column":76}},"54":{"start":{"line":237,"column":4},"end":{"line":239,"column":5}},"55":{"start":{"line":238,"column":6},"end":{"line":238,"column":46}},"56":{"start":{"line":241,"column":23},"end":{"line":241,"column":45}},"57":{"start":{"line":244,"column":29},"end":{"line":252,"column":5}},"58":{"start":{"line":245,"column":6},"end":{"line":251,"column":11}},"59":{"start":{"line":254,"column":48},"end":{"line":257,"column":5}},"60":{"start":{"line":260,"column":4},"end":{"line":304,"column":5}},"61":{"start":{"line":261,"column":29},"end":{"line":261,"column":84}},"62":{"start":{"line":261,"column":64},"end":{"line":261,"column":83}},"63":{"start":{"line":262,"column":6},"end":{"line":270,"column":7}},"64":{"start":{"line":263,"column":8},"end":{"line":269,"column":11}},"65":{"start":{"line":273,"column":32},"end":{"line":273,"column":63}},"66":{"start":{"line":276,"column":37},"end":{"line":276,"column":81}},"67":{"start":{"line":277,"column":39},"end":{"line":279,"column":7}},"68":{"start":{"line":278,"column":13},"end":{"line":278,"column":60}},"69":{"start":{"line":281,"column":6},"end":{"line":303,"column":7}},"70":{"start":{"line":283,"column":31},"end":{"line":283,"column":62}},"71":{"start":{"line":284,"column":8},"end":{"line":296,"column":11}},"72":{"start":{"line":297,"column":13},"end":{"line":303,"column":7}},"73":{"start":{"line":299,"column":8},"end":{"line":302,"column":11}},"74":{"start":{"line":306,"column":25},"end":{"line":309,"column":5}},"75":{"start":{"line":311,"column":4},"end":{"line":313,"column":7}},"76":{"start":{"line":316,"column":32},"end":{"line":316,"column":77}},"77":{"start":{"line":317,"column":4},"end":{"line":333,"column":5}},"78":{"start":{"line":318,"column":6},"end":{"line":324,"column":8}},"79":{"start":{"line":326,"column":6},"end":{"line":332,"column":8}},"80":{"start":{"line":338,"column":46},"end":{"line":338,"column":50}},"81":{"start":{"line":340,"column":30},"end":{"line":345,"column":1}},"82":{"start":{"line":341,"column":2},"end":{"line":343,"column":3}},"83":{"start":{"line":342,"column":4},"end":{"line":342,"column":44}},"84":{"start":{"line":344,"column":2},"end":{"line":344,"column":29}}},"fnMap":{"0":{"name":"(anonymous_0)","decl":{"start":{"line":44,"column":2},"end":{"line":44,"column":3}},"loc":{"start":{"line":44,"column":16},"end":{"line":46,"column":3}},"line":44},"1":{"name":"(anonymous_1)","decl":{"start":{"line":48,"column":2},"end":{"line":48,"column":3}},"loc":{"start":{"line":48,"column":24},"end":{"line":53,"column":3}},"line":48},"2":{"name":"(anonymous_2)","decl":{"start":{"line":58,"column":2},"end":{"line":58,"column":3}},"loc":{"start":{"line":62,"column":21},"end":{"line":107,"column":3}},"line":62},"3":{"name":"(anonymous_3)","decl":{"start":{"line":112,"column":2},"end":{"line":112,"column":3}},"loc":{"start":{"line":117,"column":12},"end":{"line":130,"column":3}},"line":117},"4":{"name":"(anonymous_4)","decl":{"start":{"line":132,"column":2},"end":{"line":132,"column":3}},"loc":{"start":{"line":132,"column":39},"end":{"line":134,"column":3}},"line":132},"5":{"name":"(anonymous_5)","decl":{"start":{"line":139,"column":2},"end":{"line":139,"column":3}},"loc":{"start":{"line":143,"column":30},"end":{"line":216,"column":3}},"line":143},"6":{"name":"(anonymous_6)","decl":{"start":{"line":221,"column":2},"end":{"line":221,"column":3}},"loc":{"start":{"line":226,"column":19},"end":{"line":334,"column":3}},"line":226},"7":{"name":"(anonymous_7)","decl":{"start":{"line":244,"column":61},"end":{"line":244,"column":62}},"loc":{"start":{"line":245,"column":6},"end":{"line":251,"column":11}},"line":245},"8":{"name":"(anonymous_8)","decl":{"start":{"line":261,"column":57},"end":{"line":261,"column":58}},"loc":{"start":{"line":261,"column":64},"end":{"line":261,"column":83}},"line":261},"9":{"name":"(anonymous_9)","decl":{"start":{"line":278,"column":8},"end":{"line":278,"column":9}},"loc":{"start":{"line":278,"column":13},"end":{"line":278,"column":60}},"line":278},"10":{"name":"(anonymous_10)","decl":{"start":{"line":340,"column":30},"end":{"line":340,"column":31}},"loc":{"start":{"line":340,"column":64},"end":{"line":345,"column":1}},"line":340}},"branchMap":{"0":{"loc":{"start":{"line":49,"column":4},"end":{"line":51,"column":5}},"type":"if","locations":[{"start":{"line":49,"column":4},"end":{"line":51,"column":5}},{"start":{},"end":{}}],"line":49},"1":{"loc":{"start":{"line":75,"column":25},"end":{"line":75,"column":46}},"type":"binary-expr","locations":[{"start":{"line":75,"column":25},"end":{"line":75,"column":41}},{"start":{"line":75,"column":45},"end":{"line":75,"column":46}}],"line":75},"2":{"loc":{"start":{"line":76,"column":25},"end":{"line":76,"column":47}},"type":"binary-expr","locations":[{"start":{"line":76,"column":25},"end":{"line":76,"column":42}},{"start":{"line":76,"column":46},"end":{"line":76,"column":47}}],"line":76},"3":{"loc":{"start":{"line":80,"column":6},"end":{"line":103,"column":7}},"type":"if","locations":[{"start":{"line":80,"column":6},"end":{"line":103,"column":7}},{"start":{},"end":{}}],"line":80},"4":{"loc":{"start":{"line":82,"column":27},"end":{"line":82,"column":87}},"type":"binary-expr","locations":[{"start":{"line":82,"column":27},"end":{"line":82,"column":59}},{"start":{"line":82,"column":63},"end":{"line":82,"column":87}}],"line":82},"5":{"loc":{"start":{"line":83,"column":25},"end":{"line":83,"column":80}},"type":"cond-expr","locations":[{"start":{"line":83,"column":38},"end":{"line":83,"column":73}},{"start":{"line":83,"column":76},"end":{"line":83,"column":80}}],"line":83},"6":{"loc":{"start":{"line":84,"column":8},"end":{"line":102,"column":9}},"type":"if","locations":[{"start":{"line":84,"column":8},"end":{"line":102,"column":9}},{"start":{},"end":{}}],"line":84},"7":{"loc":{"start":{"line":87,"column":18},"end":{"line":87,"column":49}},"type":"binary-expr","locations":[{"start":{"line":87,"column":18},"end":{"line":87,"column":29}},{"start":{"line":87,"column":33},"end":{"line":87,"column":49}}],"line":87},"8":{"loc":{"start":{"line":88,"column":18},"end":{"line":88,"column":37}},"type":"binary-expr","locations":[{"start":{"line":88,"column":18},"end":{"line":88,"column":31}},{"start":{"line":88,"column":35},"end":{"line":88,"column":37}}],"line":88},"9":{"loc":{"start":{"line":89,"column":20},"end":{"line":89,"column":40}},"type":"binary-expr","locations":[{"start":{"line":89,"column":20},"end":{"line":89,"column":34}},{"start":{"line":89,"column":38},"end":{"line":89,"column":40}}],"line":89},"10":{"loc":{"start":{"line":92,"column":22},"end":{"line":92,"column":51}},"type":"binary-expr","locations":[{"start":{"line":92,"column":22},"end":{"line":92,"column":46}},{"start":{"line":92,"column":50},"end":{"line":92,"column":51}}],"line":92},"11":{"loc":{"start":{"line":93,"column":22},"end":{"line":93,"column":51}},"type":"binary-expr","locations":[{"start":{"line":93,"column":22},"end":{"line":93,"column":46}},{"start":{"line":93,"column":50},"end":{"line":93,"column":51}}],"line":93},"12":{"loc":{"start":{"line":94,"column":22},"end":{"line":94,"column":58}},"type":"binary-expr","locations":[{"start":{"line":94,"column":22},"end":{"line":94,"column":42}},{"start":{"line":94,"column":46},"end":{"line":94,"column":58}}],"line":94},"13":{"loc":{"start":{"line":148,"column":4},"end":{"line":150,"column":5}},"type":"if","locations":[{"start":{"line":148,"column":4},"end":{"line":150,"column":5}},{"start":{},"end":{}}],"line":148},"14":{"loc":{"start":{"line":148,"column":8},"end":{"line":148,"column":40}},"type":"binary-expr","locations":[{"start":{"line":148,"column":8},"end":{"line":148,"column":12}},{"start":{"line":148,"column":16},"end":{"line":148,"column":40}}],"line":148},"15":{"loc":{"start":{"line":155,"column":4},"end":{"line":157,"column":5}},"type":"if","locations":[{"start":{"line":155,"column":4},"end":{"line":157,"column":5}},{"start":{},"end":{}}],"line":155},"16":{"loc":{"start":{"line":171,"column":10},"end":{"line":171,"column":43}},"type":"binary-expr","locations":[{"start":{"line":171,"column":10},"end":{"line":171,"column":37}},{"start":{"line":171,"column":41},"end":{"line":171,"column":43}}],"line":171},"17":{"loc":{"start":{"line":198,"column":21},"end":{"line":198,"column":72}},"type":"cond-expr","locations":[{"start":{"line":198,"column":28},"end":{"line":198,"column":65}},{"start":{"line":198,"column":68},"end":{"line":198,"column":72}}],"line":198},"18":{"loc":{"start":{"line":200,"column":4},"end":{"line":211,"column":5}},"type":"if","locations":[{"start":{"line":200,"column":4},"end":{"line":211,"column":5}},{"start":{},"end":{}}],"line":200},"19":{"loc":{"start":{"line":200,"column":8},"end":{"line":200,"column":38}},"type":"binary-expr","locations":[{"start":{"line":200,"column":8},"end":{"line":200,"column":12}},{"start":{"line":200,"column":16},"end":{"line":200,"column":24}},{"start":{"line":200,"column":28},"end":{"line":200,"column":38}}],"line":200},"20":{"loc":{"start":{"line":209,"column":8},"end":{"line":209,"column":36}},"type":"binary-expr","locations":[{"start":{"line":209,"column":8},"end":{"line":209,"column":25}},{"start":{"line":209,"column":29},"end":{"line":209,"column":36}}],"line":209},"21":{"loc":{"start":{"line":234,"column":23},"end":{"line":234,"column":79}},"type":"binary-expr","locations":[{"start":{"line":234,"column":23},"end":{"line":234,"column":53}},{"start":{"line":234,"column":57},"end":{"line":234,"column":79}}],"line":234},"22":{"loc":{"start":{"line":235,"column":21},"end":{"line":235,"column":76}},"type":"cond-expr","locations":[{"start":{"line":235,"column":34},"end":{"line":235,"column":69}},{"start":{"line":235,"column":72},"end":{"line":235,"column":76}}],"line":235},"23":{"loc":{"start":{"line":237,"column":4},"end":{"line":239,"column":5}},"type":"if","locations":[{"start":{"line":237,"column":4},"end":{"line":239,"column":5}},{"start":{},"end":{}}],"line":237},"24":{"loc":{"start":{"line":237,"column":8},"end":{"line":237,"column":62}},"type":"binary-expr","locations":[{"start":{"line":237,"column":8},"end":{"line":237,"column":12}},{"start":{"line":237,"column":16},"end":{"line":237,"column":40}},{"start":{"line":237,"column":44},"end":{"line":237,"column":49}},{"start":{"line":237,"column":53},"end":{"line":237,"column":62}}],"line":237},"25":{"loc":{"start":{"line":245,"column":6},"end":{"line":251,"column":11}},"type":"cond-expr","locations":[{"start":{"line":246,"column":10},"end":{"line":250,"column":11}},{"start":{"line":251,"column":10},"end":{"line":251,"column":11}}],"line":245},"26":{"loc":{"start":{"line":245,"column":6},"end":{"line":245,"column":51}},"type":"binary-expr","locations":[{"start":{"line":245,"column":6},"end":{"line":245,"column":25}},{"start":{"line":245,"column":29},"end":{"line":245,"column":51}}],"line":245},"27":{"loc":{"start":{"line":260,"column":4},"end":{"line":304,"column":5}},"type":"if","locations":[{"start":{"line":260,"column":4},"end":{"line":304,"column":5}},{"start":{},"end":{}}],"line":260},"28":{"loc":{"start":{"line":262,"column":6},"end":{"line":270,"column":7}},"type":"if","locations":[{"start":{"line":262,"column":6},"end":{"line":270,"column":7}},{"start":{},"end":{}}],"line":262},"29":{"loc":{"start":{"line":265,"column":20},"end":{"line":265,"column":39}},"type":"binary-expr","locations":[{"start":{"line":265,"column":20},"end":{"line":265,"column":28}},{"start":{"line":265,"column":32},"end":{"line":265,"column":39}}],"line":265},"30":{"loc":{"start":{"line":278,"column":13},"end":{"line":278,"column":60}},"type":"binary-expr","locations":[{"start":{"line":278,"column":13},"end":{"line":278,"column":32}},{"start":{"line":278,"column":36},"end":{"line":278,"column":60}}],"line":278},"31":{"loc":{"start":{"line":281,"column":6},"end":{"line":303,"column":7}},"type":"if","locations":[{"start":{"line":281,"column":6},"end":{"line":303,"column":7}},{"start":{"line":297,"column":13},"end":{"line":303,"column":7}}],"line":281},"32":{"loc":{"start":{"line":287,"column":15},"end":{"line":287,"column":28}},"type":"binary-expr","locations":[{"start":{"line":287,"column":15},"end":{"line":287,"column":22}},{"start":{"line":287,"column":26},"end":{"line":287,"column":28}}],"line":287},"33":{"loc":{"start":{"line":288,"column":18},"end":{"line":288,"column":34}},"type":"binary-expr","locations":[{"start":{"line":288,"column":18},"end":{"line":288,"column":28}},{"start":{"line":288,"column":32},"end":{"line":288,"column":34}}],"line":288},"34":{"loc":{"start":{"line":289,"column":17},"end":{"line":289,"column":32}},"type":"binary-expr","locations":[{"start":{"line":289,"column":17},"end":{"line":289,"column":26}},{"start":{"line":289,"column":30},"end":{"line":289,"column":32}}],"line":289},"35":{"loc":{"start":{"line":290,"column":21},"end":{"line":290,"column":47}},"type":"binary-expr","locations":[{"start":{"line":290,"column":21},"end":{"line":290,"column":34}},{"start":{"line":290,"column":38},"end":{"line":290,"column":47}}],"line":290},"36":{"loc":{"start":{"line":297,"column":13},"end":{"line":303,"column":7}},"type":"if","locations":[{"start":{"line":297,"column":13},"end":{"line":303,"column":7}},{"start":{},"end":{}}],"line":297},"37":{"loc":{"start":{"line":317,"column":4},"end":{"line":333,"column":5}},"type":"if","locations":[{"start":{"line":317,"column":4},"end":{"line":333,"column":5}},{"start":{"line":325,"column":11},"end":{"line":333,"column":5}}],"line":317},"38":{"loc":{"start":{"line":322,"column":8},"end":{"line":322,"column":36}},"type":"binary-expr","locations":[{"start":{"line":322,"column":8},"end":{"line":322,"column":25}},{"start":{"line":322,"column":29},"end":{"line":322,"column":36}}],"line":322},"39":{"loc":{"start":{"line":330,"column":8},"end":{"line":330,"column":36}},"type":"binary-expr","locations":[{"start":{"line":330,"column":8},"end":{"line":330,"column":25}},{"start":{"line":330,"column":29},"end":{"line":330,"column":36}}],"line":330},"40":{"loc":{"start":{"line":341,"column":2},"end":{"line":343,"column":3}},"type":"if","locations":[{"start":{"line":341,"column":2},"end":{"line":343,"column":3}},{"start":{},"end":{}}],"line":341}},"s":{"0":11,"1":9,"2":9,"3":9,"4":3,"5":3,"6":3,"7":3,"8":3,"9":3,"10":4,"11":4,"12":4,"13":4,"14":3,"15":3,"16":3,"17":3,"18":3,"19":6,"20":6,"21":6,"22":6,"23":6,"24":6,"25":6,"26":24,"27":3,"28":3,"29":3,"30":3,"31":1,"32":2,"33":2,"34":1,"35":1,"36":1,"37":1,"38":1,"39":1,"40":0,"41":0,"42":0,"43":0,"44":0,"45":0,"46":0,"47":3,"48":3,"49":3,"50":3,"51":3,"52":3,"53":3,"54":3,"55":1,"56":2,"57":2,"58":2,"59":2,"60":2,"61":1,"62":0,"63":1,"64":1,"65":1,"66":1,"67":1,"68":0,"69":1,"70":1,"71":1,"72":0,"73":0,"74":2,"75":2,"76":0,"77":0,"78":0,"79":0,"80":1,"81":1,"82":0,"83":0,"84":0},"f":{"0":11,"1":9,"2":3,"3":6,"4":24,"5":3,"6":3,"7":2,"8":0,"9":0,"10":0},"b":{"0":[9,0],"1":[4,0],"2":[4,0],"3":[3,1],"4":[3,0],"5":[3,0],"6":[3,0],"7":[3,0],"8":[3,1],"9":[3,1],"10":[3,1],"11":[3,1],"12":[3,1],"13":[1,2],"14":[3,2],"15":[1,1],"16":[1,0],"17":[0,0],"18":[0,0],"19":[0,0,0],"20":[0,0],"21":[3,3],"22":[2,1],"23":[1,2],"24":[3,2,2,2],"25":[2,0],"26":[2,2],"27":[1,1],"28":[1,0],"29":[1,0],"30":[0,0],"31":[1,0],"32":[1,1],"33":[1,1],"34":[1,1],"35":[1,1],"36":[0,0],"37":[0,0],"38":[0,0],"39":[0,0],"40":[0,0]},"_coverageSchema":"1a1c01bbd47fc00a2c39e90264f33305004495a9","hash":"4f19615209ed2e5fe243e34b81e785e81b6436c3"}
,"C:\\Users\\HP\\developpement_farm-1\\src\\services\\PorkPriceTrendService.ts": {"path":"C:\\Users\\HP\\developpement_farm-1\\src\\services\\PorkPriceTrendService.ts","statementMap":{"0":{"start":{"line":25,"column":31},"end":{"line":25,"column":35}},"1":{"start":{"line":32,"column":12},"end":{"line":32,"column":83}},"2":{"start":{"line":33,"column":17},"end":{"line":33,"column":35}},"3":{"start":{"line":34,"column":2},"end":{"line":34,"column":44}},"4":{"start":{"line":35,"column":20},"end":{"line":35,"column":64}},"5":{"start":{"line":36,"column":21},"end":{"line":36,"column":88}},"6":{"start":{"line":37,"column":2},"end":{"line":37,"column":50}},"7":{"start":{"line":44,"column":12},"end":{"line":44,"column":26}},"8":{"start":{"line":45,"column":14},"end":{"line":45,"column":24}},"9":{"start":{"line":46,"column":15},"end":{"line":46,"column":55}},"10":{"start":{"line":47,"column":2},"end":{"line":47,"column":35}},"11":{"start":{"line":54,"column":51},"end":{"line":54,"column":70}},"12":{"start":{"line":55,"column":2},"end":{"line":55,"column":54}},"13":{"start":{"line":68,"column":4},"end":{"line":68,"column":17}},"14":{"start":{"line":69,"column":4},"end":{"line":69,"column":60}},"15":{"start":{"line":70,"column":4},"end":{"line":70,"column":68}},"16":{"start":{"line":71,"column":4},"end":{"line":71,"column":56}},"17":{"start":{"line":72,"column":4},"end":{"line":72,"column":60}},"18":{"start":{"line":73,"column":4},"end":{"line":73,"column":47}},"19":{"start":{"line":74,"column":4},"end":{"line":74,"column":45}},"20":{"start":{"line":83,"column":25},"end":{"line":83,"column":85}},"21":{"start":{"line":85,"column":22},"end":{"line":85,"column":23}},"22":{"start":{"line":86,"column":21},"end":{"line":86,"column":22}},"23":{"start":{"line":87,"column":28},"end":{"line":87,"column":29}},"24":{"start":{"line":89,"column":4},"end":{"line":107,"column":5}},"25":{"start":{"line":90,"column":6},"end":{"line":102,"column":7}},"26":{"start":{"line":91,"column":24},"end":{"line":91,"column":78}},"27":{"start":{"line":92,"column":8},"end":{"line":101,"column":9}},"28":{"start":{"line":94,"column":25},"end":{"line":94,"column":91}},"29":{"start":{"line":95,"column":10},"end":{"line":100,"column":11}},"30":{"start":{"line":96,"column":31},"end":{"line":96,"column":62}},"31":{"start":{"line":97,"column":12},"end":{"line":97,"column":34}},"32":{"start":{"line":98,"column":12},"end":{"line":98,"column":49}},"33":{"start":{"line":99,"column":12},"end":{"line":99,"column":32}},"34":{"start":{"line":104,"column":6},"end":{"line":106,"column":7}},"35":{"start":{"line":105,"column":8},"end":{"line":105,"column":52}},"36":{"start":{"line":110,"column":22},"end":{"line":110,"column":23}},"37":{"start":{"line":111,"column":4},"end":{"line":147,"column":5}},"38":{"start":{"line":112,"column":29},"end":{"line":112,"column":82}},"39":{"start":{"line":113,"column":6},"end":{"line":113,"column":42}},"40":{"start":{"line":115,"column":6},"end":{"line":146,"column":7}},"41":{"start":{"line":116,"column":32},"end":{"line":116,"column":33}},"42":{"start":{"line":117,"column":31},"end":{"line":117,"column":32}},"43":{"start":{"line":119,"column":8},"end":{"line":129,"column":9}},"44":{"start":{"line":120,"column":26},"end":{"line":120,"column":74}},"45":{"start":{"line":121,"column":10},"end":{"line":128,"column":11}},"46":{"start":{"line":122,"column":27},"end":{"line":122,"column":87}},"47":{"start":{"line":123,"column":12},"end":{"line":127,"column":13}},"48":{"start":{"line":124,"column":33},"end":{"line":124,"column":61}},"49":{"start":{"line":125,"column":14},"end":{"line":125,"column":42}},"50":{"start":{"line":126,"column":14},"end":{"line":126,"column":54}},"51":{"start":{"line":131,"column":8},"end":{"line":145,"column":9}},"52":{"start":{"line":132,"column":33},"end":{"line":132,"column":69}},"53":{"start":{"line":134,"column":10},"end":{"line":144,"column":11}},"54":{"start":{"line":135,"column":35},"end":{"line":135,"column":66}},"55":{"start":{"line":136,"column":34},"end":{"line":136,"column":63}},"56":{"start":{"line":137,"column":12},"end":{"line":137,"column":62}},"57":{"start":{"line":138,"column":12},"end":{"line":138,"column":41}},"58":{"start":{"line":139,"column":12},"end":{"line":139,"column":39}},"59":{"start":{"line":141,"column":12},"end":{"line":141,"column":46}},"60":{"start":{"line":142,"column":12},"end":{"line":142,"column":44}},"61":{"start":{"line":143,"column":12},"end":{"line":143,"column":42}},"62":{"start":{"line":150,"column":24},"end":{"line":150,"column":25}},"63":{"start":{"line":151,"column":4},"end":{"line":182,"column":5}},"64":{"start":{"line":152,"column":29},"end":{"line":152,"column":82}},"65":{"start":{"line":153,"column":6},"end":{"line":153,"column":44}},"66":{"start":{"line":155,"column":6},"end":{"line":181,"column":7}},"67":{"start":{"line":156,"column":34},"end":{"line":156,"column":35}},"68":{"start":{"line":157,"column":33},"end":{"line":157,"column":34}},"69":{"start":{"line":159,"column":8},"end":{"line":164,"column":9}},"70":{"start":{"line":160,"column":10},"end":{"line":163,"column":11}},"71":{"start":{"line":161,"column":12},"end":{"line":161,"column":50}},"72":{"start":{"line":162,"column":12},"end":{"line":162,"column":70}},"73":{"start":{"line":166,"column":8},"end":{"line":180,"column":9}},"74":{"start":{"line":167,"column":35},"end":{"line":167,"column":75}},"75":{"start":{"line":169,"column":10},"end":{"line":179,"column":11}},"76":{"start":{"line":170,"column":35},"end":{"line":170,"column":68}},"77":{"start":{"line":171,"column":34},"end":{"line":171,"column":65}},"78":{"start":{"line":172,"column":12},"end":{"line":172,"column":62}},"79":{"start":{"line":173,"column":12},"end":{"line":173,"column":41}},"80":{"start":{"line":174,"column":12},"end":{"line":174,"column":39}},"81":{"start":{"line":176,"column":12},"end":{"line":176,"column":48}},"82":{"start":{"line":177,"column":12},"end":{"line":177,"column":46}},"83":{"start":{"line":178,"column":12},"end":{"line":178,"column":44}},"84":{"start":{"line":185,"column":29},"end":{"line":185,"column":51}},"85":{"start":{"line":186,"column":74},"end":{"line":186,"column":84}},"86":{"start":{"line":187,"column":4},"end":{"line":194,"column":5}},"87":{"start":{"line":188,"column":6},"end":{"line":188,"column":42}},"88":{"start":{"line":189,"column":6},"end":{"line":189,"column":34}},"89":{"start":{"line":190,"column":11},"end":{"line":194,"column":5}},"90":{"start":{"line":191,"column":6},"end":{"line":191,"column":34}},"91":{"start":{"line":192,"column":11},"end":{"line":194,"column":5}},"92":{"start":{"line":193,"column":6},"end":{"line":193,"column":32}},"93":{"start":{"line":197,"column":55},"end":{"line":208,"column":5}},"94":{"start":{"line":210,"column":4},"end":{"line":210,"column":44}},"95":{"start":{"line":217,"column":16},"end":{"line":217,"column":26}},"96":{"start":{"line":218,"column":59},"end":{"line":218,"column":77}},"97":{"start":{"line":219,"column":43},"end":{"line":219,"column":45}},"98":{"start":{"line":222,"column":4},"end":{"line":238,"column":5}},"99":{"start":{"line":222,"column":17},"end":{"line":222,"column":18}},"100":{"start":{"line":223,"column":17},"end":{"line":223,"column":28}},"101":{"start":{"line":224,"column":17},"end":{"line":224,"column":32}},"102":{"start":{"line":227,"column":6},"end":{"line":230,"column":7}},"103":{"start":{"line":228,"column":8},"end":{"line":228,"column":15}},"104":{"start":{"line":229,"column":8},"end":{"line":229,"column":19}},"105":{"start":{"line":232,"column":6},"end":{"line":237,"column":7}},"106":{"start":{"line":233,"column":22},"end":{"line":233,"column":65}},"107":{"start":{"line":234,"column":8},"end":{"line":234,"column":27}},"108":{"start":{"line":236,"column":8},"end":{"line":236,"column":91}},"109":{"start":{"line":241,"column":4},"end":{"line":246,"column":5}},"110":{"start":{"line":242,"column":27},"end":{"line":242,"column":84}},"111":{"start":{"line":243,"column":6},"end":{"line":243,"column":32}},"112":{"start":{"line":245,"column":6},"end":{"line":245,"column":92}},"113":{"start":{"line":248,"column":4},"end":{"line":251,"column":7}},"114":{"start":{"line":249,"column":6},"end":{"line":249,"column":52}},"115":{"start":{"line":249,"column":29},"end":{"line":249,"column":52}},"116":{"start":{"line":250,"column":6},"end":{"line":250,"column":41}},"117":{"start":{"line":262,"column":17},"end":{"line":264,"column":5}},"118":{"start":{"line":266,"column":43},"end":{"line":294,"column":7}},"119":{"start":{"line":266,"column":62},"end":{"line":294,"column":5}},"120":{"start":{"line":296,"column":4},"end":{"line":300,"column":7}},"121":{"start":{"line":297,"column":6},"end":{"line":297,"column":39}},"122":{"start":{"line":297,"column":26},"end":{"line":297,"column":39}},"123":{"start":{"line":298,"column":28},"end":{"line":298,"column":51}},"124":{"start":{"line":299,"column":6},"end":{"line":299,"column":59}},"125":{"start":{"line":308,"column":17},"end":{"line":310,"column":5}},"126":{"start":{"line":312,"column":31},"end":{"line":327,"column":7}},"127":{"start":{"line":312,"column":50},"end":{"line":327,"column":5}},"128":{"start":{"line":329,"column":4},"end":{"line":333,"column":7}},"129":{"start":{"line":330,"column":6},"end":{"line":330,"column":39}},"130":{"start":{"line":330,"column":26},"end":{"line":330,"column":39}},"131":{"start":{"line":331,"column":28},"end":{"line":331,"column":51}},"132":{"start":{"line":332,"column":6},"end":{"line":332,"column":59}},"133":{"start":{"line":343,"column":24},"end":{"line":343,"column":56}},"134":{"start":{"line":344,"column":4},"end":{"line":348,"column":7}},"135":{"start":{"line":345,"column":6},"end":{"line":345,"column":49}},"136":{"start":{"line":345,"column":36},"end":{"line":345,"column":49}},"137":{"start":{"line":346,"column":25},"end":{"line":346,"column":45}},"138":{"start":{"line":347,"column":6},"end":{"line":347,"column":56}},"139":{"start":{"line":355,"column":22},"end":{"line":355,"column":23}},"140":{"start":{"line":357,"column":4},"end":{"line":369,"column":5}},"141":{"start":{"line":359,"column":24},"end":{"line":359,"column":72}},"142":{"start":{"line":360,"column":6},"end":{"line":368,"column":7}},"143":{"start":{"line":361,"column":8},"end":{"line":361,"column":42}},"144":{"start":{"line":364,"column":23},"end":{"line":364,"column":64}},"145":{"start":{"line":365,"column":8},"end":{"line":367,"column":9}},"146":{"start":{"line":366,"column":10},"end":{"line":366,"column":46}},"147":{"start":{"line":371,"column":4},"end":{"line":371,"column":23}},"148":{"start":{"line":378,"column":4},"end":{"line":378,"column":44}},"149":{"start":{"line":385,"column":66},"end":{"line":385,"column":70}},"150":{"start":{"line":388,"column":2},"end":{"line":393,"column":3}},"151":{"start":{"line":389,"column":4},"end":{"line":391,"column":5}},"152":{"start":{"line":390,"column":6},"end":{"line":390,"column":67}},"153":{"start":{"line":392,"column":4},"end":{"line":392,"column":66}},"154":{"start":{"line":394,"column":2},"end":{"line":394,"column":39}}},"fnMap":{"0":{"name":"getWeekNumber","decl":{"start":{"line":31,"column":9},"end":{"line":31,"column":22}},"loc":{"start":{"line":31,"column":73},"end":{"line":38,"column":1}},"line":31},"1":{"name":"getMondayOfWeek","decl":{"start":{"line":43,"column":9},"end":{"line":43,"column":24}},"loc":{"start":{"line":43,"column":43},"end":{"line":48,"column":1}},"line":43},"2":{"name":"isDateInWeek","decl":{"start":{"line":53,"column":9},"end":{"line":53,"column":21}},"loc":{"start":{"line":53,"column":77},"end":{"line":56,"column":1}},"line":53},"3":{"name":"(anonymous_3)","decl":{"start":{"line":67,"column":2},"end":{"line":67,"column":3}},"loc":{"start":{"line":67,"column":34},"end":{"line":75,"column":3}},"line":67},"4":{"name":"(anonymous_4)","decl":{"start":{"line":81,"column":2},"end":{"line":81,"column":3}},"loc":{"start":{"line":81,"column":94},"end":{"line":211,"column":3}},"line":81},"5":{"name":"(anonymous_5)","decl":{"start":{"line":216,"column":2},"end":{"line":216,"column":3}},"loc":{"start":{"line":216,"column":64},"end":{"line":252,"column":3}},"line":216},"6":{"name":"(anonymous_6)","decl":{"start":{"line":248,"column":23},"end":{"line":248,"column":24}},"loc":{"start":{"line":248,"column":33},"end":{"line":251,"column":5}},"line":248},"7":{"name":"(anonymous_7)","decl":{"start":{"line":257,"column":2},"end":{"line":257,"column":3}},"loc":{"start":{"line":260,"column":28},"end":{"line":301,"column":3}},"line":260},"8":{"name":"(anonymous_8)","decl":{"start":{"line":266,"column":52},"end":{"line":266,"column":53}},"loc":{"start":{"line":266,"column":62},"end":{"line":294,"column":5}},"line":266},"9":{"name":"(anonymous_9)","decl":{"start":{"line":296,"column":34},"end":{"line":296,"column":35}},"loc":{"start":{"line":296,"column":41},"end":{"line":300,"column":5}},"line":296},"10":{"name":"(anonymous_10)","decl":{"start":{"line":306,"column":2},"end":{"line":306,"column":3}},"loc":{"start":{"line":306,"column":93},"end":{"line":334,"column":3}},"line":306},"11":{"name":"(anonymous_11)","decl":{"start":{"line":312,"column":40},"end":{"line":312,"column":41}},"loc":{"start":{"line":312,"column":50},"end":{"line":327,"column":5}},"line":312},"12":{"name":"(anonymous_12)","decl":{"start":{"line":329,"column":28},"end":{"line":329,"column":29}},"loc":{"start":{"line":329,"column":35},"end":{"line":333,"column":5}},"line":329},"13":{"name":"(anonymous_13)","decl":{"start":{"line":339,"column":2},"end":{"line":339,"column":3}},"loc":{"start":{"line":342,"column":35},"end":{"line":349,"column":3}},"line":342},"14":{"name":"(anonymous_14)","decl":{"start":{"line":344,"column":30},"end":{"line":344,"column":31}},"loc":{"start":{"line":344,"column":37},"end":{"line":348,"column":5}},"line":344},"15":{"name":"(anonymous_15)","decl":{"start":{"line":354,"column":2},"end":{"line":354,"column":3}},"loc":{"start":{"line":354,"column":87},"end":{"line":372,"column":3}},"line":354},"16":{"name":"(anonymous_16)","decl":{"start":{"line":377,"column":2},"end":{"line":377,"column":3}},"loc":{"start":{"line":377,"column":64},"end":{"line":379,"column":3}},"line":377},"17":{"name":"getPorkPriceTrendService","decl":{"start":{"line":387,"column":16},"end":{"line":387,"column":40}},"loc":{"start":{"line":387,"column":85},"end":{"line":395,"column":1}},"line":387}},"branchMap":{"0":{"loc":{"start":{"line":33,"column":17},"end":{"line":33,"column":35}},"type":"binary-expr","locations":[{"start":{"line":33,"column":17},"end":{"line":33,"column":30}},{"start":{"line":33,"column":34},"end":{"line":33,"column":35}}],"line":33},"1":{"loc":{"start":{"line":46,"column":36},"end":{"line":46,"column":54}},"type":"cond-expr","locations":[{"start":{"line":46,"column":48},"end":{"line":46,"column":50}},{"start":{"line":46,"column":53},"end":{"line":46,"column":54}}],"line":46},"2":{"loc":{"start":{"line":55,"column":9},"end":{"line":55,"column":53}},"type":"binary-expr","locations":[{"start":{"line":55,"column":9},"end":{"line":55,"column":26}},{"start":{"line":55,"column":30},"end":{"line":55,"column":53}}],"line":55},"3":{"loc":{"start":{"line":89,"column":4},"end":{"line":107,"column":5}},"type":"if","locations":[{"start":{"line":89,"column":4},"end":{"line":107,"column":5}},{"start":{},"end":{}}],"line":89},"4":{"loc":{"start":{"line":92,"column":8},"end":{"line":101,"column":9}},"type":"if","locations":[{"start":{"line":92,"column":8},"end":{"line":101,"column":9}},{"start":{},"end":{}}],"line":92},"5":{"loc":{"start":{"line":95,"column":10},"end":{"line":100,"column":11}},"type":"if","locations":[{"start":{"line":95,"column":10},"end":{"line":100,"column":11}},{"start":{},"end":{}}],"line":95},"6":{"loc":{"start":{"line":104,"column":6},"end":{"line":106,"column":7}},"type":"if","locations":[{"start":{"line":104,"column":6},"end":{"line":106,"column":7}},{"start":{},"end":{}}],"line":104},"7":{"loc":{"start":{"line":111,"column":4},"end":{"line":147,"column":5}},"type":"if","locations":[{"start":{"line":111,"column":4},"end":{"line":147,"column":5}},{"start":{},"end":{}}],"line":111},"8":{"loc":{"start":{"line":111,"column":8},"end":{"line":111,"column":50}},"type":"binary-expr","locations":[{"start":{"line":111,"column":8},"end":{"line":111,"column":25}},{"start":{"line":111,"column":29},"end":{"line":111,"column":50}}],"line":111},"9":{"loc":{"start":{"line":115,"column":6},"end":{"line":146,"column":7}},"type":"if","locations":[{"start":{"line":115,"column":6},"end":{"line":146,"column":7}},{"start":{},"end":{}}],"line":115},"10":{"loc":{"start":{"line":121,"column":10},"end":{"line":128,"column":11}},"type":"if","locations":[{"start":{"line":121,"column":10},"end":{"line":128,"column":11}},{"start":{},"end":{}}],"line":121},"11":{"loc":{"start":{"line":123,"column":12},"end":{"line":127,"column":13}},"type":"if","locations":[{"start":{"line":123,"column":12},"end":{"line":127,"column":13}},{"start":{},"end":{}}],"line":123},"12":{"loc":{"start":{"line":131,"column":8},"end":{"line":145,"column":9}},"type":"if","locations":[{"start":{"line":131,"column":8},"end":{"line":145,"column":9}},{"start":{},"end":{}}],"line":131},"13":{"loc":{"start":{"line":134,"column":10},"end":{"line":144,"column":11}},"type":"if","locations":[{"start":{"line":134,"column":10},"end":{"line":144,"column":11}},{"start":{"line":140,"column":17},"end":{"line":144,"column":11}}],"line":134},"14":{"loc":{"start":{"line":134,"column":14},"end":{"line":134,"column":49}},"type":"binary-expr","locations":[{"start":{"line":134,"column":14},"end":{"line":134,"column":30}},{"start":{"line":134,"column":34},"end":{"line":134,"column":49}}],"line":134},"15":{"loc":{"start":{"line":151,"column":4},"end":{"line":182,"column":5}},"type":"if","locations":[{"start":{"line":151,"column":4},"end":{"line":182,"column":5}},{"start":{},"end":{}}],"line":151},"16":{"loc":{"start":{"line":151,"column":8},"end":{"line":151,"column":66}},"type":"binary-expr","locations":[{"start":{"line":151,"column":8},"end":{"line":151,"column":25}},{"start":{"line":151,"column":29},"end":{"line":151,"column":66}}],"line":151},"17":{"loc":{"start":{"line":155,"column":6},"end":{"line":181,"column":7}},"type":"if","locations":[{"start":{"line":155,"column":6},"end":{"line":181,"column":7}},{"start":{},"end":{}}],"line":155},"18":{"loc":{"start":{"line":160,"column":10},"end":{"line":163,"column":11}},"type":"if","locations":[{"start":{"line":160,"column":10},"end":{"line":163,"column":11}},{"start":{},"end":{}}],"line":160},"19":{"loc":{"start":{"line":160,"column":14},"end":{"line":160,"column":50}},"type":"binary-expr","locations":[{"start":{"line":160,"column":14},"end":{"line":160,"column":28}},{"start":{"line":160,"column":32},"end":{"line":160,"column":50}}],"line":160},"20":{"loc":{"start":{"line":166,"column":8},"end":{"line":180,"column":9}},"type":"if","locations":[{"start":{"line":166,"column":8},"end":{"line":180,"column":9}},{"start":{},"end":{}}],"line":166},"21":{"loc":{"start":{"line":169,"column":10},"end":{"line":179,"column":11}},"type":"if","locations":[{"start":{"line":169,"column":10},"end":{"line":179,"column":11}},{"start":{"line":175,"column":17},"end":{"line":179,"column":11}}],"line":169},"22":{"loc":{"start":{"line":169,"column":14},"end":{"line":169,"column":49}},"type":"binary-expr","locations":[{"start":{"line":169,"column":14},"end":{"line":169,"column":30}},{"start":{"line":169,"column":34},"end":{"line":169,"column":49}}],"line":169},"23":{"loc":{"start":{"line":187,"column":4},"end":{"line":194,"column":5}},"type":"if","locations":[{"start":{"line":187,"column":4},"end":{"line":194,"column":5}},{"start":{"line":190,"column":11},"end":{"line":194,"column":5}}],"line":187},"24":{"loc":{"start":{"line":190,"column":11},"end":{"line":194,"column":5}},"type":"if","locations":[{"start":{"line":190,"column":11},"end":{"line":194,"column":5}},{"start":{"line":192,"column":11},"end":{"line":194,"column":5}}],"line":190},"25":{"loc":{"start":{"line":190,"column":15},"end":{"line":190,"column":80}},"type":"binary-expr","locations":[{"start":{"line":190,"column":15},"end":{"line":190,"column":38}},{"start":{"line":190,"column":42},"end":{"line":190,"column":59}},{"start":{"line":190,"column":63},"end":{"line":190,"column":80}}],"line":190},"26":{"loc":{"start":{"line":192,"column":11},"end":{"line":194,"column":5}},"type":"if","locations":[{"start":{"line":192,"column":11},"end":{"line":194,"column":5}},{"start":{},"end":{}}],"line":192},"27":{"loc":{"start":{"line":192,"column":15},"end":{"line":192,"column":57}},"type":"binary-expr","locations":[{"start":{"line":192,"column":15},"end":{"line":192,"column":38}},{"start":{"line":192,"column":42},"end":{"line":192,"column":57}}],"line":192},"28":{"loc":{"start":{"line":206,"column":21},"end":{"line":206,"column":86}},"type":"cond-expr","locations":[{"start":{"line":206,"column":39},"end":{"line":206,"column":74}},{"start":{"line":206,"column":77},"end":{"line":206,"column":86}}],"line":206},"29":{"loc":{"start":{"line":207,"column":22},"end":{"line":207,"column":73}},"type":"cond-expr","locations":[{"start":{"line":207,"column":39},"end":{"line":207,"column":61}},{"start":{"line":207,"column":64},"end":{"line":207,"column":73}}],"line":207},"30":{"loc":{"start":{"line":249,"column":6},"end":{"line":249,"column":52}},"type":"if","locations":[{"start":{"line":249,"column":6},"end":{"line":249,"column":52}},{"start":{},"end":{}}],"line":249},"31":{"loc":{"start":{"line":270,"column":29},"end":{"line":270,"column":52}},"type":"binary-expr","locations":[{"start":{"line":270,"column":29},"end":{"line":270,"column":44}},{"start":{"line":270,"column":48},"end":{"line":270,"column":52}}],"line":270},"32":{"loc":{"start":{"line":275,"column":23},"end":{"line":284,"column":19}},"type":"cond-expr","locations":[{"start":{"line":275,"column":53},"end":{"line":284,"column":7}},{"start":{"line":284,"column":10},"end":{"line":284,"column":19}}],"line":275},"33":{"loc":{"start":{"line":283,"column":23},"end":{"line":283,"column":93}},"type":"cond-expr","locations":[{"start":{"line":283,"column":51},"end":{"line":283,"column":88}},{"start":{"line":283,"column":91},"end":{"line":283,"column":93}}],"line":283},"34":{"loc":{"start":{"line":297,"column":6},"end":{"line":297,"column":39}},"type":"if","locations":[{"start":{"line":297,"column":6},"end":{"line":297,"column":39}},{"start":{},"end":{}}],"line":297},"35":{"loc":{"start":{"line":315,"column":29},"end":{"line":315,"column":52}},"type":"binary-expr","locations":[{"start":{"line":315,"column":29},"end":{"line":315,"column":44}},{"start":{"line":315,"column":48},"end":{"line":315,"column":52}}],"line":315},"36":{"loc":{"start":{"line":330,"column":6},"end":{"line":330,"column":39}},"type":"if","locations":[{"start":{"line":330,"column":6},"end":{"line":330,"column":39}},{"start":{},"end":{}}],"line":330},"37":{"loc":{"start":{"line":345,"column":6},"end":{"line":345,"column":49}},"type":"if","locations":[{"start":{"line":345,"column":6},"end":{"line":345,"column":49}},{"start":{},"end":{}}],"line":345},"38":{"loc":{"start":{"line":360,"column":6},"end":{"line":368,"column":7}},"type":"if","locations":[{"start":{"line":360,"column":6},"end":{"line":368,"column":7}},{"start":{"line":362,"column":13},"end":{"line":368,"column":7}}],"line":360},"39":{"loc":{"start":{"line":365,"column":8},"end":{"line":367,"column":9}},"type":"if","locations":[{"start":{"line":365,"column":8},"end":{"line":367,"column":9}},{"start":{},"end":{}}],"line":365},"40":{"loc":{"start":{"line":365,"column":12},"end":{"line":365,"column":42}},"type":"binary-expr","locations":[{"start":{"line":365,"column":12},"end":{"line":365,"column":18}},{"start":{"line":365,"column":22},"end":{"line":365,"column":42}}],"line":365},"41":{"loc":{"start":{"line":388,"column":2},"end":{"line":393,"column":3}},"type":"if","locations":[{"start":{"line":388,"column":2},"end":{"line":393,"column":3}},{"start":{},"end":{}}],"line":388},"42":{"loc":{"start":{"line":389,"column":4},"end":{"line":391,"column":5}},"type":"if","locations":[{"start":{"line":389,"column":4},"end":{"line":391,"column":5}},{"start":{},"end":{}}],"line":389}},"s":{"0":1,"1":2,"2":2,"3":2,"4":2,"5":2,"6":2,"7":0,"8":0,"9":0,"10":0,"11":0,"12":0,"13":12,"14":12,"15":12,"16":12,"17":12,"18":12,"19":12,"20":4,"21":4,"22":4,"23":4,"24":4,"25":2,"26":3,"27":3,"28":3,"29":3,"30":3,"31":3,"32":3,"33":3,"34":2,"35":2,"36":4,"37":4,"38":4,"39":4,"40":4,"41":1,"42":1,"43":1,"44":1,"45":1,"46":1,"47":1,"48":1,"49":1,"50":1,"51":1,"52":1,"53":1,"54":1,"55":1,"56":1,"57":1,"58":1,"59":0,"60":0,"61":0,"62":4,"63":4,"64":4,"65":4,"66":4,"67":1,"68":1,"69":1,"70":2,"71":2,"72":2,"73":1,"74":1,"75":1,"76":0,"77":0,"78":0,"79":0,"80":0,"81":1,"82":1,"83":1,"84":4,"85":4,"86":4,"87":1,"88":1,"89":3,"90":1,"91":2,"92":0,"93":4,"94":4,"95":2,"96":2,"97":2,"98":2,"99":2,"100":52,"101":52,"102":52,"103":0,"104":0,"105":52,"106":52,"107":51,"108":1,"109":2,"110":2,"111":2,"112":0,"113":2,"114":51,"115":0,"116":51,"117":0,"118":0,"119":0,"120":0,"121":0,"122":0,"123":0,"124":0,"125":0,"126":0,"127":0,"128":0,"129":0,"130":0,"131":0,"132":0,"133":0,"134":0,"135":0,"136":0,"137":0,"138":0,"139":0,"140":0,"141":0,"142":0,"143":0,"144":0,"145":0,"146":0,"147":0,"148":2,"149":1,"150":3,"151":1,"152":0,"153":1,"154":3},"f":{"0":2,"1":0,"2":0,"3":12,"4":4,"5":2,"6":51,"7":0,"8":0,"9":0,"10":0,"11":0,"12":0,"13":0,"14":0,"15":0,"16":2,"17":3},"b":{"0":[2,0],"1":[0,0],"2":[0,0],"3":[2,2],"4":[3,0],"5":[3,0],"6":[2,0],"7":[4,0],"8":[4,2],"9":[1,3],"10":[1,0],"11":[1,0],"12":[1,0],"13":[1,0],"14":[1,1],"15":[4,0],"16":[4,2],"17":[1,3],"18":[2,0],"19":[2,2],"20":[1,0],"21":[0,1],"22":[1,0],"23":[1,3],"24":[1,2],"25":[3,1,1],"26":[0,2],"27":[2,0],"28":[3,1],"29":[3,1],"30":[0,51],"31":[0,0],"32":[0,0],"33":[0,0],"34":[0,0],"35":[0,0],"36":[0,0],"37":[0,0],"38":[0,0],"39":[0,0],"40":[0,0],"41":[1,2],"42":[0,1]},"_coverageSchema":"1a1c01bbd47fc00a2c39e90264f33305004495a9","hash":"6438bb1c0f607cc52e7831740e1ace9ae8dce484"}
,"C:\\Users\\HP\\developpement_farm-1\\src\\services\\StatisticsService.ts": {"path":"C:\\Users\\HP\\developpement_farm-1\\src\\services\\StatisticsService.ts","statementMap":{"0":{"start":{"line":47,"column":4},"end":{"line":47,"column":39}},"1":{"start":{"line":47,"column":30},"end":{"line":47,"column":39}},"2":{"start":{"line":49,"column":16},"end":{"line":49,"column":17}},"3":{"start":{"line":50,"column":4},"end":{"line":61,"column":5}},"4":{"start":{"line":52,"column":28},"end":{"line":54,"column":83}},"5":{"start":{"line":53,"column":23},"end":{"line":53,"column":48}},"6":{"start":{"line":54,"column":24},"end":{"line":54,"column":79}},"7":{"start":{"line":56,"column":6},"end":{"line":60,"column":7}},"8":{"start":{"line":57,"column":8},"end":{"line":57,"column":40}},"9":{"start":{"line":58,"column":13},"end":{"line":60,"column":7}},"10":{"start":{"line":59,"column":8},"end":{"line":59,"column":38}},"11":{"start":{"line":63,"column":4},"end":{"line":63,"column":17}},"12":{"start":{"line":70,"column":4},"end":{"line":70,"column":87}},"13":{"start":{"line":70,"column":38},"end":{"line":70,"column":78}},"14":{"start":{"line":80,"column":19},"end":{"line":80,"column":77}},"15":{"start":{"line":80,"column":41},"end":{"line":80,"column":76}},"16":{"start":{"line":81,"column":18},"end":{"line":81,"column":75}},"17":{"start":{"line":81,"column":40},"end":{"line":81,"column":74}},"18":{"start":{"line":82,"column":19},"end":{"line":82,"column":77}},"19":{"start":{"line":82,"column":41},"end":{"line":82,"column":76}},"20":{"start":{"line":83,"column":20},"end":{"line":83,"column":79}},"21":{"start":{"line":83,"column":42},"end":{"line":83,"column":78}},"22":{"start":{"line":85,"column":20},"end":{"line":89,"column":5}},"23":{"start":{"line":86,"column":35},"end":{"line":86,"column":52}},"24":{"start":{"line":87,"column":38},"end":{"line":87,"column":58}},"25":{"start":{"line":88,"column":42},"end":{"line":88,"column":66}},"26":{"start":{"line":91,"column":44},"end":{"line":91,"column":46}},"27":{"start":{"line":92,"column":4},"end":{"line":95,"column":7}},"28":{"start":{"line":93,"column":19},"end":{"line":93,"column":49}},"29":{"start":{"line":94,"column":6},"end":{"line":94,"column":47}},"30":{"start":{"line":97,"column":23},"end":{"line":97,"column":65}},"31":{"start":{"line":98,"column":23},"end":{"line":98,"column":73}},"32":{"start":{"line":100,"column":4},"end":{"line":110,"column":6}},"33":{"start":{"line":117,"column":4},"end":{"line":117,"column":37}},"34":{"start":{"line":117,"column":28},"end":{"line":117,"column":37}},"35":{"start":{"line":118,"column":23},"end":{"line":118,"column":84}},"36":{"start":{"line":118,"column":53},"end":{"line":118,"column":80}},"37":{"start":{"line":119,"column":4},"end":{"line":119,"column":45}},"38":{"start":{"line":129,"column":18},"end":{"line":129,"column":79}},"39":{"start":{"line":129,"column":48},"end":{"line":129,"column":75}},"40":{"start":{"line":130,"column":17},"end":{"line":130,"column":70}},"41":{"start":{"line":132,"column":49},"end":{"line":132,"column":51}},"42":{"start":{"line":133,"column":4},"end":{"line":136,"column":7}},"43":{"start":{"line":134,"column":18},"end":{"line":134,"column":48}},"44":{"start":{"line":135,"column":6},"end":{"line":135,"column":75}},"45":{"start":{"line":138,"column":44},"end":{"line":138,"column":46}},"46":{"start":{"line":139,"column":4},"end":{"line":144,"column":7}},"47":{"start":{"line":140,"column":6},"end":{"line":143,"column":7}},"48":{"start":{"line":141,"column":21},"end":{"line":141,"column":67}},"49":{"start":{"line":142,"column":8},"end":{"line":142,"column":69}},"50":{"start":{"line":146,"column":4},"end":{"line":151,"column":6}},"51":{"start":{"line":161,"column":51},"end":{"line":161,"column":53}},"52":{"start":{"line":162,"column":32},"end":{"line":162,"column":34}},"53":{"start":{"line":164,"column":4},"end":{"line":174,"column":7}},"54":{"start":{"line":165,"column":28},"end":{"line":167,"column":83}},"55":{"start":{"line":166,"column":23},"end":{"line":166,"column":48}},"56":{"start":{"line":167,"column":24},"end":{"line":167,"column":79}},"57":{"start":{"line":169,"column":20},"end":{"line":169,"column":72}},"58":{"start":{"line":170,"column":6},"end":{"line":170,"column":40}},"59":{"start":{"line":171,"column":6},"end":{"line":173,"column":7}},"60":{"start":{"line":172,"column":8},"end":{"line":172,"column":30}},"61":{"start":{"line":176,"column":18},"end":{"line":176,"column":58}},"62":{"start":{"line":176,"column":47},"end":{"line":176,"column":54}},"63":{"start":{"line":177,"column":18},"end":{"line":177,"column":69}},"64":{"start":{"line":178,"column":16},"end":{"line":178,"column":65}},"65":{"start":{"line":179,"column":16},"end":{"line":179,"column":65}},"66":{"start":{"line":181,"column":4},"end":{"line":187,"column":6}},"67":{"start":{"line":198,"column":17},"end":{"line":198,"column":18}},"68":{"start":{"line":199,"column":18},"end":{"line":199,"column":19}},"69":{"start":{"line":200,"column":20},"end":{"line":200,"column":21}},"70":{"start":{"line":202,"column":4},"end":{"line":212,"column":7}},"71":{"start":{"line":203,"column":6},"end":{"line":203,"column":59}},"72":{"start":{"line":203,"column":52},"end":{"line":203,"column":59}},"73":{"start":{"line":205,"column":6},"end":{"line":211,"column":7}},"74":{"start":{"line":206,"column":8},"end":{"line":206,"column":17}},"75":{"start":{"line":207,"column":13},"end":{"line":211,"column":7}},"76":{"start":{"line":208,"column":8},"end":{"line":208,"column":18}},"77":{"start":{"line":210,"column":8},"end":{"line":210,"column":20}},"78":{"start":{"line":214,"column":4},"end":{"line":214,"column":42}}},"fnMap":{"0":{"name":"(anonymous_0)","decl":{"start":{"line":46,"column":2},"end":{"line":46,"column":3}},"loc":{"start":{"line":46,"column":94},"end":{"line":64,"column":3}},"line":46},"1":{"name":"(anonymous_1)","decl":{"start":{"line":53,"column":16},"end":{"line":53,"column":17}},"loc":{"start":{"line":53,"column":23},"end":{"line":53,"column":48}},"line":53},"2":{"name":"(anonymous_2)","decl":{"start":{"line":54,"column":14},"end":{"line":54,"column":15}},"loc":{"start":{"line":54,"column":24},"end":{"line":54,"column":79}},"line":54},"3":{"name":"(anonymous_3)","decl":{"start":{"line":69,"column":2},"end":{"line":69,"column":3}},"loc":{"start":{"line":69,"column":74},"end":{"line":71,"column":3}},"line":69},"4":{"name":"(anonymous_4)","decl":{"start":{"line":70,"column":26},"end":{"line":70,"column":27}},"loc":{"start":{"line":70,"column":38},"end":{"line":70,"column":78}},"line":70},"5":{"name":"(anonymous_5)","decl":{"start":{"line":76,"column":2},"end":{"line":76,"column":3}},"loc":{"start":{"line":79,"column":17},"end":{"line":111,"column":3}},"line":79},"6":{"name":"(anonymous_6)","decl":{"start":{"line":80,"column":34},"end":{"line":80,"column":35}},"loc":{"start":{"line":80,"column":41},"end":{"line":80,"column":76}},"line":80},"7":{"name":"(anonymous_7)","decl":{"start":{"line":81,"column":33},"end":{"line":81,"column":34}},"loc":{"start":{"line":81,"column":40},"end":{"line":81,"column":74}},"line":81},"8":{"name":"(anonymous_8)","decl":{"start":{"line":82,"column":34},"end":{"line":82,"column":35}},"loc":{"start":{"line":82,"column":41},"end":{"line":82,"column":76}},"line":82},"9":{"name":"(anonymous_9)","decl":{"start":{"line":83,"column":35},"end":{"line":83,"column":36}},"loc":{"start":{"line":83,"column":42},"end":{"line":83,"column":78}},"line":83},"10":{"name":"(anonymous_10)","decl":{"start":{"line":86,"column":28},"end":{"line":86,"column":29}},"loc":{"start":{"line":86,"column":35},"end":{"line":86,"column":52}},"line":86},"11":{"name":"(anonymous_11)","decl":{"start":{"line":87,"column":31},"end":{"line":87,"column":32}},"loc":{"start":{"line":87,"column":38},"end":{"line":87,"column":58}},"line":87},"12":{"name":"(anonymous_12)","decl":{"start":{"line":88,"column":35},"end":{"line":88,"column":36}},"loc":{"start":{"line":88,"column":42},"end":{"line":88,"column":66}},"line":88},"13":{"name":"(anonymous_13)","decl":{"start":{"line":92,"column":20},"end":{"line":92,"column":21}},"loc":{"start":{"line":92,"column":32},"end":{"line":95,"column":5}},"line":92},"14":{"name":"(anonymous_14)","decl":{"start":{"line":116,"column":2},"end":{"line":116,"column":3}},"loc":{"start":{"line":116,"column":87},"end":{"line":120,"column":3}},"line":116},"15":{"name":"(anonymous_15)","decl":{"start":{"line":118,"column":41},"end":{"line":118,"column":42}},"loc":{"start":{"line":118,"column":53},"end":{"line":118,"column":80}},"line":118},"16":{"name":"(anonymous_16)","decl":{"start":{"line":125,"column":2},"end":{"line":125,"column":3}},"loc":{"start":{"line":128,"column":20},"end":{"line":152,"column":3}},"line":128},"17":{"name":"(anonymous_17)","decl":{"start":{"line":129,"column":36},"end":{"line":129,"column":37}},"loc":{"start":{"line":129,"column":48},"end":{"line":129,"column":75}},"line":129},"18":{"name":"(anonymous_18)","decl":{"start":{"line":133,"column":23},"end":{"line":133,"column":24}},"loc":{"start":{"line":133,"column":30},"end":{"line":136,"column":5}},"line":133},"19":{"name":"(anonymous_19)","decl":{"start":{"line":139,"column":23},"end":{"line":139,"column":24}},"loc":{"start":{"line":139,"column":30},"end":{"line":144,"column":5}},"line":139},"20":{"name":"(anonymous_20)","decl":{"start":{"line":157,"column":2},"end":{"line":157,"column":3}},"loc":{"start":{"line":160,"column":17},"end":{"line":188,"column":3}},"line":160},"21":{"name":"(anonymous_21)","decl":{"start":{"line":164,"column":20},"end":{"line":164,"column":21}},"loc":{"start":{"line":164,"column":32},"end":{"line":174,"column":5}},"line":164},"22":{"name":"(anonymous_22)","decl":{"start":{"line":166,"column":16},"end":{"line":166,"column":17}},"loc":{"start":{"line":166,"column":23},"end":{"line":166,"column":48}},"line":166},"23":{"name":"(anonymous_23)","decl":{"start":{"line":167,"column":14},"end":{"line":167,"column":15}},"loc":{"start":{"line":167,"column":24},"end":{"line":167,"column":79}},"line":167},"24":{"name":"(anonymous_24)","decl":{"start":{"line":176,"column":35},"end":{"line":176,"column":36}},"loc":{"start":{"line":176,"column":47},"end":{"line":176,"column":54}},"line":176},"25":{"name":"(anonymous_25)","decl":{"start":{"line":193,"column":2},"end":{"line":193,"column":3}},"loc":{"start":{"line":197,"column":4},"end":{"line":215,"column":3}},"line":197},"26":{"name":"(anonymous_26)","decl":{"start":{"line":202,"column":20},"end":{"line":202,"column":21}},"loc":{"start":{"line":202,"column":32},"end":{"line":212,"column":5}},"line":202}},"branchMap":{"0":{"loc":{"start":{"line":47,"column":4},"end":{"line":47,"column":39}},"type":"if","locations":[{"start":{"line":47,"column":4},"end":{"line":47,"column":39}},{"start":{},"end":{}}],"line":47},"1":{"loc":{"start":{"line":56,"column":6},"end":{"line":60,"column":7}},"type":"if","locations":[{"start":{"line":56,"column":6},"end":{"line":60,"column":7}},{"start":{"line":58,"column":13},"end":{"line":60,"column":7}}],"line":56},"2":{"loc":{"start":{"line":58,"column":13},"end":{"line":60,"column":7}},"type":"if","locations":[{"start":{"line":58,"column":13},"end":{"line":60,"column":7}},{"start":{},"end":{}}],"line":58},"3":{"loc":{"start":{"line":93,"column":19},"end":{"line":93,"column":49}},"type":"binary-expr","locations":[{"start":{"line":93,"column":19},"end":{"line":93,"column":30}},{"start":{"line":93,"column":34},"end":{"line":93,"column":49}}],"line":93},"4":{"loc":{"start":{"line":94,"column":23},"end":{"line":94,"column":41}},"type":"binary-expr","locations":[{"start":{"line":94,"column":23},"end":{"line":94,"column":36}},{"start":{"line":94,"column":40},"end":{"line":94,"column":41}}],"line":94},"5":{"loc":{"start":{"line":98,"column":23},"end":{"line":98,"column":73}},"type":"cond-expr","locations":[{"start":{"line":98,"column":43},"end":{"line":98,"column":69}},{"start":{"line":98,"column":72},"end":{"line":98,"column":73}}],"line":98},"6":{"loc":{"start":{"line":117,"column":4},"end":{"line":117,"column":37}},"type":"if","locations":[{"start":{"line":117,"column":4},"end":{"line":117,"column":37}},{"start":{},"end":{}}],"line":117},"7":{"loc":{"start":{"line":118,"column":60},"end":{"line":118,"column":79}},"type":"binary-expr","locations":[{"start":{"line":118,"column":60},"end":{"line":118,"column":74}},{"start":{"line":118,"column":78},"end":{"line":118,"column":79}}],"line":118},"8":{"loc":{"start":{"line":129,"column":55},"end":{"line":129,"column":74}},"type":"binary-expr","locations":[{"start":{"line":129,"column":55},"end":{"line":129,"column":69}},{"start":{"line":129,"column":73},"end":{"line":129,"column":74}}],"line":129},"9":{"loc":{"start":{"line":134,"column":18},"end":{"line":134,"column":48}},"type":"binary-expr","locations":[{"start":{"line":134,"column":18},"end":{"line":134,"column":29}},{"start":{"line":134,"column":33},"end":{"line":134,"column":48}}],"line":134},"10":{"loc":{"start":{"line":135,"column":27},"end":{"line":135,"column":49}},"type":"binary-expr","locations":[{"start":{"line":135,"column":27},"end":{"line":135,"column":44}},{"start":{"line":135,"column":48},"end":{"line":135,"column":49}}],"line":135},"11":{"loc":{"start":{"line":135,"column":54},"end":{"line":135,"column":73}},"type":"binary-expr","locations":[{"start":{"line":135,"column":54},"end":{"line":135,"column":68}},{"start":{"line":135,"column":72},"end":{"line":135,"column":73}}],"line":135},"12":{"loc":{"start":{"line":140,"column":6},"end":{"line":143,"column":7}},"type":"if","locations":[{"start":{"line":140,"column":6},"end":{"line":143,"column":7}},{"start":{},"end":{}}],"line":140},"13":{"loc":{"start":{"line":142,"column":25},"end":{"line":142,"column":43}},"type":"binary-expr","locations":[{"start":{"line":142,"column":25},"end":{"line":142,"column":38}},{"start":{"line":142,"column":42},"end":{"line":142,"column":43}}],"line":142},"14":{"loc":{"start":{"line":142,"column":48},"end":{"line":142,"column":67}},"type":"binary-expr","locations":[{"start":{"line":142,"column":48},"end":{"line":142,"column":62}},{"start":{"line":142,"column":66},"end":{"line":142,"column":67}}],"line":142},"15":{"loc":{"start":{"line":169,"column":20},"end":{"line":169,"column":72}},"type":"binary-expr","locations":[{"start":{"line":169,"column":20},"end":{"line":169,"column":43}},{"start":{"line":169,"column":47},"end":{"line":169,"column":67}},{"start":{"line":169,"column":71},"end":{"line":169,"column":72}}],"line":169},"16":{"loc":{"start":{"line":171,"column":6},"end":{"line":173,"column":7}},"type":"if","locations":[{"start":{"line":171,"column":6},"end":{"line":173,"column":7}},{"start":{},"end":{}}],"line":171},"17":{"loc":{"start":{"line":177,"column":18},"end":{"line":177,"column":69}},"type":"cond-expr","locations":[{"start":{"line":177,"column":41},"end":{"line":177,"column":65}},{"start":{"line":177,"column":68},"end":{"line":177,"column":69}}],"line":177},"18":{"loc":{"start":{"line":178,"column":16},"end":{"line":178,"column":65}},"type":"cond-expr","locations":[{"start":{"line":178,"column":39},"end":{"line":178,"column":61}},{"start":{"line":178,"column":64},"end":{"line":178,"column":65}}],"line":178},"19":{"loc":{"start":{"line":179,"column":16},"end":{"line":179,"column":65}},"type":"cond-expr","locations":[{"start":{"line":179,"column":39},"end":{"line":179,"column":61}},{"start":{"line":179,"column":64},"end":{"line":179,"column":65}}],"line":179},"20":{"loc":{"start":{"line":203,"column":6},"end":{"line":203,"column":59}},"type":"if","locations":[{"start":{"line":203,"column":6},"end":{"line":203,"column":59}},{"start":{},"end":{}}],"line":203},"21":{"loc":{"start":{"line":205,"column":6},"end":{"line":211,"column":7}},"type":"if","locations":[{"start":{"line":205,"column":6},"end":{"line":211,"column":7}},{"start":{"line":207,"column":13},"end":{"line":211,"column":7}}],"line":205},"22":{"loc":{"start":{"line":205,"column":10},"end":{"line":205,"column":58}},"type":"binary-expr","locations":[{"start":{"line":205,"column":10},"end":{"line":205,"column":35}},{"start":{"line":205,"column":39},"end":{"line":205,"column":58}}],"line":205},"23":{"loc":{"start":{"line":207,"column":13},"end":{"line":211,"column":7}},"type":"if","locations":[{"start":{"line":207,"column":13},"end":{"line":211,"column":7}},{"start":{"line":209,"column":13},"end":{"line":211,"column":7}}],"line":207},"24":{"loc":{"start":{"line":207,"column":17},"end":{"line":207,"column":62}},"type":"binary-expr","locations":[{"start":{"line":207,"column":17},"end":{"line":207,"column":39}},{"start":{"line":207,"column":43},"end":{"line":207,"column":62}}],"line":207}},"s":{"0":6,"1":1,"2":5,"3":5,"4":10,"5":15,"6":3,"7":10,"8":5,"9":5,"10":5,"11":5,"12":2,"13":6,"14":2,"15":5,"16":2,"17":5,"18":2,"19":5,"20":2,"21":5,"22":2,"23":5,"24":5,"25":5,"26":2,"27":2,"28":5,"29":5,"30":2,"31":2,"32":2,"33":4,"34":1,"35":3,"36":5,"37":3,"38":2,"39":3,"40":2,"41":2,"42":2,"43":3,"44":3,"45":2,"46":2,"47":3,"48":3,"49":3,"50":2,"51":3,"52":3,"53":3,"54":5,"55":9,"56":0,"57":5,"58":5,"59":5,"60":5,"61":3,"62":5,"63":3,"64":3,"65":3,"66":3,"67":2,"68":2,"69":2,"70":2,"71":6,"72":3,"73":3,"74":1,"75":2,"76":1,"77":1,"78":2},"f":{"0":6,"1":15,"2":3,"3":2,"4":6,"5":2,"6":5,"7":5,"8":5,"9":5,"10":5,"11":5,"12":5,"13":5,"14":4,"15":5,"16":2,"17":3,"18":3,"19":3,"20":3,"21":5,"22":9,"23":0,"24":5,"25":2,"26":6},"b":{"0":[1,5],"1":[5,5],"2":[5,0],"3":[5,1],"4":[5,3],"5":[1,1],"6":[1,3],"7":[5,3],"8":[3,3],"9":[3,0],"10":[3,3],"11":[3,3],"12":[3,0],"13":[3,3],"14":[3,3],"15":[5,2,0],"16":[5,0],"17":[2,1],"18":[2,1],"19":[2,1],"20":[3,3],"21":[1,2],"22":[3,1],"23":[1,1],"24":[2,2]},"_coverageSchema":"1a1c01bbd47fc00a2c39e90264f33305004495a9","hash":"dd9b13642b9d833a678dcaa7d81e7d6782b0840c"}
}
