TN:
SF:src\components\AlertesWidget.tsx
FN:31,AlertesWidget
FN:35,(anonymous_1)
FN:38,(anonymous_2)
FN:39,(anonymous_3)
FN:44,(anonymous_4)
FN:51,(anonymous_5)
FN:71,(anonymous_6)
FN:72,(anonymous_7)
FN:75,(anonymous_8)
FN:80,(anonymous_9)
FN:81,(anonymous_10)
FN:92,(anonymous_11)
FN:102,(anonymous_12)
FN:112,(anonymous_13)
FN:126,(anonymous_14)
FN:127,(anonymous_15)
FN:129,(anonymous_16)
FN:147,(anonymous_17)
FN:164,(anonymous_18)
FN:165,(anonymous_19)
FN:176,(anonymous_20)
FN:191,(anonymous_21)
FN:196,(anonymous_22)
FN:203,(anonymous_23)
FN:214,(anonymous_24)
FN:215,(anonymous_25)
FN:221,(anonymous_26)
FN:244,(anonymous_27)
FN:254,(anonymous_28)
FN:302,(anonymous_29)
FN:338,(anonymous_30)
FNF:31
FNH:0
FNDA:0,AlertesWidget
FNDA:0,(anonymous_1)
FNDA:0,(anonymous_2)
FNDA:0,(anonymous_3)
FNDA:0,(anonymous_4)
FNDA:0,(anonymous_5)
FNDA:0,(anonymous_6)
FNDA:0,(anonymous_7)
FNDA:0,(anonymous_8)
FNDA:0,(anonymous_9)
FNDA:0,(anonymous_10)
FNDA:0,(anonymous_11)
FNDA:0,(anonymous_12)
FNDA:0,(anonymous_13)
FNDA:0,(anonymous_14)
FNDA:0,(anonymous_15)
FNDA:0,(anonymous_16)
FNDA:0,(anonymous_17)
FNDA:0,(anonymous_18)
FNDA:0,(anonymous_19)
FNDA:0,(anonymous_20)
FNDA:0,(anonymous_21)
FNDA:0,(anonymous_22)
FNDA:0,(anonymous_23)
FNDA:0,(anonymous_24)
FNDA:0,(anonymous_25)
FNDA:0,(anonymous_26)
FNDA:0,(anonymous_27)
FNDA:0,(anonymous_28)
FNDA:0,(anonymous_29)
FNDA:0,(anonymous_30)
DA:32,0
DA:33,0
DA:34,0
DA:35,0
DA:36,0
DA:37,0
DA:38,0
DA:39,0
DA:44,0
DA:45,0
DA:49,0
DA:51,0
DA:52,0
DA:53,0
DA:54,0
DA:57,0
DA:59,0
DA:60,0
DA:61,0
DA:62,0
DA:66,0
DA:67,0
DA:68,0
DA:71,0
DA:72,0
DA:75,0
DA:76,0
DA:79,0
DA:80,0
DA:82,0
DA:83,0
DA:85,0
DA:86,0
DA:87,0
DA:94,0
DA:102,0
DA:103,0
DA:104,0
DA:105,0
DA:106,0
DA:107,0
DA:114,0
DA:125,0
DA:126,0
DA:129,0
DA:130,0
DA:133,0
DA:134,0
DA:135,0
DA:136,0
DA:137,0
DA:140,0
DA:141,0
DA:142,0
DA:149,0
DA:163,0
DA:164,0
DA:166,0
DA:167,0
DA:169,0
DA:170,0
DA:171,0
DA:178,0
DA:185,0
DA:186,0
DA:187,0
DA:188,0
DA:190,0
DA:192,0
DA:193,0
DA:194,0
DA:197,0
DA:198,0
DA:205,0
DA:212,0
DA:213,0
DA:214,0
DA:216,0
DA:223,0
DA:231,0
DA:232,0
DA:235,0
DA:237,0
DA:238,0
DA:239,0
DA:246,0
DA:254,0
DA:268,0
DA:270,0
DA:271,0
DA:274,0
DA:303,0
DA:341,0
DA:342,0
DA:343,0
DA:356,0
LF:96
LH:0
BRDA:45,0,0,0
BRDA:45,0,1,0
BRDA:52,1,0,0
BRDA:52,1,1,0
BRDA:57,2,0,0
BRDA:57,2,1,0
BRDA:82,3,0,0
BRDA:82,3,1,0
BRDA:85,4,0,0
BRDA:85,4,1,0
BRDA:86,5,0,0
BRDA:86,5,1,0
BRDA:89,6,0,0
BRDA:89,6,1,0
BRDA:96,7,0,0
BRDA:96,7,1,0
BRDA:96,8,0,0
BRDA:96,8,1,0
BRDA:103,9,0,0
BRDA:103,9,1,0
BRDA:104,10,0,0
BRDA:104,10,1,0
BRDA:105,11,0,0
BRDA:105,11,1,0
BRDA:106,12,0,0
BRDA:106,12,1,0
BRDA:119,13,0,0
BRDA:119,13,1,0
BRDA:119,14,0,0
BRDA:119,14,1,0
BRDA:126,15,0,0
BRDA:126,15,1,0
BRDA:130,16,0,0
BRDA:130,16,1,0
BRDA:133,17,0,0
BRDA:133,17,1,0
BRDA:140,18,0,0
BRDA:140,18,1,0
BRDA:140,19,0,0
BRDA:140,19,1,0
BRDA:141,20,0,0
BRDA:141,20,1,0
BRDA:141,20,2,0
BRDA:144,21,0,0
BRDA:144,21,1,0
BRDA:146,22,0,0
BRDA:146,22,1,0
BRDA:146,23,0,0
BRDA:146,23,1,0
BRDA:146,24,0,0
BRDA:146,24,1,0
BRDA:154,25,0,0
BRDA:154,25,1,0
BRDA:154,26,0,0
BRDA:154,26,1,0
BRDA:164,27,0,0
BRDA:164,27,1,0
BRDA:164,27,2,0
BRDA:166,28,0,0
BRDA:166,28,1,0
BRDA:169,29,0,0
BRDA:169,29,1,0
BRDA:170,30,0,0
BRDA:170,30,1,0
BRDA:180,31,0,0
BRDA:180,31,1,0
BRDA:180,32,0,0
BRDA:180,32,1,0
BRDA:192,33,0,0
BRDA:192,33,1,0
BRDA:192,34,0,0
BRDA:192,34,1,0
BRDA:194,35,0,0
BRDA:194,35,1,0
BRDA:197,36,0,0
BRDA:197,36,1,0
BRDA:212,37,0,0
BRDA:212,37,1,0
BRDA:212,38,0,0
BRDA:212,38,1,0
BRDA:214,39,0,0
BRDA:214,39,1,0
BRDA:218,40,0,0
BRDA:218,40,1,0
BRDA:225,41,0,0
BRDA:225,41,1,0
BRDA:231,42,0,0
BRDA:231,42,1,0
BRDA:231,43,0,0
BRDA:231,43,1,0
BRDA:233,44,0,0
BRDA:233,44,1,0
BRDA:237,45,0,0
BRDA:237,45,1,0
BRDA:268,46,0,0
BRDA:268,46,1,0
BRDA:270,47,0,0
BRDA:270,47,1,0
BRDA:287,48,0,0
BRDA:287,48,1,0
BRDA:289,49,0,0
BRDA:289,49,1,0
BRDA:291,50,0,0
BRDA:291,50,1,0
BRDA:292,51,0,0
BRDA:292,51,1,0
BRDA:310,52,0,0
BRDA:310,52,1,0
BRDA:314,53,0,0
BRDA:314,53,1,0
BRDA:318,54,0,0
BRDA:318,54,1,0
BRDA:335,55,0,0
BRDA:335,55,1,0
BRDA:342,56,0,0
BRDA:342,56,1,0
BRF:116
BRH:0
end_of_record
TN:
SF:src\components\AppleLogo.tsx
FN:8,AppleLogo
FNF:1
FNH:0
FNDA:0,AppleLogo
DA:9,0
DA:21,0
LF:2
LH:0
BRDA:8,0,0,0
BRF:1
BRH:0
end_of_record
TN:
SF:src\components\BudgetisationAlimentComponent.tsx
FN:40,BudgetisationAlimentComponent
FN:43,(anonymous_1)
FN:44,(anonymous_2)
FN:60,(anonymous_3)
FN:78,(anonymous_4)
FN:89,(anonymous_5)
FN:95,(anonymous_6)
FN:100,(anonymous_7)
FN:115,(anonymous_8)
FN:117,(anonymous_9)
FN:119,(anonymous_10)
FN:142,(anonymous_11)
FN:185,(anonymous_12)
FN:198,(anonymous_13)
FN:240,(anonymous_14)
FN:250,(anonymous_15)
FN:261,(anonymous_16)
FN:266,(anonymous_17)
FN:271,(anonymous_18)
FN:284,(anonymous_19)
FN:316,(anonymous_20)
FN:324,(anonymous_21)
FN:331,(anonymous_22)
FN:344,(anonymous_23)
FN:379,(anonymous_24)
FN:388,(anonymous_25)
FN:401,(anonymous_26)
FN:409,(anonymous_27)
FN:424,(anonymous_28)
FN:431,(anonymous_29)
FN:438,(anonymous_30)
FN:445,(anonymous_31)
FN:489,(anonymous_32)
FN:614,(anonymous_33)
FN:624,(anonymous_34)
FN:633,(anonymous_35)
FN:657,(anonymous_36)
FN:667,(anonymous_37)
FN:714,(anonymous_38)
FN:740,(anonymous_39)
FNF:40
FNH:0
FNDA:0,BudgetisationAlimentComponent
FNDA:0,(anonymous_1)
FNDA:0,(anonymous_2)
FNDA:0,(anonymous_3)
FNDA:0,(anonymous_4)
FNDA:0,(anonymous_5)
FNDA:0,(anonymous_6)
FNDA:0,(anonymous_7)
FNDA:0,(anonymous_8)
FNDA:0,(anonymous_9)
FNDA:0,(anonymous_10)
FNDA:0,(anonymous_11)
FNDA:0,(anonymous_12)
FNDA:0,(anonymous_13)
FNDA:0,(anonymous_14)
FNDA:0,(anonymous_15)
FNDA:0,(anonymous_16)
FNDA:0,(anonymous_17)
FNDA:0,(anonymous_18)
FNDA:0,(anonymous_19)
FNDA:0,(anonymous_20)
FNDA:0,(anonymous_21)
FNDA:0,(anonymous_22)
FNDA:0,(anonymous_23)
FNDA:0,(anonymous_24)
FNDA:0,(anonymous_25)
FNDA:0,(anonymous_26)
FNDA:0,(anonymous_27)
FNDA:0,(anonymous_28)
FNDA:0,(anonymous_29)
FNDA:0,(anonymous_30)
FNDA:0,(anonymous_31)
FNDA:0,(anonymous_32)
FNDA:0,(anonymous_33)
FNDA:0,(anonymous_34)
FNDA:0,(anonymous_35)
FNDA:0,(anonymous_36)
FNDA:0,(anonymous_37)
FNDA:0,(anonymous_38)
FNDA:0,(anonymous_39)
DA:41,0
DA:42,0
DA:43,0
DA:44,0
DA:47,0
DA:48,0
DA:49,0
DA:50,0
DA:51,0
DA:52,0
DA:53,0
DA:54,0
DA:57,0
DA:58,0
DA:60,0
DA:61,0
DA:62,0
DA:63,0
DA:67,0
DA:78,0
DA:79,0
DA:80,0
DA:88,0
DA:89,0
DA:92,0
DA:95,0
DA:96,0
DA:100,0
DA:102,0
DA:115,0
DA:116,0
DA:117,0
DA:118,0
DA:120,0
DA:125,0
DA:126,0
DA:127,0
DA:130,0
DA:136,0
DA:142,0
DA:143,0
DA:144,0
DA:145,0
DA:147,0
DA:148,0
DA:149,0
DA:151,0
DA:152,0
DA:153,0
DA:155,0
DA:156,0
DA:157,0
DA:160,0
DA:161,0
DA:166,0
DA:169,0
DA:170,0
DA:171,0
DA:174,0
DA:175,0
DA:178,0
DA:179,0
DA:182,0
DA:185,0
DA:186,0
DA:187,0
DA:188,0
DA:198,0
DA:199,0
DA:200,0
DA:203,0
DA:218,0
DA:219,0
DA:221,0
DA:222,0
DA:223,0
DA:226,0
DA:227,0
DA:230,0
DA:231,0
DA:233,0
DA:240,0
DA:241,0
DA:242,0
DA:243,0
DA:244,0
DA:245,0
DA:246,0
DA:247,0
DA:250,0
DA:251,0
DA:252,0
DA:253,0
DA:254,0
DA:255,0
DA:256,0
DA:257,0
DA:258,0
DA:261,0
DA:262,0
DA:263,0
DA:266,0
DA:267,0
DA:269,0
DA:271,0
DA:272,0
DA:273,0
DA:274,0
DA:284,0
DA:286,0
DA:287,0
DA:290,0
DA:306,0
DA:307,0
DA:309,0
DA:310,0
DA:312,0
DA:316,0
DA:317,0
DA:325,0
DA:327,0
DA:328,0
DA:331,0
DA:332,0
DA:333,0
DA:334,0
DA:344,0
DA:346,0
DA:347,0
DA:350,0
DA:366,0
DA:367,0
DA:369,0
DA:371,0
DA:379,0
DA:380,0
DA:389,0
DA:390,0
DA:391,0
DA:393,0
DA:401,0
DA:402,0
DA:409,0
DA:410,0
DA:424,0
DA:431,0
DA:438,0
DA:445,0
DA:490,0
DA:538,0
DA:539,0
DA:542,0
DA:615,0
DA:624,0
DA:634,0
DA:635,0
DA:658,0
DA:667,0
DA:715,0
DA:716,0
DA:741,0
DA:742,0
DA:754,0
LF:163
LH:0
BRDA:61,0,0,0
BRDA:61,0,1,0
BRDA:79,1,0,0
BRDA:79,1,1,0
BRDA:96,2,0,0
BRDA:96,2,1,0
BRDA:120,3,0,0
BRDA:120,3,1,0
BRDA:125,4,0,0
BRDA:125,4,1,0
BRDA:126,5,0,0
BRDA:126,5,1,0
BRDA:132,6,0,0
BRDA:132,6,1,0
BRDA:143,7,0,0
BRDA:143,7,1,0
BRDA:147,8,0,0
BRDA:147,8,1,0
BRDA:147,9,0,0
BRDA:147,9,1,0
BRDA:151,10,0,0
BRDA:151,10,1,0
BRDA:151,11,0,0
BRDA:151,11,1,0
BRDA:155,12,0,0
BRDA:155,12,1,0
BRDA:155,13,0,0
BRDA:155,13,1,0
BRDA:160,14,0,0
BRDA:160,14,1,0
BRDA:175,15,0,0
BRDA:175,15,1,0
BRDA:199,16,0,0
BRDA:199,16,1,0
BRDA:200,17,0,0
BRDA:200,17,1,0
BRDA:219,18,0,0
BRDA:219,18,1,0
BRDA:219,19,0,0
BRDA:219,19,1,0
BRDA:235,20,0,0
BRDA:235,20,1,0
BRDA:235,21,0,0
BRDA:235,21,1,0
BRDA:267,22,0,0
BRDA:267,22,1,0
BRDA:286,23,0,0
BRDA:286,23,1,0
BRDA:287,24,0,0
BRDA:287,24,1,0
BRDA:312,25,0,0
BRDA:312,25,1,0
BRDA:346,26,0,0
BRDA:346,26,1,0
BRDA:347,27,0,0
BRDA:347,27,1,0
BRDA:371,28,0,0
BRDA:371,28,1,0
BRDA:393,29,0,0
BRDA:393,29,1,0
BRDA:538,30,0,0
BRDA:538,30,1,0
BRDA:538,31,0,0
BRDA:538,31,1,0
BRDA:581,32,0,0
BRDA:581,32,1,0
BRDA:606,33,0,0
BRDA:606,33,1,0
BRDA:637,34,0,0
BRDA:637,34,1,0
BRDA:663,35,0,0
BRDA:663,35,1,0
BRDA:664,36,0,0
BRDA:664,36,1,0
BRDA:673,37,0,0
BRDA:673,37,1,0
BRDA:730,38,0,0
BRDA:730,38,1,0
BRDA:737,39,0,0
BRDA:737,39,1,0
BRF:80
BRH:0
end_of_record
TN:
SF:src\components\Button.tsx
FN:30,Button
FN:44,(anonymous_1)
FN:82,(anonymous_2)
FNF:3
FNH:0
FNDA:0,Button
FNDA:0,(anonymous_1)
FNDA:0,(anonymous_2)
DA:42,0
DA:44,0
DA:45,0
DA:47,0
DA:49,0
DA:50,0
DA:52,0
DA:53,0
DA:55,0
DA:61,0
DA:63,0
DA:68,0
DA:71,0
DA:72,0
DA:75,0
DA:76,0
DA:79,0
DA:82,0
DA:83,0
DA:85,0
DA:88,0
DA:89,0
DA:92,0
DA:93,0
DA:96,0
DA:97,0
DA:100,0
DA:103,0
DA:131,0
LF:29
LH:0
BRDA:33,0,0,0
BRDA:34,1,0,0
BRDA:35,2,0,0
BRDA:36,3,0,0
BRDA:38,4,0,0
BRDA:47,5,0,0
BRDA:47,5,1,0
BRDA:47,5,2,0
BRDA:47,5,3,0
BRDA:71,6,0,0
BRDA:71,6,1,0
BRDA:71,7,0,0
BRDA:71,7,1,0
BRDA:75,8,0,0
BRDA:75,8,1,0
BRDA:85,9,0,0
BRDA:85,9,1,0
BRDA:85,9,2,0
BRDA:85,9,3,0
BRDA:96,10,0,0
BRDA:96,10,1,0
BRDA:96,11,0,0
BRDA:96,11,1,0
BRDA:108,12,0,0
BRDA:108,12,1,0
BRDA:111,13,0,0
BRDA:111,13,1,0
BRDA:114,14,0,0
BRDA:114,14,1,0
BRDA:118,15,0,0
BRDA:118,15,1,0
BRDA:118,16,0,0
BRDA:118,16,1,0
BRDA:123,17,0,0
BRDA:123,17,1,0
BRF:35
BRH:0
end_of_record
TN:
SF:src\components\CalculateurRationComponent.tsx
FN:24,CalculateurRationComponent
FN:27,(anonymous_1)
FN:28,(anonymous_2)
FN:39,(anonymous_3)
FN:56,(anonymous_4)
FN:58,(anonymous_5)
FN:61,(anonymous_6)
FN:78,(anonymous_7)
FN:119,(anonymous_8)
FN:132,(anonymous_9)
FN:154,(anonymous_10)
FN:158,(anonymous_11)
FN:164,(anonymous_12)
FN:196,(anonymous_13)
FN:206,(anonymous_14)
FN:297,(anonymous_15)
FNF:16
FNH:0
FNDA:0,CalculateurRationComponent
FNDA:0,(anonymous_1)
FNDA:0,(anonymous_2)
FNDA:0,(anonymous_3)
FNDA:0,(anonymous_4)
FNDA:0,(anonymous_5)
FNDA:0,(anonymous_6)
FNDA:0,(anonymous_7)
FNDA:0,(anonymous_8)
FNDA:0,(anonymous_9)
FNDA:0,(anonymous_10)
FNDA:0,(anonymous_11)
FNDA:0,(anonymous_12)
FNDA:0,(anonymous_13)
FNDA:0,(anonymous_14)
FNDA:0,(anonymous_15)
DA:25,0
DA:26,0
DA:27,0
DA:28,0
DA:31,0
DA:32,0
DA:33,0
DA:34,0
DA:37,0
DA:39,0
DA:40,0
DA:41,0
DA:45,0
DA:56,0
DA:57,0
DA:58,0
DA:60,0
DA:62,0
DA:66,0
DA:72,0
DA:78,0
DA:80,0
DA:81,0
DA:82,0
DA:84,0
DA:85,0
DA:86,0
DA:88,0
DA:89,0
DA:90,0
DA:93,0
DA:94,0
DA:95,0
DA:98,0
DA:99,0
DA:104,0
DA:108,0
DA:109,0
DA:112,0
DA:113,0
DA:116,0
DA:119,0
DA:120,0
DA:121,0
DA:122,0
DA:132,0
DA:133,0
DA:134,0
DA:137,0
DA:151,0
DA:154,0
DA:155,0
DA:156,0
DA:158,0
DA:164,0
DA:165,0
DA:166,0
DA:167,0
DA:168,0
DA:171,0
DA:172,0
DA:175,0
DA:197,0
DA:206,0
DA:298,0
DA:415,0
LF:66
LH:0
BRDA:40,0,0,0
BRDA:40,0,1,0
BRDA:62,1,0,0
BRDA:62,1,1,0
BRDA:68,2,0,0
BRDA:68,2,1,0
BRDA:69,3,0,0
BRDA:69,3,1,0
BRDA:80,4,0,0
BRDA:80,4,1,0
BRDA:80,5,0,0
BRDA:80,5,1,0
BRDA:84,6,0,0
BRDA:84,6,1,0
BRDA:84,7,0,0
BRDA:84,7,1,0
BRDA:88,8,0,0
BRDA:88,8,1,0
BRDA:88,9,0,0
BRDA:88,9,1,0
BRDA:98,10,0,0
BRDA:98,10,1,0
BRDA:109,11,0,0
BRDA:109,11,1,0
BRDA:133,12,0,0
BRDA:133,12,1,0
BRDA:134,13,0,0
BRDA:134,13,1,0
BRDA:155,14,0,0
BRDA:155,14,1,0
BRDA:171,15,0,0
BRDA:171,15,1,0
BRDA:202,16,0,0
BRDA:202,16,1,0
BRDA:203,17,0,0
BRDA:203,17,1,0
BRDA:212,18,0,0
BRDA:212,18,1,0
BRDA:260,19,0,0
BRDA:260,19,1,0
BRDA:315,20,0,0
BRDA:315,20,1,0
BRDA:318,21,0,0
BRDA:318,21,1,0
BRDA:322,22,0,0
BRDA:322,22,1,0
BRDA:395,23,0,0
BRDA:395,23,1,0
BRDA:395,23,2,0
BRF:49
BRH:0
end_of_record
TN:
SF:src\components\CalendrierVaccinalModal.tsx
FN:52,CalendrierVaccinalModal
FN:56,(anonymous_1)
FN:57,(anonymous_2)
FN:62,(anonymous_3)
FN:64,(anonymous_4)
FN:66,(anonymous_5)
FN:82,(anonymous_6)
FN:86,(anonymous_7)
FN:87,(anonymous_8)
FN:91,(anonymous_9)
FN:95,(anonymous_10)
FN:162,(anonymous_11)
FN:167,(anonymous_12)
FN:171,(anonymous_13)
FN:176,(anonymous_14)
FN:180,(anonymous_15)
FN:187,(anonymous_16)
FN:200,(anonymous_17)
FN:203,(anonymous_18)
FN:205,(anonymous_19)
FN:208,(anonymous_20)
FN:210,(anonymous_21)
FN:214,(anonymous_22)
FN:227,(anonymous_23)
FN:240,(anonymous_24)
FN:245,(anonymous_25)
FN:253,(anonymous_26)
FN:342,(anonymous_27)
FN:374,(anonymous_28)
FN:394,(anonymous_29)
FN:414,(anonymous_30)
FN:434,(anonymous_31)
FN:454,(anonymous_32)
FN:470,(anonymous_33)
FN:473,(anonymous_34)
FNF:35
FNH:0
FNDA:0,CalendrierVaccinalModal
FNDA:0,(anonymous_1)
FNDA:0,(anonymous_2)
FNDA:0,(anonymous_3)
FNDA:0,(anonymous_4)
FNDA:0,(anonymous_5)
FNDA:0,(anonymous_6)
FNDA:0,(anonymous_7)
FNDA:0,(anonymous_8)
FNDA:0,(anonymous_9)
FNDA:0,(anonymous_10)
FNDA:0,(anonymous_11)
FNDA:0,(anonymous_12)
FNDA:0,(anonymous_13)
FNDA:0,(anonymous_14)
FNDA:0,(anonymous_15)
FNDA:0,(anonymous_16)
FNDA:0,(anonymous_17)
FNDA:0,(anonymous_18)
FNDA:0,(anonymous_19)
FNDA:0,(anonymous_20)
FNDA:0,(anonymous_21)
FNDA:0,(anonymous_22)
FNDA:0,(anonymous_23)
FNDA:0,(anonymous_24)
FNDA:0,(anonymous_25)
FNDA:0,(anonymous_26)
FNDA:0,(anonymous_27)
FNDA:0,(anonymous_28)
FNDA:0,(anonymous_29)
FNDA:0,(anonymous_30)
FNDA:0,(anonymous_31)
FNDA:0,(anonymous_32)
FNDA:0,(anonymous_33)
FNDA:0,(anonymous_34)
DA:53,0
DA:54,0
DA:56,0
DA:57,0
DA:59,0
DA:62,0
DA:63,0
DA:64,0
DA:66,0
DA:67,0
DA:68,0
DA:78,0
DA:81,0
DA:82,0
DA:86,0
DA:87,0
DA:90,0
DA:91,0
DA:94,0
DA:95,0
DA:99,0
DA:102,0
DA:103,0
DA:104,0
DA:107,0
DA:108,0
DA:109,0
DA:110,0
DA:111,0
DA:115,0
DA:119,0
DA:120,0
DA:124,0
DA:126,0
DA:127,0
DA:128,0
DA:132,0
DA:133,0
DA:135,0
DA:139,0
DA:162,0
DA:163,0
DA:165,0
DA:167,0
DA:168,0
DA:170,0
DA:171,0
DA:173,0
DA:175,0
DA:176,0
DA:178,0
DA:180,0
DA:181,0
DA:183,0
DA:187,0
DA:188,0
DA:189,0
DA:191,0
DA:192,0
DA:195,0
DA:200,0
DA:201,0
DA:203,0
DA:205,0
DA:208,0
DA:210,0
DA:214,0
DA:215,0
DA:217,0
DA:219,0
DA:221,0
DA:223,0
DA:227,0
DA:228,0
DA:230,0
DA:232,0
DA:234,0
DA:236,0
DA:240,0
DA:241,0
DA:247,0
DA:253,0
DA:254,0
DA:255,0
DA:257,0
DA:342,0
DA:352,0
DA:374,0
DA:394,0
DA:414,0
DA:434,0
DA:454,0
DA:470,0
DA:473,0
DA:488,0
LF:95
LH:0
BRDA:64,0,0,0
BRDA:64,0,1,0
BRDA:67,1,0,0
BRDA:67,1,1,0
BRDA:70,2,0,0
BRDA:70,2,1,0
BRDA:70,2,2,0
BRDA:71,3,0,0
BRDA:71,3,1,0
BRDA:82,4,0,0
BRDA:82,4,1,0
BRDA:90,5,0,0
BRDA:90,5,1,0
BRDA:91,6,0,0
BRDA:91,6,1,0
BRDA:102,7,0,0
BRDA:102,7,1,0
BRDA:107,8,0,0
BRDA:107,8,1,0
BRDA:109,9,0,0
BRDA:109,9,1,0
BRDA:124,10,0,0
BRDA:124,10,1,0
BRDA:132,11,0,0
BRDA:132,11,1,0
BRDA:132,12,0,0
BRDA:132,12,1,0
BRDA:141,13,0,0
BRDA:141,13,1,0
BRDA:141,13,2,0
BRDA:142,14,0,0
BRDA:142,14,1,0
BRDA:146,15,0,0
BRDA:146,15,1,0
BRDA:154,16,0,0
BRDA:154,16,1,0
BRDA:165,17,0,0
BRDA:165,17,1,0
BRDA:165,17,2,0
BRDA:165,17,3,0
BRDA:165,17,4,0
BRDA:171,18,0,0
BRDA:171,18,1,0
BRDA:171,18,2,0
BRDA:176,19,0,0
BRDA:176,19,1,0
BRDA:176,19,2,0
BRDA:188,20,0,0
BRDA:188,20,1,0
BRDA:188,21,0,0
BRDA:188,21,1,0
BRDA:189,22,0,0
BRDA:189,22,1,0
BRDA:189,23,0,0
BRDA:189,23,1,0
BRDA:191,24,0,0
BRDA:191,24,1,0
BRDA:191,25,0,0
BRDA:191,25,1,0
BRDA:205,26,0,0
BRDA:205,26,1,0
BRDA:205,26,2,0
BRDA:208,27,0,0
BRDA:208,27,1,0
BRDA:208,27,2,0
BRDA:215,28,0,0
BRDA:215,28,1,0
BRDA:215,28,2,0
BRDA:215,28,3,0
BRDA:228,29,0,0
BRDA:228,29,1,0
BRDA:228,29,2,0
BRDA:228,29,3,0
BRDA:270,30,0,0
BRDA:270,30,1,0
BRDA:272,31,0,0
BRDA:272,31,1,0
BRDA:288,32,0,0
BRDA:288,32,1,0
BRDA:297,33,0,0
BRDA:297,33,1,0
BRDA:306,34,0,0
BRDA:306,34,1,0
BRDA:309,35,0,0
BRDA:309,35,1,0
BRDA:314,36,0,0
BRDA:314,36,1,0
BRDA:321,37,0,0
BRDA:321,37,1,0
BRDA:329,38,0,0
BRDA:329,38,1,0
BRDA:339,39,0,0
BRDA:339,39,1,0
BRDA:339,39,2,0
BRDA:370,40,0,0
BRDA:370,40,1,0
BRDA:379,41,0,0
BRDA:379,41,1,0
BRDA:390,42,0,0
BRDA:390,42,1,0
BRDA:399,43,0,0
BRDA:399,43,1,0
BRDA:410,44,0,0
BRDA:410,44,1,0
BRDA:419,45,0,0
BRDA:419,45,1,0
BRDA:430,46,0,0
BRDA:430,46,1,0
BRDA:439,47,0,0
BRDA:439,47,1,0
BRDA:450,48,0,0
BRDA:450,48,1,0
BRDA:459,49,0,0
BRDA:459,49,1,0
BRF:114
BRH:0
end_of_record
TN:
SF:src\components\Card.tsx
FN:16,Card
FNF:1
FNH:0
FNDA:0,Card
DA:24,0
DA:26,0
DA:32,0
DA:39,0
DA:43,0
DA:58,0
DA:59,0
DA:70,0
DA:73,0
LF:9
LH:0
BRDA:20,0,0,0
BRDA:21,1,0,0
BRDA:22,2,0,0
BRDA:39,3,0,0
BRDA:39,3,1,0
BRDA:45,4,0,0
BRDA:45,4,1,0
BRDA:58,5,0,0
BRDA:58,5,1,0
BRF:9
BRH:0
end_of_record
TN:
SF:src\components\ChargeFixeFormModal.tsx
FN:25,ChargeFixeFormModal
FN:35,(anonymous_1)
FN:47,(anonymous_2)
FN:72,(anonymous_3)
FN:136,(anonymous_4)
FN:148,(anonymous_5)
FN:171,(anonymous_6)
FN:179,(anonymous_7)
FN:193,(anonymous_8)
FN:215,(anonymous_9)
FN:224,(anonymous_10)
FN:231,(anonymous_11)
FN:245,(anonymous_12)
FN:268,(anonymous_13)
FN:283,(anonymous_14)
FNF:15
FNH:0
FNDA:0,ChargeFixeFormModal
FNDA:0,(anonymous_1)
FNDA:0,(anonymous_2)
FNDA:0,(anonymous_3)
FNDA:0,(anonymous_4)
FNDA:0,(anonymous_5)
FNDA:0,(anonymous_6)
FNDA:0,(anonymous_7)
FNDA:0,(anonymous_8)
FNDA:0,(anonymous_9)
FNDA:0,(anonymous_10)
FNDA:0,(anonymous_11)
FNDA:0,(anonymous_12)
FNDA:0,(anonymous_13)
FNDA:0,(anonymous_14)
DA:32,0
DA:33,0
DA:34,0
DA:35,0
DA:36,0
DA:37,0
DA:47,0
DA:48,0
DA:49,0
DA:60,0
DA:72,0
DA:74,0
DA:75,0
DA:79,0
DA:81,0
DA:82,0
DA:86,0
DA:90,0
DA:91,0
DA:93,0
DA:94,0
DA:96,0
DA:97,0
DA:100,0
DA:101,0
DA:102,0
DA:103,0
DA:110,0
DA:117,0
DA:119,0
DA:121,0
DA:125,0
DA:134,0
DA:136,0
DA:137,0
DA:145,0
DA:148,0
DA:149,0
DA:154,0
DA:157,0
DA:171,0
DA:180,0
DA:193,0
DA:215,0
DA:224,0
DA:232,0
DA:245,0
DA:269,0
DA:283,0
DA:293,0
LF:50
LH:0
BRDA:30,0,0,0
BRDA:48,1,0,0
BRDA:48,1,1,0
BRDA:48,2,0,0
BRDA:48,2,1,0
BRDA:56,3,0,0
BRDA:56,3,1,0
BRDA:74,4,0,0
BRDA:74,4,1,0
BRDA:74,5,0,0
BRDA:74,5,1,0
BRDA:81,6,0,0
BRDA:81,6,1,0
BRDA:81,7,0,0
BRDA:81,7,1,0
BRDA:90,8,0,0
BRDA:90,8,1,0
BRDA:93,9,0,0
BRDA:93,9,1,0
BRDA:96,10,0,0
BRDA:96,10,1,0
BRDA:96,11,0,0
BRDA:96,11,1,0
BRDA:102,12,0,0
BRDA:102,12,1,0
BRDA:102,13,0,0
BRDA:102,13,1,0
BRDA:161,14,0,0
BRDA:161,14,1,0
BRDA:162,15,0,0
BRDA:162,15,1,0
BRDA:188,16,0,0
BRDA:188,16,1,0
BRDA:199,17,0,0
BRDA:199,17,1,0
BRDA:215,18,0,0
BRDA:215,18,1,0
BRDA:240,19,0,0
BRDA:240,19,1,0
BRDA:251,20,0,0
BRDA:251,20,1,0
BRDA:264,21,0,0
BRDA:264,21,1,0
BRDA:267,22,0,0
BRDA:267,22,1,0
BRDA:271,23,0,0
BRDA:271,23,1,0
BRF:47
BRH:0
end_of_record
TN:
SF:src\components\CollaborationFormModal.tsx
FN:32,CollaborationFormModal
FN:41,(anonymous_1)
FN:65,(anonymous_2)
FN:94,(anonymous_3)
FN:95,(anonymous_4)
FN:102,(anonymous_5)
FN:154,(anonymous_6)
FN:155,(anonymous_7)
FN:179,(anonymous_8)
FN:186,(anonymous_9)
FN:193,(anonymous_10)
FN:202,(anonymous_11)
FN:210,(anonymous_12)
FN:224,(anonymous_13)
FN:247,(anonymous_14)
FN:261,(anonymous_15)
FN:284,(anonymous_16)
FN:291,(anonymous_17)
FN:303,(anonymous_18)
FNF:19
FNH:0
FNDA:0,CollaborationFormModal
FNDA:0,(anonymous_1)
FNDA:0,(anonymous_2)
FNDA:0,(anonymous_3)
FNDA:0,(anonymous_4)
FNDA:0,(anonymous_5)
FNDA:0,(anonymous_6)
FNDA:0,(anonymous_7)
FNDA:0,(anonymous_8)
FNDA:0,(anonymous_9)
FNDA:0,(anonymous_10)
FNDA:0,(anonymous_11)
FNDA:0,(anonymous_12)
FNDA:0,(anonymous_13)
FNDA:0,(anonymous_14)
FNDA:0,(anonymous_15)
FNDA:0,(anonymous_16)
FNDA:0,(anonymous_17)
FNDA:0,(anonymous_18)
DA:39,0
DA:40,0
DA:41,0
DA:42,0
DA:43,0
DA:44,0
DA:56,0
DA:63,0
DA:65,0
DA:66,0
DA:67,0
DA:79,0
DA:94,0
DA:95,0
DA:102,0
DA:104,0
DA:105,0
DA:109,0
DA:113,0
DA:114,0
DA:115,0
DA:117,0
DA:118,0
DA:119,0
DA:121,0
DA:122,0
DA:123,0
DA:125,0
DA:126,0
DA:127,0
DA:129,0
DA:130,0
DA:131,0
DA:134,0
DA:135,0
DA:136,0
DA:137,0
DA:144,0
DA:146,0
DA:148,0
DA:150,0
DA:154,0
DA:155,0
DA:164,0
DA:179,0
DA:186,0
DA:193,0
DA:202,0
DA:211,0
DA:224,0
DA:248,0
DA:261,0
DA:285,0
DA:291,0
DA:303,0
DA:312,0
LF:56
LH:0
BRDA:37,0,0,0
BRDA:45,1,0,0
BRDA:45,1,1,0
BRDA:66,2,0,0
BRDA:66,2,1,0
BRDA:66,3,0,0
BRDA:66,3,1,0
BRDA:72,4,0,0
BRDA:72,4,1,0
BRDA:76,5,0,0
BRDA:76,5,1,0
BRDA:80,6,0,0
BRDA:80,6,1,0
BRDA:98,7,0,0
BRDA:98,7,1,0
BRDA:98,8,0,0
BRDA:98,8,1,0
BRDA:104,9,0,0
BRDA:104,9,1,0
BRDA:113,10,0,0
BRDA:113,10,1,0
BRDA:117,11,0,0
BRDA:117,11,1,0
BRDA:121,12,0,0
BRDA:121,12,1,0
BRDA:125,13,0,0
BRDA:125,13,1,0
BRDA:129,14,0,0
BRDA:129,14,1,0
BRDA:136,15,0,0
BRDA:136,15,1,0
BRDA:136,16,0,0
BRDA:136,16,1,0
BRDA:148,17,0,0
BRDA:148,17,1,0
BRDA:168,18,0,0
BRDA:168,18,1,0
BRDA:169,19,0,0
BRDA:169,19,1,0
BRDA:219,20,0,0
BRDA:219,20,1,0
BRDA:230,21,0,0
BRDA:230,21,1,0
BRDA:243,22,0,0
BRDA:243,22,1,0
BRDA:256,23,0,0
BRDA:256,23,1,0
BRDA:267,24,0,0
BRDA:267,24,1,0
BRDA:284,25,0,0
BRDA:284,25,1,0
BRDA:293,26,0,0
BRDA:293,26,1,0
BRF:53
BRH:0
end_of_record
TN:
SF:src\components\CollaborationListComponent.tsx
FN:39,CollaborationListComponent
FN:44,(anonymous_1)
FN:45,(anonymous_2)
FN:54,(anonymous_3)
FN:60,(anonymous_4)
FN:64,(anonymous_5)
FN:67,(anonymous_6)
FN:68,(anonymous_7)
FN:69,(anonymous_8)
FN:74,(anonymous_9)
FN:81,(anonymous_10)
FN:92,(anonymous_11)
FN:97,(anonymous_12)
FN:107,(anonymous_13)
FN:120,(anonymous_14)
FN:131,(anonymous_15)
FN:143,(anonymous_16)
FN:154,(anonymous_17)
FN:160,(anonymous_18)
FN:167,(anonymous_19)
FN:184,(anonymous_20)
FN:225,(anonymous_21)
FN:258,(anonymous_22)
FN:269,(anonymous_23)
FN:304,(anonymous_24)
FN:345,(anonymous_25)
FN:354,(anonymous_26)
FN:360,(anonymous_27)
FN:419,(anonymous_28)
FN:455,(anonymous_29)
FNF:30
FNH:0
FNDA:0,CollaborationListComponent
FNDA:0,(anonymous_1)
FNDA:0,(anonymous_2)
FNDA:0,(anonymous_3)
FNDA:0,(anonymous_4)
FNDA:0,(anonymous_5)
FNDA:0,(anonymous_6)
FNDA:0,(anonymous_7)
FNDA:0,(anonymous_8)
FNDA:0,(anonymous_9)
FNDA:0,(anonymous_10)
FNDA:0,(anonymous_11)
FNDA:0,(anonymous_12)
FNDA:0,(anonymous_13)
FNDA:0,(anonymous_14)
FNDA:0,(anonymous_15)
FNDA:0,(anonymous_16)
FNDA:0,(anonymous_17)
FNDA:0,(anonymous_18)
FNDA:0,(anonymous_19)
FNDA:0,(anonymous_20)
FNDA:0,(anonymous_21)
FNDA:0,(anonymous_22)
FNDA:0,(anonymous_23)
FNDA:0,(anonymous_24)
FNDA:0,(anonymous_25)
FNDA:0,(anonymous_26)
FNDA:0,(anonymous_27)
FNDA:0,(anonymous_28)
FNDA:0,(anonymous_29)
DA:40,0
DA:41,0
DA:42,0
DA:43,0
DA:44,0
DA:45,0
DA:46,0
DA:47,0
DA:48,0
DA:49,0
DA:50,0
DA:51,0
DA:52,0
DA:54,0
DA:55,0
DA:56,0
DA:60,0
DA:61,0
DA:62,0
DA:64,0
DA:67,0
DA:68,0
DA:69,0
DA:70,0
DA:74,0
DA:75,0
DA:76,0
DA:77,0
DA:81,0
DA:82,0
DA:83,0
DA:86,0
DA:87,0
DA:88,0
DA:89,0
DA:91,0
DA:92,0
DA:93,0
DA:97,0
DA:98,0
DA:99,0
DA:100,0
DA:102,0
DA:103,0
DA:104,0
DA:107,0
DA:108,0
DA:109,0
DA:110,0
DA:112,0
DA:121,0
DA:122,0
DA:123,0
DA:131,0
DA:132,0
DA:133,0
DA:134,0
DA:136,0
DA:144,0
DA:145,0
DA:146,0
DA:154,0
DA:155,0
DA:156,0
DA:157,0
DA:160,0
DA:161,0
DA:162,0
DA:163,0
DA:167,0
DA:168,0
DA:170,0
DA:172,0
DA:174,0
DA:176,0
DA:178,0
DA:180,0
DA:184,0
DA:185,0
DA:187,0
DA:189,0
DA:191,0
DA:193,0
DA:197,0
DA:198,0
DA:205,0
DA:206,0
DA:209,0
DA:226,0
DA:227,0
DA:228,0
DA:259,0
DA:269,0
DA:305,0
DA:345,0
DA:354,0
DA:360,0
DA:420,0
DA:455,0
DA:487,0
LF:100
LH:0
BRDA:55,0,0,0
BRDA:55,0,1,0
BRDA:61,1,0,0
BRDA:61,1,1,0
BRDA:82,2,0,0
BRDA:82,2,1,0
BRDA:91,3,0,0
BRDA:91,3,1,0
BRDA:98,4,0,0
BRDA:98,4,1,0
BRDA:108,5,0,0
BRDA:108,5,1,0
BRDA:122,6,0,0
BRDA:122,6,1,0
BRDA:132,7,0,0
BRDA:132,7,1,0
BRDA:145,8,0,0
BRDA:145,8,1,0
BRDA:162,9,0,0
BRDA:162,9,1,0
BRDA:168,10,0,0
BRDA:168,10,1,0
BRDA:168,10,2,0
BRDA:168,10,3,0
BRDA:168,10,4,0
BRDA:168,10,5,0
BRDA:185,11,0,0
BRDA:185,11,1,0
BRDA:185,11,2,0
BRDA:185,11,3,0
BRDA:197,12,0,0
BRDA:197,12,1,0
BRDA:205,13,0,0
BRDA:205,13,1,0
BRDA:222,14,0,0
BRDA:222,14,1,0
BRDA:238,15,0,0
BRDA:238,15,1,0
BRDA:264,16,0,0
BRDA:264,16,1,0
BRDA:265,17,0,0
BRDA:265,17,1,0
BRDA:267,18,0,0
BRDA:267,18,1,0
BRDA:275,19,0,0
BRDA:275,19,1,0
BRDA:277,20,0,0
BRDA:277,20,1,0
BRDA:281,21,0,0
BRDA:281,21,1,0
BRDA:289,22,0,0
BRDA:289,22,1,0
BRDA:342,23,0,0
BRDA:342,23,1,0
BRDA:342,23,2,0
BRDA:350,24,0,0
BRDA:350,24,1,0
BRDA:406,25,0,0
BRDA:406,25,1,0
BRDA:420,26,0,0
BRDA:420,26,1,0
BRDA:440,27,0,0
BRDA:440,27,1,0
BRDA:468,28,0,0
BRDA:468,28,1,0
BRF:65
BRH:0
end_of_record
TN:
SF:src\components\CompactCard.tsx
FN:17,CompactCard
FN:46,CompactCardHeader
FNF:2
FNH:0
FNDA:0,CompactCard
FNDA:0,CompactCardHeader
DA:18,0
DA:20,0
DA:54,0
DA:56,0
DA:76,0
LF:5
LH:0
BRDA:17,0,0,0
BRDA:28,1,0,0
BRDA:28,1,1,0
BRDA:59,2,0,0
BRDA:59,2,1,0
BRDA:64,3,0,0
BRDA:64,3,1,0
BRDA:71,4,0,0
BRDA:71,4,1,0
BRF:9
BRH:0
end_of_record
TN:
SF:src\components\CustomModal.tsx
FN:26,CustomModal
FN:50,(anonymous_1)
FN:63,(anonymous_2)
FN:76,(anonymous_3)
FN:92,(anonymous_4)
FN:106,(anonymous_5)
FN:120,(anonymous_6)
FNF:7
FNH:0
FNDA:0,CustomModal
FNDA:0,(anonymous_1)
FNDA:0,(anonymous_2)
FNDA:0,(anonymous_3)
FNDA:0,(anonymous_4)
FNDA:0,(anonymous_5)
FNDA:0,(anonymous_6)
DA:40,0
DA:41,0
DA:42,0
DA:43,0
DA:44,0
DA:47,0
DA:51,0
DA:63,0
DA:64,0
DA:65,0
DA:66,0
DA:67,0
DA:70,0
DA:71,0
DA:73,0
DA:74,0
DA:77,0
DA:78,0
DA:79,0
DA:81,0
DA:90,0
DA:93,0
DA:95,0
DA:103,0
DA:106,0
DA:107,0
DA:108,0
DA:109,0
DA:111,0
DA:112,0
DA:115,0
DA:120,0
DA:121,0
DA:122,0
DA:136,0
DA:137,0
DA:138,0
DA:142,0
DA:250,0
LF:39
LH:0
BRDA:31,0,0,0
BRDA:33,1,0,0
BRDA:34,2,0,0
BRDA:35,3,0,0
BRDA:36,4,0,0
BRDA:37,5,0,0
BRDA:38,6,0,0
BRDA:48,7,0,0
BRDA:48,7,1,0
BRDA:48,7,2,0
BRDA:64,8,0,0
BRDA:64,8,1,0
BRDA:75,9,0,0
BRDA:75,9,1,0
BRDA:77,10,0,0
BRDA:77,10,1,0
BRDA:83,11,0,0
BRDA:83,11,1,0
BRDA:91,12,0,0
BRDA:91,12,1,0
BRDA:97,13,0,0
BRDA:97,13,1,0
BRDA:108,14,0,0
BRDA:108,14,1,0
BRDA:111,15,0,0
BRDA:111,15,1,0
BRDA:121,16,0,0
BRDA:121,16,1,0
BRDA:189,17,0,0
BRDA:189,17,1,0
BRDA:209,18,0,0
BRDA:209,18,1,0
BRDA:224,19,0,0
BRDA:224,19,1,0
BRDA:232,20,0,0
BRDA:232,20,1,0
BRDA:238,21,0,0
BRDA:238,21,1,0
BRF:38
BRH:0
end_of_record
TN:
SF:src\components\CustomReadOnlyModal.tsx
FN:20,CustomReadOnlyModal
FN:32,(anonymous_1)
FNF:2
FNH:0
FNDA:0,CustomReadOnlyModal
FNDA:0,(anonymous_1)
DA:28,0
DA:29,0
DA:30,0
DA:32,0
DA:33,0
DA:34,0
DA:48,0
DA:49,0
DA:53,0
DA:125,0
LF:10
LH:0
BRDA:25,0,0,0
BRDA:26,1,0,0
BRDA:33,2,0,0
BRDA:33,2,1,0
BRDA:108,3,0,0
BRDA:108,3,1,0
BRF:6
BRH:0
end_of_record
TN:
SF:src\components\DepenseFormModal.tsx
FN:26,DepenseFormModal
FN:35,(anonymous_1)
FN:48,(anonymous_2)
FN:73,(anonymous_3)
FN:85,(anonymous_4)
FN:97,(anonymous_5)
FN:123,(anonymous_6)
FN:147,(anonymous_7)
FN:149,(anonymous_8)
FN:153,(anonymous_9)
FN:222,(anonymous_10)
FN:240,(anonymous_11)
FN:249,(anonymous_12)
FN:263,(anonymous_13)
FN:322,(anonymous_14)
FN:331,(anonymous_15)
FN:338,(anonymous_16)
FN:350,(anonymous_17)
FN:355,(anonymous_18)
FNF:19
FNH:0
FNDA:0,DepenseFormModal
FNDA:0,(anonymous_1)
FNDA:0,(anonymous_2)
FNDA:0,(anonymous_3)
FNDA:0,(anonymous_4)
FNDA:0,(anonymous_5)
FNDA:0,(anonymous_6)
FNDA:0,(anonymous_7)
FNDA:0,(anonymous_8)
FNDA:0,(anonymous_9)
FNDA:0,(anonymous_10)
FNDA:0,(anonymous_11)
FNDA:0,(anonymous_12)
FNDA:0,(anonymous_13)
FNDA:0,(anonymous_14)
FNDA:0,(anonymous_15)
FNDA:0,(anonymous_16)
FNDA:0,(anonymous_17)
FNDA:0,(anonymous_18)
DA:33,0
DA:34,0
DA:35,0
DA:36,0
DA:37,0
DA:38,0
DA:48,0
DA:49,0
DA:50,0
DA:61,0
DA:73,0
DA:74,0
DA:75,0
DA:76,0
DA:80,0
DA:82,0
DA:85,0
DA:86,0
DA:87,0
DA:88,0
DA:92,0
DA:94,0
DA:97,0
DA:98,0
DA:99,0
DA:101,0
DA:109,0
DA:110,0
DA:111,0
DA:112,0
DA:113,0
DA:118,0
DA:123,0
DA:124,0
DA:125,0
DA:127,0
DA:133,0
DA:134,0
DA:135,0
DA:136,0
DA:137,0
DA:142,0
DA:147,0
DA:148,0
DA:149,0
DA:150,0
DA:153,0
DA:155,0
DA:156,0
DA:157,0
DA:159,0
DA:160,0
DA:161,0
DA:165,0
DA:166,0
DA:167,0
DA:169,0
DA:170,0
DA:171,0
DA:174,0
DA:175,0
DA:176,0
DA:177,0
DA:191,0
DA:192,0
DA:193,0
DA:195,0
DA:199,0
DA:201,0
DA:203,0
DA:207,0
DA:222,0
DA:223,0
DA:226,0
DA:240,0
DA:250,0
DA:263,0
DA:322,0
DA:331,0
DA:338,0
DA:351,0
DA:355,0
DA:394,0
LF:83
LH:0
BRDA:31,0,0,0
BRDA:39,1,0,0
BRDA:39,1,1,0
BRDA:49,2,0,0
BRDA:49,2,1,0
BRDA:49,3,0,0
BRDA:49,3,1,0
BRDA:54,4,0,0
BRDA:54,4,1,0
BRDA:56,5,0,0
BRDA:56,5,1,0
BRDA:57,6,0,0
BRDA:57,6,1,0
BRDA:62,7,0,0
BRDA:62,7,1,0
BRDA:75,8,0,0
BRDA:75,8,1,0
BRDA:87,9,0,0
BRDA:87,9,1,0
BRDA:99,10,0,0
BRDA:99,10,1,0
BRDA:109,11,0,0
BRDA:109,11,1,0
BRDA:109,12,0,0
BRDA:109,12,1,0
BRDA:110,13,0,0
BRDA:110,13,1,0
BRDA:112,14,0,0
BRDA:112,14,1,0
BRDA:125,15,0,0
BRDA:125,15,1,0
BRDA:133,16,0,0
BRDA:133,16,1,0
BRDA:133,17,0,0
BRDA:133,17,1,0
BRDA:134,18,0,0
BRDA:134,18,1,0
BRDA:136,19,0,0
BRDA:136,19,1,0
BRDA:148,20,0,0
BRDA:148,20,1,0
BRDA:155,21,0,0
BRDA:155,21,1,0
BRDA:155,22,0,0
BRDA:155,22,1,0
BRDA:159,23,0,0
BRDA:159,23,1,0
BRDA:159,24,0,0
BRDA:159,24,1,0
BRDA:165,25,0,0
BRDA:165,25,1,0
BRDA:169,26,0,0
BRDA:169,26,1,0
BRDA:169,27,0,0
BRDA:169,27,1,0
BRDA:176,28,0,0
BRDA:176,28,1,0
BRDA:176,29,0,0
BRDA:176,29,1,0
BRDA:186,30,0,0
BRDA:186,30,1,0
BRDA:191,31,0,0
BRDA:191,31,1,0
BRDA:201,32,0,0
BRDA:201,32,1,0
BRDA:223,33,0,0
BRDA:223,33,1,0
BRDA:230,34,0,0
BRDA:230,34,1,0
BRDA:231,35,0,0
BRDA:231,35,1,0
BRDA:240,36,0,0
BRDA:240,36,1,0
BRDA:258,37,0,0
BRDA:258,37,1,0
BRDA:269,38,0,0
BRDA:269,38,1,0
BRDA:282,39,0,0
BRDA:282,39,1,0
BRDA:288,40,0,0
BRDA:288,40,1,0
BRDA:292,41,0,0
BRDA:292,41,1,0
BRDA:303,42,0,0
BRDA:303,42,1,0
BRDA:309,43,0,0
BRDA:309,43,1,0
BRDA:311,44,0,0
BRDA:311,44,1,0
BRDA:318,45,0,0
BRDA:318,45,1,0
BRDA:321,46,0,0
BRDA:321,46,1,0
BRDA:347,47,0,0
BRDA:347,47,1,0
BRDA:350,48,0,0
BRDA:350,48,1,0
BRDA:362,49,0,0
BRDA:362,49,1,0
BRDA:362,50,0,0
BRDA:362,50,1,0
BRF:101
BRH:0
end_of_record
TN:
SF:src\components\EmptyState.tsx
FN:18,EmptyState
FNF:1
FNH:0
FNDA:0,EmptyState
DA:19,0
DA:21,0
DA:33,0
LF:3
LH:0
BRDA:24,0,0,0
BRDA:24,0,1,0
BRDA:26,1,0,0
BRDA:26,1,1,0
BRDA:27,2,0,0
BRDA:27,2,1,0
BRF:6
BRH:0
end_of_record
TN:
SF:src\components\ErrorBoundary.tsx
FN:40,(anonymous_0)
FN:51,(anonymous_1)
FN:59,(anonymous_2)
FN:125,(anonymous_3)
FN:131,(anonymous_4)
FN:142,(anonymous_5)
FN:152,(anonymous_6)
FN:158,(anonymous_7)
FN:193,useThemeSafe
FN:218,parseStackTrace
FN:257,getFileName
FN:267,parseComponentStack
FN:301,identifyProblematicComponent
FN:312,ErrorFallback
FN:341,(anonymous_14)
FN:355,(anonymous_15)
FN:356,(anonymous_16)
FN:415,(anonymous_17)
FN:428,(anonymous_18)
FN:455,(anonymous_19)
FN:474,(anonymous_20)
FN:487,(anonymous_21)
FN:506,(anonymous_22)
FNF:23
FNH:0
FNDA:0,(anonymous_0)
FNDA:0,(anonymous_1)
FNDA:0,(anonymous_2)
FNDA:0,(anonymous_3)
FNDA:0,(anonymous_4)
FNDA:0,(anonymous_5)
FNDA:0,(anonymous_6)
FNDA:0,(anonymous_7)
FNDA:0,useThemeSafe
FNDA:0,parseStackTrace
FNDA:0,getFileName
FNDA:0,parseComponentStack
FNDA:0,identifyProblematicComponent
FNDA:0,ErrorFallback
FNDA:0,(anonymous_14)
FNDA:0,(anonymous_15)
FNDA:0,(anonymous_16)
FNDA:0,(anonymous_17)
FNDA:0,(anonymous_18)
FNDA:0,(anonymous_19)
FNDA:0,(anonymous_20)
FNDA:0,(anonymous_21)
FNDA:0,(anonymous_22)
DA:36,0
DA:37,0
DA:38,0
DA:41,0
DA:42,0
DA:52,0
DA:60,0
DA:61,0
DA:65,0
DA:67,0
DA:70,0
DA:73,0
DA:74,0
DA:85,0
DA:86,0
DA:87,0
DA:92,0
DA:103,0
DA:104,0
DA:105,0
DA:107,0
DA:112,0
DA:117,0
DA:126,0
DA:127,0
DA:131,0
DA:132,0
DA:135,0
DA:136,0
DA:142,0
DA:143,0
DA:152,0
DA:155,0
DA:159,0
DA:160,0
DA:161,0
DA:164,0
DA:176,0
DA:194,0
DA:195,0
DA:196,0
DA:200,0
DA:219,0
DA:220,0
DA:225,0
DA:227,0
DA:228,0
DA:230,0
DA:231,0
DA:232,0
DA:241,0
DA:251,0
DA:259,0
DA:260,0
DA:261,0
DA:270,0
DA:271,0
DA:275,0
DA:277,0
DA:278,0
DA:280,0
DA:281,0
DA:282,0
DA:288,0
DA:295,0
DA:302,0
DA:304,0
DA:305,0
DA:306,0
DA:309,0
DA:321,0
DA:322,0
DA:323,0
DA:332,0
DA:333,0
DA:336,0
DA:341,0
DA:342,0
DA:343,0
DA:344,0
DA:346,0
DA:349,0
DA:351,0
DA:355,0
DA:356,0
DA:362,0
DA:415,0
DA:429,0
DA:455,0
DA:474,0
DA:488,0
DA:506,0
DA:562,0
LF:93
LH:0
BRDA:37,0,0,0
BRDA:37,0,1,0
BRDA:65,1,0,0
BRDA:65,1,1,0
BRDA:65,1,2,0
BRDA:67,2,0,0
BRDA:67,2,1,0
BRDA:70,3,0,0
BRDA:70,3,1,0
BRDA:73,4,0,0
BRDA:73,4,1,0
BRDA:86,5,0,0
BRDA:86,5,1,0
BRDA:103,6,0,0
BRDA:103,6,1,0
BRDA:112,7,0,0
BRDA:112,7,1,0
BRDA:126,8,0,0
BRDA:126,8,1,0
BRDA:135,9,0,0
BRDA:135,9,1,0
BRDA:159,10,0,0
BRDA:159,10,1,0
BRDA:160,11,0,0
BRDA:160,11,1,0
BRDA:228,12,0,0
BRDA:228,12,1,0
BRDA:228,13,0,0
BRDA:228,13,1,0
BRDA:231,14,0,0
BRDA:231,14,1,0
BRDA:233,15,0,0
BRDA:233,15,1,0
BRDA:261,16,0,0
BRDA:261,16,1,0
BRDA:278,17,0,0
BRDA:278,17,1,0
BRDA:281,18,0,0
BRDA:281,18,1,0
BRDA:305,19,0,0
BRDA:305,19,1,0
BRDA:309,20,0,0
BRDA:309,20,1,0
BRDA:332,21,0,0
BRDA:332,21,1,0
BRDA:333,22,0,0
BRDA:333,22,1,0
BRDA:336,23,0,0
BRDA:336,23,1,0
BRDA:343,24,0,0
BRDA:343,24,1,0
BRDA:343,25,0,0
BRDA:343,25,1,0
BRDA:343,25,2,0
BRDA:371,26,0,0
BRDA:371,26,1,0
BRDA:376,27,0,0
BRDA:376,27,1,0
BRDA:389,28,0,0
BRDA:389,28,1,0
BRDA:389,28,2,0
BRDA:395,29,0,0
BRDA:395,29,1,0
BRDA:412,30,0,0
BRDA:412,30,1,0
BRDA:412,30,2,0
BRDA:422,31,0,0
BRDA:422,31,1,0
BRDA:425,32,0,0
BRDA:425,32,1,0
BRDA:439,33,0,0
BRDA:439,33,1,0
BRDA:448,34,0,0
BRDA:448,34,1,0
BRDA:471,35,0,0
BRDA:471,35,1,0
BRDA:471,35,2,0
BRDA:481,36,0,0
BRDA:481,36,1,0
BRDA:484,37,0,0
BRDA:484,37,1,0
BRDA:495,38,0,0
BRDA:495,38,1,0
BRDA:522,39,0,0
BRDA:522,39,1,0
BRDA:522,39,2,0
BRDA:538,40,0,0
BRDA:538,40,1,0
BRF:88
BRH:0
end_of_record
TN:
SF:src\components\ExportImportComponent.tsx
FN:32,ExportImportComponent
FN:34,(anonymous_1)
FN:38,(anonymous_2)
FN:55,(anonymous_3)
FN:72,(anonymous_4)
FN:130,(anonymous_5)
FN:138,(anonymous_6)
FN:146,(anonymous_7)
FN:154,(anonymous_8)
FNF:9
FNH:0
FNDA:0,ExportImportComponent
FNDA:0,(anonymous_1)
FNDA:0,(anonymous_2)
FNDA:0,(anonymous_3)
FNDA:0,(anonymous_4)
FNDA:0,(anonymous_5)
FNDA:0,(anonymous_6)
FNDA:0,(anonymous_7)
FNDA:0,(anonymous_8)
DA:33,0
DA:34,0
DA:35,0
DA:36,0
DA:38,0
DA:39,0
DA:40,0
DA:41,0
DA:44,0
DA:45,0
DA:46,0
DA:47,0
DA:49,0
DA:51,0
DA:55,0
DA:56,0
DA:57,0
DA:58,0
DA:61,0
DA:62,0
DA:63,0
DA:64,0
DA:66,0
DA:68,0
DA:72,0
DA:73,0
DA:74,0
DA:75,0
DA:78,0
DA:85,0
DA:86,0
DA:95,0
DA:130,0
DA:138,0
DA:146,0
DA:154,0
DA:214,0
LF:37
LH:0
BRDA:39,0,0,0
BRDA:39,0,1,0
BRDA:49,1,0,0
BRDA:49,1,1,0
BRDA:56,2,0,0
BRDA:56,2,1,0
BRDA:66,3,0,0
BRDA:66,3,1,0
BRDA:73,4,0,0
BRDA:73,4,1,0
BRDA:85,5,0,0
BRDA:85,5,1,0
BRDA:114,6,0,0
BRDA:114,6,1,0
BRDA:186,7,0,0
BRDA:186,7,1,0
BRF:16
BRH:0
end_of_record
TN:
SF:src\components\FinanceBilanComptableComponent.tsx
FN:27,FinanceBilanComptableComponent
FN:30,(anonymous_1)
FN:31,(anonymous_2)
FN:38,(anonymous_3)
FN:44,(anonymous_4)
FN:57,(anonymous_5)
FN:68,(anonymous_6)
FN:75,(anonymous_7)
FN:77,(anonymous_8)
FN:81,(anonymous_9)
FN:85,(anonymous_10)
FN:96,(anonymous_11)
FN:104,(anonymous_12)
FN:147,(anonymous_13)
FNF:14
FNH:0
FNDA:0,FinanceBilanComptableComponent
FNDA:0,(anonymous_1)
FNDA:0,(anonymous_2)
FNDA:0,(anonymous_3)
FNDA:0,(anonymous_4)
FNDA:0,(anonymous_5)
FNDA:0,(anonymous_6)
FNDA:0,(anonymous_7)
FNDA:0,(anonymous_8)
FNDA:0,(anonymous_9)
FNDA:0,(anonymous_10)
FNDA:0,(anonymous_11)
FNDA:0,(anonymous_12)
FNDA:0,(anonymous_13)
DA:28,0
DA:29,0
DA:30,0
DA:31,0
DA:33,0
DA:36,0
DA:38,0
DA:39,0
DA:40,0
DA:44,0
DA:45,0
DA:46,0
DA:47,0
DA:48,0
DA:50,0
DA:52,0
DA:57,0
DA:58,0
DA:59,0
DA:62,0
DA:68,0
DA:75,0
DA:76,0
DA:77,0
DA:80,0
DA:81,0
DA:84,0
DA:85,0
DA:89,0
DA:96,0
DA:97,0
DA:104,0
DA:105,0
DA:148,0
DA:179,0
DA:180,0
DA:190,0
DA:284,0
LF:38
LH:0
BRDA:36,0,0,0
BRDA:36,0,1,0
BRDA:39,1,0,0
BRDA:39,1,1,0
BRDA:45,2,0,0
BRDA:45,2,1,0
BRDA:58,3,0,0
BRDA:58,3,1,0
BRDA:58,4,0,0
BRDA:58,4,1,0
BRDA:70,5,0,0
BRDA:70,5,1,0
BRDA:142,6,0,0
BRDA:142,6,1,0
BRDA:154,7,0,0
BRDA:154,7,1,0
BRDA:179,8,0,0
BRDA:179,8,1,0
BRDA:179,9,0,0
BRDA:179,9,1,0
BRDA:249,10,0,0
BRDA:249,10,1,0
BRDA:264,11,0,0
BRDA:264,11,1,0
BRF:24
BRH:0
end_of_record
TN:
SF:src\components\FinanceChargesFixesComponent.tsx
FN:18,FinanceChargesFixesComponent
FN:23,(anonymous_1)
FN:29,(anonymous_2)
FN:31,(anonymous_3)
FN:37,(anonymous_4)
FN:50,(anonymous_5)
FN:66,(anonymous_6)
FN:72,(anonymous_7)
FN:88,(anonymous_8)
FN:94,(anonymous_9)
FN:101,(anonymous_10)
FN:114,(anonymous_11)
FN:127,(anonymous_12)
FN:140,(anonymous_13)
FN:159,(anonymous_14)
FN:190,(anonymous_15)
FN:204,(anonymous_16)
FN:231,(anonymous_17)
FN:241,(anonymous_18)
FN:249,(anonymous_19)
FNF:20
FNH:0
FNDA:0,FinanceChargesFixesComponent
FNDA:0,(anonymous_1)
FNDA:0,(anonymous_2)
FNDA:0,(anonymous_3)
FNDA:0,(anonymous_4)
FNDA:0,(anonymous_5)
FNDA:0,(anonymous_6)
FNDA:0,(anonymous_7)
FNDA:0,(anonymous_8)
FNDA:0,(anonymous_9)
FNDA:0,(anonymous_10)
FNDA:0,(anonymous_11)
FNDA:0,(anonymous_12)
FNDA:0,(anonymous_13)
FNDA:0,(anonymous_14)
FNDA:0,(anonymous_15)
FNDA:0,(anonymous_16)
FNDA:0,(anonymous_17)
FNDA:0,(anonymous_18)
FNDA:0,(anonymous_19)
DA:19,0
DA:20,0
DA:21,0
DA:22,0
DA:23,0
DA:24,0
DA:25,0
DA:26,0
DA:27,0
DA:29,0
DA:31,0
DA:32,0
DA:33,0
DA:37,0
DA:38,0
DA:39,0
DA:43,0
DA:45,0
DA:46,0
DA:47,0
DA:50,0
DA:51,0
DA:52,0
DA:56,0
DA:58,0
DA:66,0
DA:72,0
DA:73,0
DA:74,0
DA:78,0
DA:80,0
DA:88,0
DA:89,0
DA:90,0
DA:91,0
DA:94,0
DA:95,0
DA:96,0
DA:97,0
DA:101,0
DA:102,0
DA:104,0
DA:105,0
DA:106,0
DA:108,0
DA:110,0
DA:114,0
DA:115,0
DA:117,0
DA:119,0
DA:121,0
DA:123,0
DA:127,0
DA:128,0
DA:130,0
DA:132,0
DA:134,0
DA:136,0
DA:140,0
DA:141,0
DA:148,0
DA:149,0
DA:152,0
DA:160,0
DA:161,0
DA:162,0
DA:191,0
DA:192,0
DA:193,0
DA:205,0
DA:231,0
DA:241,0
DA:249,0
DA:309,0
LF:74
LH:0
BRDA:32,0,0,0
BRDA:32,0,1,0
BRDA:38,1,0,0
BRDA:38,1,1,0
BRDA:51,2,0,0
BRDA:51,2,1,0
BRDA:73,3,0,0
BRDA:73,3,1,0
BRDA:83,4,0,0
BRDA:83,4,1,0
BRDA:96,5,0,0
BRDA:96,5,1,0
BRDA:102,6,0,0
BRDA:102,6,1,0
BRDA:115,7,0,0
BRDA:115,7,1,0
BRDA:115,7,2,0
BRDA:115,7,3,0
BRDA:128,8,0,0
BRDA:128,8,1,0
BRDA:128,8,2,0
BRDA:128,8,3,0
BRDA:148,9,0,0
BRDA:148,9,1,0
BRDA:156,10,0,0
BRDA:156,10,1,0
BRDA:182,11,0,0
BRDA:182,11,1,0
BRDA:187,12,0,0
BRDA:187,12,1,0
BRDA:228,13,0,0
BRDA:228,13,1,0
BRDA:234,14,0,0
BRDA:234,14,1,0
BRDA:238,15,0,0
BRDA:238,15,1,0
BRDA:246,16,0,0
BRDA:246,16,1,0
BRDA:276,17,0,0
BRDA:276,17,1,0
BRDA:286,18,0,0
BRDA:286,18,1,0
BRF:42
BRH:0
end_of_record
TN:
SF:src\components\FinanceContent.tsx
FN:18,FinanceContent
FNF:1
FNH:0
FNDA:0,FinanceContent
DA:19,0
DA:21,0
DA:23,0
DA:25,0
DA:27,0
DA:29,0
DA:31,0
LF:7
LH:0
BRDA:19,0,0,0
BRDA:19,0,1,0
BRDA:19,0,2,0
BRDA:19,0,3,0
BRDA:19,0,4,0
BRDA:19,0,5,0
BRF:6
BRH:0
end_of_record
TN:
SF:src\components\FinanceDepensesComponent.tsx
FN:32,FinanceDepensesComponent
FN:37,(anonymous_1)
FN:48,(anonymous_2)
FN:50,(anonymous_3)
FN:57,(anonymous_4)
FN:64,(anonymous_5)
FN:75,(anonymous_6)
FN:81,(anonymous_7)
FN:98,(anonymous_8)
FN:112,(anonymous_9)
FN:119,(anonymous_10)
FN:124,(anonymous_11)
FN:130,(anonymous_12)
FN:138,(anonymous_13)
FN:151,(anonymous_14)
FN:163,(anonymous_15)
FN:171,(anonymous_16)
FN:183,(anonymous_17)
FN:187,(anonymous_18)
FN:207,(anonymous_19)
FN:252,(anonymous_20)
FN:276,(anonymous_21)
FN:297,(anonymous_22)
FN:299,(anonymous_23)
FN:303,(anonymous_24)
FN:312,(anonymous_25)
FN:320,(anonymous_26)
FN:354,(anonymous_27)
FN:356,(anonymous_28)
FN:368,(anonymous_29)
FN:401,(anonymous_30)
FN:406,(anonymous_31)
FN:406,(anonymous_32)
FNF:33
FNH:0
FNDA:0,FinanceDepensesComponent
FNDA:0,(anonymous_1)
FNDA:0,(anonymous_2)
FNDA:0,(anonymous_3)
FNDA:0,(anonymous_4)
FNDA:0,(anonymous_5)
FNDA:0,(anonymous_6)
FNDA:0,(anonymous_7)
FNDA:0,(anonymous_8)
FNDA:0,(anonymous_9)
FNDA:0,(anonymous_10)
FNDA:0,(anonymous_11)
FNDA:0,(anonymous_12)
FNDA:0,(anonymous_13)
FNDA:0,(anonymous_14)
FNDA:0,(anonymous_15)
FNDA:0,(anonymous_16)
FNDA:0,(anonymous_17)
FNDA:0,(anonymous_18)
FNDA:0,(anonymous_19)
FNDA:0,(anonymous_20)
FNDA:0,(anonymous_21)
FNDA:0,(anonymous_22)
FNDA:0,(anonymous_23)
FNDA:0,(anonymous_24)
FNDA:0,(anonymous_25)
FNDA:0,(anonymous_26)
FNDA:0,(anonymous_27)
FNDA:0,(anonymous_28)
FNDA:0,(anonymous_29)
FNDA:0,(anonymous_30)
FNDA:0,(anonymous_31)
FNDA:0,(anonymous_32)
DA:33,0
DA:34,0
DA:35,0
DA:36,0
DA:37,0
DA:38,0
DA:39,0
DA:40,0
DA:41,0
DA:42,0
DA:43,0
DA:44,0
DA:45,0
DA:46,0
DA:48,0
DA:50,0
DA:51,0
DA:52,0
DA:57,0
DA:58,0
DA:59,0
DA:60,0
DA:64,0
DA:65,0
DA:66,0
DA:69,0
DA:70,0
DA:71,0
DA:72,0
DA:74,0
DA:75,0
DA:76,0
DA:80,0
DA:82,0
DA:83,0
DA:87,0
DA:89,0
DA:90,0
DA:91,0
DA:92,0
DA:97,0
DA:99,0
DA:100,0
DA:104,0
DA:106,0
DA:107,0
DA:112,0
DA:119,0
DA:120,0
DA:121,0
DA:124,0
DA:125,0
DA:126,0
DA:127,0
DA:130,0
DA:131,0
DA:132,0
DA:133,0
DA:135,0
DA:138,0
DA:139,0
DA:141,0
DA:142,0
DA:143,0
DA:145,0
DA:147,0
DA:151,0
DA:152,0
DA:160,0
DA:163,0
DA:164,0
DA:171,0
DA:172,0
DA:173,0
DA:181,0
DA:182,0
DA:183,0
DA:184,0
DA:185,0
DA:187,0
DA:189,0
DA:190,0
DA:193,0
DA:208,0
DA:209,0
DA:210,0
DA:211,0
DA:253,0
DA:254,0
DA:255,0
DA:277,0
DA:299,0
DA:300,0
DA:303,0
DA:312,0
DA:320,0
DA:356,0
DA:357,0
DA:368,0
DA:401,0
DA:406,0
DA:407,0
DA:424,0
LF:103
LH:0
BRDA:51,0,0,0
BRDA:51,0,1,0
BRDA:65,1,0,0
BRDA:65,1,1,0
BRDA:74,2,0,0
BRDA:74,2,1,0
BRDA:82,3,0,0
BRDA:82,3,1,0
BRDA:99,4,0,0
BRDA:99,4,1,0
BRDA:132,5,0,0
BRDA:132,5,1,0
BRDA:139,6,0,0
BRDA:139,6,1,0
BRDA:160,7,0,0
BRDA:160,7,1,0
BRDA:185,8,0,0
BRDA:185,8,1,0
BRDA:189,9,0,0
BRDA:189,9,1,0
BRDA:197,10,0,0
BRDA:197,10,1,0
BRDA:244,11,0,0
BRDA:244,11,1,0
BRDA:249,12,0,0
BRDA:249,12,1,0
BRDA:299,13,0,0
BRDA:299,13,1,0
BRDA:299,14,0,0
BRDA:299,14,1,0
BRDA:300,15,0,0
BRDA:300,15,1,0
BRDA:309,16,0,0
BRDA:309,16,1,0
BRDA:317,17,0,0
BRDA:317,17,1,0
BRDA:334,18,0,0
BRDA:334,18,1,0
BRDA:344,19,0,0
BRDA:344,19,1,0
BRDA:356,20,0,0
BRDA:356,20,1,0
BRDA:356,21,0,0
BRDA:356,21,1,0
BRDA:357,22,0,0
BRDA:357,22,1,0
BRDA:360,23,0,0
BRDA:360,23,1,0
BRDA:380,24,0,0
BRDA:380,24,1,0
BRDA:396,25,0,0
BRDA:396,25,1,0
BRDA:406,26,0,0
BRDA:406,26,1,0
BRF:54
BRH:0
end_of_record
TN:
SF:src\components\FinanceGraphiquesComponent.tsx
FN:43,FinanceGraphiquesComponent
FN:52,(anonymous_1)
FN:53,(anonymous_2)
FN:56,(anonymous_3)
FN:65,(anonymous_4)
FN:84,(anonymous_5)
FN:95,(anonymous_6)
FN:100,(anonymous_7)
FN:106,(anonymous_8)
FN:107,(anonymous_9)
FN:108,(anonymous_10)
FN:154,(anonymous_11)
FN:168,(anonymous_12)
FN:169,(anonymous_13)
FN:184,(anonymous_14)
FN:188,(anonymous_15)
FN:192,(anonymous_16)
FN:196,(anonymous_17)
FN:208,(anonymous_18)
FN:215,(anonymous_19)
FN:223,(anonymous_20)
FN:226,(anonymous_21)
FN:233,(anonymous_22)
FN:244,(anonymous_23)
FN:271,(anonymous_24)
FN:272,(anonymous_25)
FN:315,(anonymous_26)
FN:320,(anonymous_27)
FN:321,(anonymous_28)
FN:335,(anonymous_29)
FN:344,(anonymous_30)
FN:348,(anonymous_31)
FN:351,(anonymous_32)
FN:355,(anonymous_33)
FN:362,(anonymous_34)
FN:370,(anonymous_35)
FN:559,(anonymous_36)
FN:634,(anonymous_37)
FN:647,(anonymous_38)
FN:655,(anonymous_39)
FN:668,(anonymous_40)
FN:676,(anonymous_41)
FN:794,(anonymous_42)
FNF:43
FNH:0
FNDA:0,FinanceGraphiquesComponent
FNDA:0,(anonymous_1)
FNDA:0,(anonymous_2)
FNDA:0,(anonymous_3)
FNDA:0,(anonymous_4)
FNDA:0,(anonymous_5)
FNDA:0,(anonymous_6)
FNDA:0,(anonymous_7)
FNDA:0,(anonymous_8)
FNDA:0,(anonymous_9)
FNDA:0,(anonymous_10)
FNDA:0,(anonymous_11)
FNDA:0,(anonymous_12)
FNDA:0,(anonymous_13)
FNDA:0,(anonymous_14)
FNDA:0,(anonymous_15)
FNDA:0,(anonymous_16)
FNDA:0,(anonymous_17)
FNDA:0,(anonymous_18)
FNDA:0,(anonymous_19)
FNDA:0,(anonymous_20)
FNDA:0,(anonymous_21)
FNDA:0,(anonymous_22)
FNDA:0,(anonymous_23)
FNDA:0,(anonymous_24)
FNDA:0,(anonymous_25)
FNDA:0,(anonymous_26)
FNDA:0,(anonymous_27)
FNDA:0,(anonymous_28)
FNDA:0,(anonymous_29)
FNDA:0,(anonymous_30)
FNDA:0,(anonymous_31)
FNDA:0,(anonymous_32)
FNDA:0,(anonymous_33)
FNDA:0,(anonymous_34)
FNDA:0,(anonymous_35)
FNDA:0,(anonymous_36)
FNDA:0,(anonymous_37)
FNDA:0,(anonymous_38)
FNDA:0,(anonymous_39)
FNDA:0,(anonymous_40)
FNDA:0,(anonymous_41)
FNDA:0,(anonymous_42)
DA:41,0
DA:44,0
DA:45,0
DA:46,0
DA:47,0
DA:48,0
DA:49,0
DA:50,0
DA:51,0
DA:52,0
DA:53,0
DA:56,0
DA:57,0
DA:58,0
DA:59,0
DA:60,0
DA:65,0
DA:66,0
DA:68,0
DA:69,0
DA:70,0
DA:79,0
DA:84,0
DA:85,0
DA:95,0
DA:100,0
DA:101,0
DA:103,0
DA:104,0
DA:106,0
DA:107,0
DA:108,0
DA:109,0
DA:112,0
DA:113,0
DA:114,0
DA:117,0
DA:136,0
DA:138,0
DA:144,0
DA:145,0
DA:149,0
DA:154,0
DA:155,0
DA:158,0
DA:159,0
DA:160,0
DA:161,0
DA:162,0
DA:163,0
DA:166,0
DA:167,0
DA:168,0
DA:170,0
DA:171,0
DA:172,0
DA:173,0
DA:174,0
DA:175,0
DA:176,0
DA:177,0
DA:183,0
DA:185,0
DA:186,0
DA:188,0
DA:191,0
DA:193,0
DA:194,0
DA:196,0
DA:198,0
DA:207,0
DA:208,0
DA:209,0
DA:210,0
DA:214,0
DA:215,0
DA:216,0
DA:217,0
DA:222,0
DA:223,0
DA:226,0
DA:232,0
DA:233,0
DA:234,0
DA:244,0
DA:245,0
DA:251,0
DA:264,0
DA:265,0
DA:266,0
DA:267,0
DA:268,0
DA:269,0
DA:270,0
DA:271,0
DA:272,0
DA:273,0
DA:277,0
DA:281,0
DA:284,0
DA:286,0
DA:290,0
DA:294,0
DA:314,0
DA:315,0
DA:320,0
DA:321,0
DA:335,0
DA:336,0
DA:337,0
DA:338,0
DA:339,0
DA:340,0
DA:341,0
DA:343,0
DA:345,0
DA:346,0
DA:348,0
DA:350,0
DA:352,0
DA:353,0
DA:355,0
DA:357,0
DA:359,0
DA:362,0
DA:363,0
DA:370,0
DA:371,0
DA:375,0
DA:378,0
DA:561,0
DA:565,0
DA:566,0
DA:567,0
DA:569,0
DA:570,0
DA:571,0
DA:572,0
DA:574,0
DA:575,0
DA:576,0
DA:577,0
DA:579,0
DA:580,0
DA:581,0
DA:582,0
DA:583,0
DA:584,0
DA:585,0
DA:586,0
DA:588,0
DA:589,0
DA:590,0
DA:594,0
DA:634,0
DA:647,0
DA:655,0
DA:668,0
DA:676,0
DA:794,0
DA:803,0
LF:161
LH:0
BRDA:57,0,0,0
BRDA:57,0,1,0
BRDA:66,1,0,0
BRDA:66,1,1,0
BRDA:101,2,0,0
BRDA:101,2,1,0
BRDA:171,3,0,0
BRDA:171,3,1,0
BRDA:172,4,0,0
BRDA:172,4,1,0
BRDA:174,5,0,0
BRDA:174,5,1,0
BRDA:174,6,0,0
BRDA:174,6,1,0
BRDA:176,7,0,0
BRDA:176,7,1,0
BRDA:176,8,0,0
BRDA:176,8,1,0
BRDA:186,9,0,0
BRDA:186,9,1,0
BRDA:194,10,0,0
BRDA:194,10,1,0
BRDA:210,11,0,0
BRDA:210,11,1,0
BRDA:217,12,0,0
BRDA:217,12,1,0
BRDA:252,13,0,0
BRDA:252,13,1,0
BRDA:265,14,0,0
BRDA:265,14,1,0
BRDA:277,15,0,0
BRDA:277,15,1,0
BRDA:281,16,0,0
BRDA:281,16,1,0
BRDA:286,17,0,0
BRDA:286,17,1,0
BRDA:290,18,0,0
BRDA:290,18,1,0
BRDA:320,19,0,0
BRDA:321,20,0,0
BRDA:321,21,0,0
BRDA:321,21,1,0
BRDA:346,22,0,0
BRDA:346,22,1,0
BRDA:353,23,0,0
BRDA:353,23,1,0
BRDA:423,24,0,0
BRDA:423,24,1,0
BRDA:423,25,0,0
BRDA:423,25,1,0
BRDA:430,26,0,0
BRDA:430,26,1,0
BRDA:436,27,0,0
BRDA:436,27,1,0
BRDA:440,28,0,0
BRDA:440,28,1,0
BRDA:446,29,0,0
BRDA:446,29,1,0
BRDA:447,30,0,0
BRDA:447,30,1,0
BRDA:448,31,0,0
BRDA:448,31,1,0
BRDA:452,32,0,0
BRDA:452,32,1,0
BRDA:465,33,0,0
BRDA:465,33,1,0
BRDA:465,34,0,0
BRDA:465,34,1,0
BRDA:472,35,0,0
BRDA:472,35,1,0
BRDA:478,36,0,0
BRDA:478,36,1,0
BRDA:482,37,0,0
BRDA:482,37,1,0
BRDA:488,38,0,0
BRDA:488,38,1,0
BRDA:489,39,0,0
BRDA:489,39,1,0
BRDA:490,40,0,0
BRDA:490,40,1,0
BRDA:494,41,0,0
BRDA:494,41,1,0
BRDA:507,42,0,0
BRDA:507,42,1,0
BRDA:518,43,0,0
BRDA:518,43,1,0
BRDA:519,44,0,0
BRDA:519,44,1,0
BRDA:520,45,0,0
BRDA:520,45,1,0
BRDA:533,46,0,0
BRDA:533,46,1,0
BRDA:534,47,0,0
BRDA:534,47,1,0
BRDA:535,48,0,0
BRDA:535,48,1,0
BRDA:547,49,0,0
BRDA:547,49,1,0
BRDA:548,50,0,0
BRDA:548,50,1,0
BRDA:549,51,0,0
BRDA:549,51,1,0
BRDA:553,52,0,0
BRDA:553,52,1,0
BRDA:561,53,0,0
BRDA:561,53,1,0
BRDA:569,54,0,0
BRDA:569,54,1,0
BRDA:574,55,0,0
BRDA:574,55,1,0
BRDA:579,56,0,0
BRDA:579,56,1,0
BRDA:583,57,0,0
BRDA:583,57,1,0
BRDA:624,58,0,0
BRDA:624,58,1,0
BRDA:634,59,0,0
BRDA:655,60,0,0
BRDA:676,61,0,0
BRDA:693,62,0,0
BRDA:693,62,1,0
BRDA:712,63,0,0
BRDA:712,63,1,0
BRDA:737,64,0,0
BRDA:737,64,1,0
BRDA:767,65,0,0
BRDA:767,65,1,0
BRF:127
BRH:0
end_of_record
TN:
SF:src\components\FinanceHeader.tsx
FN:12,FinanceHeader
FNF:1
FNH:0
FNDA:0,FinanceHeader
DA:13,0
DA:15,0
DA:27,0
LF:3
LH:0
BRF:0
BRH:0
end_of_record
TN:
SF:src\components\FinanceRevenusComponent.tsx
FN:31,FinanceRevenusComponent
FN:36,(anonymous_1)
FN:49,(anonymous_2)
FN:53,(anonymous_3)
FN:61,(anonymous_4)
FN:68,(anonymous_5)
FN:79,(anonymous_6)
FN:85,(anonymous_7)
FN:99,(anonymous_8)
FN:113,(anonymous_9)
FN:120,(anonymous_10)
FN:125,(anonymous_11)
FN:131,(anonymous_12)
FN:139,(anonymous_13)
FN:152,(anonymous_14)
FN:162,(anonymous_15)
FN:170,(anonymous_16)
FN:182,(anonymous_17)
FN:186,(anonymous_18)
FN:206,(anonymous_19)
FN:257,(anonymous_20)
FN:282,(anonymous_21)
FN:303,(anonymous_22)
FN:305,(anonymous_23)
FN:312,(anonymous_24)
FN:327,(anonymous_25)
FN:338,(anonymous_26)
FN:382,(anonymous_27)
FN:384,(anonymous_28)
FN:397,(anonymous_29)
FN:411,(anonymous_30)
FN:446,(anonymous_31)
FN:451,(anonymous_32)
FN:451,(anonymous_33)
FN:469,(anonymous_34)
FNF:35
FNH:0
FNDA:0,FinanceRevenusComponent
FNDA:0,(anonymous_1)
FNDA:0,(anonymous_2)
FNDA:0,(anonymous_3)
FNDA:0,(anonymous_4)
FNDA:0,(anonymous_5)
FNDA:0,(anonymous_6)
FNDA:0,(anonymous_7)
FNDA:0,(anonymous_8)
FNDA:0,(anonymous_9)
FNDA:0,(anonymous_10)
FNDA:0,(anonymous_11)
FNDA:0,(anonymous_12)
FNDA:0,(anonymous_13)
FNDA:0,(anonymous_14)
FNDA:0,(anonymous_15)
FNDA:0,(anonymous_16)
FNDA:0,(anonymous_17)
FNDA:0,(anonymous_18)
FNDA:0,(anonymous_19)
FNDA:0,(anonymous_20)
FNDA:0,(anonymous_21)
FNDA:0,(anonymous_22)
FNDA:0,(anonymous_23)
FNDA:0,(anonymous_24)
FNDA:0,(anonymous_25)
FNDA:0,(anonymous_26)
FNDA:0,(anonymous_27)
FNDA:0,(anonymous_28)
FNDA:0,(anonymous_29)
FNDA:0,(anonymous_30)
FNDA:0,(anonymous_31)
FNDA:0,(anonymous_32)
FNDA:0,(anonymous_33)
FNDA:0,(anonymous_34)
DA:32,0
DA:33,0
DA:34,0
DA:35,0
DA:36,0
DA:37,0
DA:38,0
DA:39,0
DA:40,0
DA:41,0
DA:42,0
DA:43,0
DA:44,0
DA:45,0
DA:46,0
DA:47,0
DA:49,0
DA:52,0
DA:54,0
DA:55,0
DA:61,0
DA:62,0
DA:63,0
DA:64,0
DA:68,0
DA:69,0
DA:70,0
DA:73,0
DA:74,0
DA:75,0
DA:76,0
DA:78,0
DA:79,0
DA:80,0
DA:84,0
DA:86,0
DA:87,0
DA:88,0
DA:90,0
DA:91,0
DA:92,0
DA:93,0
DA:98,0
DA:100,0
DA:101,0
DA:105,0
DA:107,0
DA:108,0
DA:113,0
DA:120,0
DA:121,0
DA:122,0
DA:125,0
DA:126,0
DA:127,0
DA:128,0
DA:131,0
DA:132,0
DA:133,0
DA:134,0
DA:136,0
DA:139,0
DA:140,0
DA:142,0
DA:143,0
DA:144,0
DA:146,0
DA:148,0
DA:152,0
DA:153,0
DA:159,0
DA:162,0
DA:163,0
DA:170,0
DA:171,0
DA:172,0
DA:180,0
DA:181,0
DA:182,0
DA:183,0
DA:184,0
DA:186,0
DA:188,0
DA:189,0
DA:192,0
DA:207,0
DA:208,0
DA:209,0
DA:210,0
DA:258,0
DA:259,0
DA:260,0
DA:261,0
DA:283,0
DA:305,0
DA:306,0
DA:313,0
DA:314,0
DA:327,0
DA:338,0
DA:384,0
DA:385,0
DA:398,0
DA:399,0
DA:400,0
DA:411,0
DA:446,0
DA:451,0
DA:452,0
DA:470,0
DA:471,0
DA:479,0
LF:112
LH:0
BRDA:54,0,0,0
BRDA:54,0,1,0
BRDA:69,1,0,0
BRDA:69,1,1,0
BRDA:78,2,0,0
BRDA:78,2,1,0
BRDA:86,3,0,0
BRDA:86,3,1,0
BRDA:100,4,0,0
BRDA:100,4,1,0
BRDA:133,5,0,0
BRDA:133,5,1,0
BRDA:140,6,0,0
BRDA:140,6,1,0
BRDA:159,7,0,0
BRDA:159,7,1,0
BRDA:184,8,0,0
BRDA:184,8,1,0
BRDA:188,9,0,0
BRDA:188,9,1,0
BRDA:196,10,0,0
BRDA:196,10,1,0
BRDA:229,11,0,0
BRDA:229,11,1,0
BRDA:237,12,0,0
BRDA:237,12,1,0
BRDA:243,13,0,0
BRDA:243,13,1,0
BRDA:248,14,0,0
BRDA:248,14,1,0
BRDA:305,15,0,0
BRDA:305,15,1,0
BRDA:305,16,0,0
BRDA:305,16,1,0
BRDA:306,17,0,0
BRDA:306,17,1,0
BRDA:321,18,0,0
BRDA:321,18,1,0
BRDA:332,19,0,0
BRDA:332,19,1,0
BRDA:348,20,0,0
BRDA:348,20,1,0
BRDA:352,21,0,0
BRDA:352,21,1,0
BRDA:362,22,0,0
BRDA:362,22,1,0
BRDA:372,23,0,0
BRDA:372,23,1,0
BRDA:384,24,0,0
BRDA:384,24,1,0
BRDA:384,25,0,0
BRDA:384,25,1,0
BRDA:385,26,0,0
BRDA:385,26,1,0
BRDA:388,27,0,0
BRDA:388,27,1,0
BRDA:394,28,0,0
BRDA:394,28,1,0
BRDA:394,28,2,0
BRDA:394,28,3,0
BRDA:423,29,0,0
BRDA:423,29,1,0
BRDA:439,30,0,0
BRDA:439,30,1,0
BRDA:451,31,0,0
BRDA:451,31,1,0
BRF:66
BRH:0
end_of_record
TN:
SF:src\components\FinanceTabs.tsx
FN:28,FinanceTabs
FN:38,(anonymous_1)
FN:49,(anonymous_2)
FNF:3
FNH:0
FNDA:0,FinanceTabs
FNDA:0,(anonymous_1)
FNDA:0,(anonymous_2)
DA:29,0
DA:31,0
DA:39,0
DA:49,0
DA:76,0
LF:5
LH:0
BRDA:43,0,0,0
BRDA:43,0,1,0
BRDA:55,1,0,0
BRDA:55,1,1,0
BRDA:62,2,0,0
BRDA:62,2,1,0
BRDA:63,3,0,0
BRDA:63,3,1,0
BRF:8
BRH:0
end_of_record
TN:
SF:src\components\FormField.tsx
FN:12,FormField
FN:41,(anonymous_1)
FN:42,(anonymous_2)
FNF:3
FNH:0
FNDA:0,FormField
FNDA:0,(anonymous_1)
FNDA:0,(anonymous_2)
DA:19,0
DA:20,0
DA:22,0
DA:41,0
DA:42,0
DA:51,0
LF:6
LH:0
BRDA:26,0,0,0
BRDA:26,0,1,0
BRDA:32,1,0,0
BRDA:32,1,1,0
BRDA:32,2,0,0
BRDA:32,2,1,0
BRDA:34,3,0,0
BRDA:34,3,1,0
BRDA:46,4,0,0
BRDA:46,4,1,0
BRF:10
BRH:0
end_of_record
TN:
SF:src\components\GestationFormModal.tsx
FN:61,(anonymous_0)
FN:69,GestationFormModal
FN:78,(anonymous_2)
FN:104,(anonymous_3)
FN:112,(anonymous_4)
FN:116,(anonymous_5)
FN:118,(anonymous_6)
FN:119,(anonymous_7)
FN:135,(anonymous_8)
FN:137,(anonymous_9)
FN:142,(anonymous_10)
FN:150,(anonymous_11)
FN:158,(anonymous_12)
FN:175,(anonymous_13)
FN:176,(anonymous_14)
FN:193,(anonymous_15)
FN:210,(anonymous_16)
FN:215,(anonymous_17)
FN:223,(anonymous_18)
FN:228,(anonymous_19)
FN:241,(anonymous_20)
FN:251,(anonymous_21)
FN:255,(anonymous_22)
FN:257,(anonymous_23)
FN:269,(anonymous_24)
FN:272,(anonymous_25)
FN:299,(anonymous_26)
FN:316,(anonymous_27)
FN:334,(anonymous_28)
FN:376,(anonymous_29)
FN:380,(anonymous_30)
FN:393,(anonymous_31)
FN:396,(anonymous_32)
FN:406,(anonymous_33)
FN:475,(anonymous_34)
FN:485,(anonymous_35)
FN:554,(anonymous_36)
FN:563,(anonymous_37)
FN:575,(anonymous_38)
FN:620,(anonymous_39)
FN:687,(anonymous_40)
FN:711,(anonymous_41)
FN:713,(anonymous_42)
FN:867,(anonymous_43)
FN:885,(anonymous_44)
FN:915,(anonymous_45)
FN:926,(anonymous_46)
FNF:47
FNH:0
FNDA:0,(anonymous_0)
FNDA:0,GestationFormModal
FNDA:0,(anonymous_2)
FNDA:0,(anonymous_3)
FNDA:0,(anonymous_4)
FNDA:0,(anonymous_5)
FNDA:0,(anonymous_6)
FNDA:0,(anonymous_7)
FNDA:0,(anonymous_8)
FNDA:0,(anonymous_9)
FNDA:0,(anonymous_10)
FNDA:0,(anonymous_11)
FNDA:0,(anonymous_12)
FNDA:0,(anonymous_13)
FNDA:0,(anonymous_14)
FNDA:0,(anonymous_15)
FNDA:0,(anonymous_16)
FNDA:0,(anonymous_17)
FNDA:0,(anonymous_18)
FNDA:0,(anonymous_19)
FNDA:0,(anonymous_20)
FNDA:0,(anonymous_21)
FNDA:0,(anonymous_22)
FNDA:0,(anonymous_23)
FNDA:0,(anonymous_24)
FNDA:0,(anonymous_25)
FNDA:0,(anonymous_26)
FNDA:0,(anonymous_27)
FNDA:0,(anonymous_28)
FNDA:0,(anonymous_29)
FNDA:0,(anonymous_30)
FNDA:0,(anonymous_31)
FNDA:0,(anonymous_32)
FNDA:0,(anonymous_33)
FNDA:0,(anonymous_34)
FNDA:0,(anonymous_35)
FNDA:0,(anonymous_36)
FNDA:0,(anonymous_37)
FNDA:0,(anonymous_38)
FNDA:0,(anonymous_39)
FNDA:0,(anonymous_40)
FNDA:0,(anonymous_41)
FNDA:0,(anonymous_42)
FNDA:0,(anonymous_43)
FNDA:0,(anonymous_44)
FNDA:0,(anonymous_45)
FNDA:0,(anonymous_46)
DA:61,0
DA:62,0
DA:63,0
DA:64,0
DA:65,0
DA:66,0
DA:76,0
DA:77,0
DA:78,0
DA:79,0
DA:80,0
DA:81,0
DA:82,0
DA:83,0
DA:93,0
DA:94,0
DA:95,0
DA:96,0
DA:97,0
DA:98,0
DA:99,0
DA:104,0
DA:105,0
DA:106,0
DA:107,0
DA:112,0
DA:113,0
DA:116,0
DA:117,0
DA:118,0
DA:119,0
DA:122,0
DA:124,0
DA:125,0
DA:126,0
DA:132,0
DA:135,0
DA:136,0
DA:137,0
DA:142,0
DA:143,0
DA:144,0
DA:149,0
DA:151,0
DA:158,0
DA:159,0
DA:160,0
DA:174,0
DA:175,0
DA:176,0
DA:177,0
DA:178,0
DA:193,0
DA:194,0
DA:195,0
DA:197,0
DA:198,0
DA:199,0
DA:200,0
DA:203,0
DA:206,0
DA:210,0
DA:211,0
DA:212,0
DA:213,0
DA:215,0
DA:216,0
DA:217,0
DA:218,0
DA:223,0
DA:225,0
DA:226,0
DA:227,0
DA:228,0
DA:229,0
DA:230,0
DA:236,0
DA:237,0
DA:238,0
DA:241,0
DA:242,0
DA:243,0
DA:244,0
DA:247,0
DA:251,0
DA:252,0
DA:253,0
DA:254,0
DA:255,0
DA:256,0
DA:257,0
DA:262,0
DA:269,0
DA:270,0
DA:272,0
DA:274,0
DA:275,0
DA:280,0
DA:283,0
DA:284,0
DA:292,0
DA:295,0
DA:299,0
DA:300,0
DA:301,0
DA:302,0
DA:312,0
DA:313,0
DA:315,0
DA:316,0
DA:327,0
DA:328,0
DA:329,0
DA:330,0
DA:334,0
DA:336,0
DA:337,0
DA:341,0
DA:343,0
DA:344,0
DA:345,0
DA:349,0
DA:350,0
DA:351,0
DA:353,0
DA:354,0
DA:355,0
DA:357,0
DA:358,0
DA:359,0
DA:361,0
DA:362,0
DA:363,0
DA:365,0
DA:366,0
DA:367,0
DA:371,0
DA:372,0
DA:380,0
DA:384,0
DA:388,0
DA:389,0
DA:396,0
DA:400,0
DA:403,0
DA:406,0
DA:407,0
DA:408,0
DA:409,0
DA:410,0
DA:421,0
DA:429,0
DA:431,0
DA:433,0
DA:437,0
DA:438,0
DA:439,0
DA:445,0
DA:476,0
DA:477,0
DA:486,0
DA:487,0
DA:488,0
DA:489,0
DA:490,0
DA:492,0
DA:554,0
DA:564,0
DA:576,0
DA:581,0
DA:582,0
DA:620,0
DA:688,0
DA:691,0
DA:692,0
DA:694,0
DA:701,0
DA:712,0
DA:713,0
DA:718,0
DA:868,0
DA:869,0
DA:886,0
DA:887,0
DA:889,0
DA:890,0
DA:891,0
DA:892,0
DA:916,0
DA:926,0
DA:937,0
LF:191
LH:0
BRDA:74,0,0,0
BRDA:84,1,0,0
BRDA:84,1,1,0
BRDA:105,2,0,0
BRDA:105,2,1,0
BRDA:105,3,0,0
BRDA:105,3,1,0
BRDA:113,4,0,0
BRDA:113,4,1,0
BRDA:119,5,0,0
BRDA:119,5,1,0
BRDA:136,6,0,0
BRDA:136,6,1,0
BRDA:143,7,0,0
BRDA:143,7,1,0
BRDA:151,8,0,0
BRDA:151,8,1,0
BRDA:151,8,2,0
BRDA:151,8,3,0
BRDA:151,8,4,0
BRDA:151,8,5,0
BRDA:159,9,0,0
BRDA:159,9,1,0
BRDA:159,10,0,0
BRDA:159,10,1,0
BRDA:162,11,0,0
BRDA:162,11,1,0
BRDA:163,12,0,0
BRDA:163,12,1,0
BRDA:166,13,0,0
BRDA:166,13,1,0
BRDA:174,14,0,0
BRDA:174,14,1,0
BRDA:176,15,0,0
BRDA:176,15,1,0
BRDA:176,16,0,0
BRDA:176,16,1,0
BRDA:177,17,0,0
BRDA:177,17,1,0
BRDA:177,18,0,0
BRDA:177,18,1,0
BRDA:180,19,0,0
BRDA:180,19,1,0
BRDA:181,20,0,0
BRDA:181,20,1,0
BRDA:184,21,0,0
BRDA:184,21,1,0
BRDA:194,22,0,0
BRDA:194,22,1,0
BRDA:195,23,0,0
BRDA:195,23,1,0
BRDA:197,24,0,0
BRDA:197,24,1,0
BRDA:198,25,0,0
BRDA:198,25,1,0
BRDA:199,26,0,0
BRDA:199,26,1,0
BRDA:203,27,0,0
BRDA:203,27,1,0
BRDA:212,28,0,0
BRDA:212,28,1,0
BRDA:217,29,0,0
BRDA:217,29,1,0
BRDA:218,30,0,0
BRDA:218,30,1,0
BRDA:225,31,0,0
BRDA:225,31,1,0
BRDA:227,32,0,0
BRDA:227,32,1,0
BRDA:227,33,0,0
BRDA:227,33,1,0
BRDA:227,33,2,0
BRDA:229,34,0,0
BRDA:229,34,1,0
BRDA:237,35,0,0
BRDA:237,35,1,0
BRDA:244,36,0,0
BRDA:244,36,1,0
BRDA:252,37,0,0
BRDA:252,37,1,0
BRDA:254,38,0,0
BRDA:254,38,1,0
BRDA:254,39,0,0
BRDA:254,39,1,0
BRDA:254,39,2,0
BRDA:256,40,0,0
BRDA:256,40,1,0
BRDA:270,41,0,0
BRDA:270,41,1,0
BRDA:270,42,0,0
BRDA:270,42,1,0
BRDA:270,42,2,0
BRDA:274,43,0,0
BRDA:274,43,1,0
BRDA:283,44,0,0
BRDA:283,44,1,0
BRDA:300,45,0,0
BRDA:300,45,1,0
BRDA:300,46,0,0
BRDA:300,46,1,0
BRDA:305,47,0,0
BRDA:305,47,1,0
BRDA:306,48,0,0
BRDA:306,48,1,0
BRDA:307,49,0,0
BRDA:307,49,1,0
BRDA:310,50,0,0
BRDA:310,50,1,0
BRDA:312,51,0,0
BRDA:312,51,1,0
BRDA:315,52,0,0
BRDA:315,52,1,0
BRDA:318,53,0,0
BRDA:318,53,1,0
BRDA:336,54,0,0
BRDA:336,54,1,0
BRDA:336,55,0,0
BRDA:336,55,1,0
BRDA:343,56,0,0
BRDA:343,56,1,0
BRDA:343,57,0,0
BRDA:343,57,1,0
BRDA:349,58,0,0
BRDA:349,58,1,0
BRDA:353,59,0,0
BRDA:353,59,1,0
BRDA:353,60,0,0
BRDA:353,60,1,0
BRDA:357,61,0,0
BRDA:357,61,1,0
BRDA:361,62,0,0
BRDA:361,62,1,0
BRDA:365,63,0,0
BRDA:365,63,1,0
BRDA:365,64,0,0
BRDA:365,64,1,0
BRDA:371,65,0,0
BRDA:371,65,1,0
BRDA:371,66,0,0
BRDA:371,66,1,0
BRDA:388,67,0,0
BRDA:388,67,1,0
BRDA:388,68,0,0
BRDA:388,68,1,0
BRDA:409,69,0,0
BRDA:409,69,1,0
BRDA:409,70,0,0
BRDA:409,70,1,0
BRDA:415,71,0,0
BRDA:415,71,1,0
BRDA:416,72,0,0
BRDA:416,72,1,0
BRDA:416,72,2,0
BRDA:424,73,0,0
BRDA:424,73,1,0
BRDA:425,74,0,0
BRDA:425,74,1,0
BRDA:425,74,2,0
BRDA:431,75,0,0
BRDA:431,75,1,0
BRDA:450,76,0,0
BRDA:450,76,1,0
BRDA:451,77,0,0
BRDA:451,77,1,0
BRDA:483,78,0,0
BRDA:483,78,1,0
BRDA:487,79,0,0
BRDA:487,79,1,0
BRDA:487,80,0,0
BRDA:487,80,1,0
BRDA:487,80,2,0
BRDA:489,81,0,0
BRDA:489,81,1,0
BRDA:489,82,0,0
BRDA:489,82,1,0
BRDA:500,83,0,0
BRDA:500,83,1,0
BRDA:500,83,2,0
BRDA:500,83,3,0
BRDA:525,84,0,0
BRDA:525,84,1,0
BRDA:542,85,0,0
BRDA:542,85,1,0
BRDA:544,86,0,0
BRDA:544,86,1,0
BRDA:548,87,0,0
BRDA:548,87,1,0
BRDA:549,88,0,0
BRDA:549,88,1,0
BRDA:549,88,2,0
BRDA:551,89,0,0
BRDA:551,89,1,0
BRDA:551,89,2,0
BRDA:563,90,0,0
BRDA:563,90,1,0
BRDA:570,91,0,0
BRDA:570,91,1,0
BRDA:572,92,0,0
BRDA:572,92,1,0
BRDA:590,93,0,0
BRDA:590,93,1,0
BRDA:593,94,0,0
BRDA:593,94,1,0
BRDA:606,95,0,0
BRDA:606,95,1,0
BRDA:616,96,0,0
BRDA:616,96,1,0
BRDA:619,97,0,0
BRDA:619,97,1,0
BRDA:654,98,0,0
BRDA:654,98,1,0
BRDA:671,99,0,0
BRDA:671,99,1,0
BRDA:675,100,0,0
BRDA:675,100,1,0
BRDA:676,101,0,0
BRDA:676,101,1,0
BRDA:686,102,0,0
BRDA:686,102,1,0
BRDA:692,103,0,0
BRDA:692,103,1,0
BRDA:692,104,0,0
BRDA:692,104,1,0
BRDA:707,105,0,0
BRDA:707,105,1,0
BRDA:708,106,0,0
BRDA:708,106,1,0
BRDA:716,107,0,0
BRDA:716,107,1,0
BRDA:726,108,0,0
BRDA:726,108,1,0
BRDA:727,109,0,0
BRDA:727,109,1,0
BRDA:733,110,0,0
BRDA:733,110,1,0
BRDA:735,111,0,0
BRDA:735,111,1,0
BRDA:735,111,2,0
BRDA:741,112,0,0
BRDA:741,112,1,0
BRDA:744,113,0,0
BRDA:744,113,1,0
BRDA:747,114,0,0
BRDA:747,114,1,0
BRDA:747,114,2,0
BRDA:757,115,0,0
BRDA:757,115,1,0
BRDA:768,116,0,0
BRDA:768,116,1,0
BRDA:778,117,0,0
BRDA:778,117,1,0
BRDA:787,118,0,0
BRDA:787,118,1,0
BRDA:795,119,0,0
BRDA:795,119,1,0
BRDA:795,119,2,0
BRDA:819,120,0,0
BRDA:819,120,1,0
BRDA:824,121,0,0
BRDA:824,121,1,0
BRDA:841,122,0,0
BRDA:841,122,1,0
BRDA:841,122,2,0
BRDA:880,123,0,0
BRDA:880,123,1,0
BRDA:887,124,0,0
BRDA:887,124,1,0
BRDA:887,125,0,0
BRDA:887,125,1,0
BRDA:916,126,0,0
BRDA:916,126,1,0
BRF:271
BRH:0
end_of_record
TN:
SF:src\components\GestationsCalendarComponent.tsx
FN:17,GestationsCalendarComponent
FN:20,(anonymous_1)
FN:27,(anonymous_2)
FN:33,(anonymous_3)
FN:35,(anonymous_4)
FN:86,(anonymous_5)
FN:91,(anonymous_6)
FN:96,(anonymous_7)
FN:100,(anonymous_8)
FN:104,(anonymous_9)
FN:109,(anonymous_10)
FN:116,(anonymous_11)
FN:119,(anonymous_12)
FN:120,(anonymous_13)
FN:135,(anonymous_14)
FN:138,(anonymous_15)
FN:143,(anonymous_16)
FNF:17
FNH:0
FNDA:0,GestationsCalendarComponent
FNDA:0,(anonymous_1)
FNDA:0,(anonymous_2)
FNDA:0,(anonymous_3)
FNDA:0,(anonymous_4)
FNDA:0,(anonymous_5)
FNDA:0,(anonymous_6)
FNDA:0,(anonymous_7)
FNDA:0,(anonymous_8)
FNDA:0,(anonymous_9)
FNDA:0,(anonymous_10)
FNDA:0,(anonymous_11)
FNDA:0,(anonymous_12)
FNDA:0,(anonymous_13)
FNDA:0,(anonymous_14)
FNDA:0,(anonymous_15)
FNDA:0,(anonymous_16)
DA:18,0
DA:19,0
DA:20,0
DA:21,0
DA:24,0
DA:27,0
DA:28,0
DA:30,0
DA:33,0
DA:35,0
DA:36,0
DA:37,0
DA:39,0
DA:40,0
DA:43,0
DA:46,0
DA:47,0
DA:53,0
DA:54,0
DA:55,0
DA:60,0
DA:61,0
DA:68,0
DA:69,0
DA:74,0
DA:79,0
DA:83,0
DA:86,0
DA:88,0
DA:91,0
DA:92,0
DA:93,0
DA:96,0
DA:97,0
DA:100,0
DA:101,0
DA:104,0
DA:105,0
DA:109,0
DA:110,0
DA:112,0
DA:113,0
DA:116,0
DA:118,0
DA:119,0
DA:121,0
DA:122,0
DA:123,0
DA:124,0
DA:130,0
DA:131,0
DA:136,0
DA:138,0
DA:140,0
DA:143,0
DA:144,0
DA:145,0
DA:149,0
DA:151,0
DA:248,0
LF:60
LH:0
BRDA:24,0,0,0
BRDA:24,0,1,0
BRDA:30,1,0,0
BRDA:30,1,1,0
BRDA:37,2,0,0
BRDA:37,2,1,0
BRDA:37,3,0,0
BRDA:37,3,1,0
BRDA:43,4,0,0
BRDA:43,4,1,0
BRDA:43,5,0,0
BRDA:43,5,1,0
BRDA:46,6,0,0
BRDA:46,6,1,0
BRDA:56,7,0,0
BRDA:56,7,1,0
BRDA:68,8,0,0
BRDA:68,8,1,0
BRDA:110,9,0,0
BRDA:110,9,1,0
BRDA:119,10,0,0
BRDA:119,10,1,0
BRDA:123,11,0,0
BRDA:123,11,1,0
BRDA:136,12,0,0
BRDA:136,12,1,0
BRDA:136,12,2,0
BRDA:140,13,0,0
BRDA:140,13,1,0
BRDA:144,14,0,0
BRDA:144,14,1,0
BRDA:191,15,0,0
BRDA:191,15,1,0
BRF:33
BRH:0
end_of_record
TN:
SF:src\components\GestationsListComponent.tsx
FN:39,GestationsListComponent
FN:45,(anonymous_1)
FN:60,(anonymous_2)
FN:72,(anonymous_3)
FN:94,(anonymous_4)
FN:97,(anonymous_5)
FN:102,(anonymous_6)
FN:105,(anonymous_7)
FN:110,(anonymous_8)
FN:111,(anonymous_9)
FN:123,(anonymous_10)
FN:145,(anonymous_11)
FN:153,(anonymous_12)
FN:158,(anonymous_13)
FN:170,(anonymous_14)
FN:175,(anonymous_15)
FN:188,(anonymous_16)
FN:201,(anonymous_17)
FN:206,(anonymous_18)
FN:213,(anonymous_19)
FN:256,(anonymous_20)
FN:262,(anonymous_21)
FN:270,(anonymous_22)
FN:286,(anonymous_23)
FN:302,(anonymous_24)
FN:315,(anonymous_25)
FN:339,(anonymous_26)
FN:357,(anonymous_27)
FN:370,(anonymous_28)
FN:398,(anonymous_29)
FN:406,(anonymous_30)
FN:430,(anonymous_31)
FN:461,(anonymous_32)
FN:474,(anonymous_33)
FN:482,(anonymous_34)
FN:497,(anonymous_35)
FN:499,(anonymous_36)
FN:556,(anonymous_37)
FN:587,(anonymous_38)
FN:617,(anonymous_39)
FNF:40
FNH:0
FNDA:0,GestationsListComponent
FNDA:0,(anonymous_1)
FNDA:0,(anonymous_2)
FNDA:0,(anonymous_3)
FNDA:0,(anonymous_4)
FNDA:0,(anonymous_5)
FNDA:0,(anonymous_6)
FNDA:0,(anonymous_7)
FNDA:0,(anonymous_8)
FNDA:0,(anonymous_9)
FNDA:0,(anonymous_10)
FNDA:0,(anonymous_11)
FNDA:0,(anonymous_12)
FNDA:0,(anonymous_13)
FNDA:0,(anonymous_14)
FNDA:0,(anonymous_15)
FNDA:0,(anonymous_16)
FNDA:0,(anonymous_17)
FNDA:0,(anonymous_18)
FNDA:0,(anonymous_19)
FNDA:0,(anonymous_20)
FNDA:0,(anonymous_21)
FNDA:0,(anonymous_22)
FNDA:0,(anonymous_23)
FNDA:0,(anonymous_24)
FNDA:0,(anonymous_25)
FNDA:0,(anonymous_26)
FNDA:0,(anonymous_27)
FNDA:0,(anonymous_28)
FNDA:0,(anonymous_29)
FNDA:0,(anonymous_30)
FNDA:0,(anonymous_31)
FNDA:0,(anonymous_32)
FNDA:0,(anonymous_33)
FNDA:0,(anonymous_34)
FNDA:0,(anonymous_35)
FNDA:0,(anonymous_36)
FNDA:0,(anonymous_37)
FNDA:0,(anonymous_38)
FNDA:0,(anonymous_39)
DA:40,0
DA:41,0
DA:42,0
DA:43,0
DA:44,0
DA:45,0
DA:46,0
DA:47,0
DA:48,0
DA:49,0
DA:50,0
DA:51,0
DA:52,0
DA:53,0
DA:54,0
DA:55,0
DA:58,0
DA:60,0
DA:63,0
DA:66,0
DA:69,0
DA:70,0
DA:72,0
DA:73,0
DA:74,0
DA:75,0
DA:78,0
DA:79,0
DA:82,0
DA:83,0
DA:84,0
DA:85,0
DA:87,0
DA:89,0
DA:94,0
DA:95,0
DA:96,0
DA:97,0
DA:101,0
DA:103,0
DA:104,0
DA:105,0
DA:110,0
DA:111,0
DA:112,0
DA:113,0
DA:114,0
DA:116,0
DA:117,0
DA:123,0
DA:124,0
DA:125,0
DA:126,0
DA:127,0
DA:129,0
DA:132,0
DA:133,0
DA:134,0
DA:135,0
DA:137,0
DA:141,0
DA:142,0
DA:145,0
DA:146,0
DA:147,0
DA:148,0
DA:153,0
DA:154,0
DA:155,0
DA:158,0
DA:160,0
DA:161,0
DA:164,0
DA:165,0
DA:166,0
DA:167,0
DA:169,0
DA:170,0
DA:171,0
DA:175,0
DA:176,0
DA:177,0
DA:181,0
DA:183,0
DA:184,0
DA:185,0
DA:188,0
DA:189,0
DA:190,0
DA:194,0
DA:196,0
DA:201,0
DA:206,0
DA:207,0
DA:208,0
DA:209,0
DA:210,0
DA:213,0
DA:214,0
DA:216,0
DA:217,0
DA:218,0
DA:219,0
DA:222,0
DA:223,0
DA:234,0
DA:235,0
DA:236,0
DA:238,0
DA:239,0
DA:240,0
DA:242,0
DA:246,0
DA:252,0
DA:256,0
DA:257,0
DA:258,0
DA:259,0
DA:262,0
DA:263,0
DA:264,0
DA:265,0
DA:266,0
DA:270,0
DA:271,0
DA:273,0
DA:274,0
DA:275,0
DA:280,0
DA:282,0
DA:286,0
DA:287,0
DA:288,0
DA:289,0
DA:290,0
DA:291,0
DA:297,0
DA:298,0
DA:302,0
DA:303,0
DA:305,0
DA:307,0
DA:309,0
DA:311,0
DA:315,0
DA:316,0
DA:318,0
DA:320,0
DA:322,0
DA:324,0
DA:328,0
DA:329,0
DA:332,0
DA:340,0
DA:341,0
DA:342,0
DA:357,0
DA:371,0
DA:372,0
DA:373,0
DA:374,0
DA:389,0
DA:390,0
DA:398,0
DA:407,0
DA:408,0
DA:409,0
DA:431,0
DA:461,0
DA:474,0
DA:482,0
DA:499,0
DA:500,0
DA:502,0
DA:505,0
DA:557,0
DA:558,0
DA:561,0
DA:572,0
DA:573,0
DA:587,0
DA:618,0
DA:619,0
DA:620,0
DA:669,0
LF:185
LH:0
BRDA:63,0,0,0
BRDA:63,0,1,0
BRDA:73,1,0,0
BRDA:73,1,1,0
BRDA:78,2,0,0
BRDA:78,2,1,0
BRDA:95,3,0,0
BRDA:95,3,1,0
BRDA:96,4,0,0
BRDA:96,4,1,0
BRDA:97,5,0,0
BRDA:97,5,1,0
BRDA:103,6,0,0
BRDA:103,6,1,0
BRDA:104,7,0,0
BRDA:104,7,1,0
BRDA:105,8,0,0
BRDA:105,8,1,0
BRDA:112,9,0,0
BRDA:112,9,1,0
BRDA:124,10,0,0
BRDA:124,10,1,0
BRDA:125,11,0,0
BRDA:125,11,1,0
BRDA:132,12,0,0
BRDA:132,12,1,0
BRDA:133,13,0,0
BRDA:133,13,1,0
BRDA:141,14,0,0
BRDA:141,14,1,0
BRDA:154,15,0,0
BRDA:154,15,1,0
BRDA:155,16,0,0
BRDA:155,16,1,0
BRDA:160,17,0,0
BRDA:160,17,1,0
BRDA:169,18,0,0
BRDA:169,18,1,0
BRDA:176,19,0,0
BRDA:176,19,1,0
BRDA:189,20,0,0
BRDA:189,20,1,0
BRDA:214,21,0,0
BRDA:214,21,1,0
BRDA:217,22,0,0
BRDA:217,22,1,0
BRDA:217,23,0,0
BRDA:217,23,1,0
BRDA:238,24,0,0
BRDA:238,24,1,0
BRDA:248,25,0,0
BRDA:248,25,1,0
BRDA:248,26,0,0
BRDA:248,26,1,0
BRDA:252,27,0,0
BRDA:252,27,1,0
BRDA:264,28,0,0
BRDA:264,28,1,0
BRDA:271,29,0,0
BRDA:271,29,1,0
BRDA:287,30,0,0
BRDA:287,30,1,0
BRDA:290,31,0,0
BRDA:290,31,1,0
BRDA:303,32,0,0
BRDA:303,32,1,0
BRDA:303,32,2,0
BRDA:303,32,3,0
BRDA:316,33,0,0
BRDA:316,33,1,0
BRDA:316,33,2,0
BRDA:316,33,3,0
BRDA:328,34,0,0
BRDA:328,34,1,0
BRDA:336,35,0,0
BRDA:336,35,1,0
BRDA:356,36,0,0
BRDA:356,36,1,0
BRDA:356,37,0,0
BRDA:356,37,1,0
BRDA:357,38,0,0
BRDA:357,38,1,0
BRDA:367,39,0,0
BRDA:367,39,1,0
BRDA:371,40,0,0
BRDA:371,40,1,0
BRDA:380,41,0,0
BRDA:380,41,1,0
BRDA:381,42,0,0
BRDA:381,42,1,0
BRDA:396,43,0,0
BRDA:396,43,1,0
BRDA:396,44,0,0
BRDA:396,44,1,0
BRDA:396,44,2,0
BRDA:403,45,0,0
BRDA:403,45,1,0
BRDA:444,46,0,0
BRDA:444,46,1,0
BRDA:458,47,0,0
BRDA:458,47,1,0
BRDA:458,47,2,0
BRDA:466,48,0,0
BRDA:466,48,1,0
BRDA:470,49,0,0
BRDA:470,49,1,0
BRDA:470,50,0,0
BRDA:470,50,1,0
BRDA:479,51,0,0
BRDA:479,51,1,0
BRDA:491,52,0,0
BRDA:491,52,1,0
BRDA:500,53,0,0
BRDA:500,53,1,0
BRDA:502,54,0,0
BRDA:502,54,1,0
BRDA:502,54,2,0
BRDA:505,55,0,0
BRDA:505,55,1,0
BRDA:526,56,0,0
BRDA:526,56,1,0
BRDA:544,57,0,0
BRDA:544,57,1,0
BRDA:554,58,0,0
BRDA:554,58,1,0
BRDA:554,58,2,0
BRDA:566,59,0,0
BRDA:566,59,1,0
BRDA:567,60,0,0
BRDA:567,60,1,0
BRDA:576,61,0,0
BRDA:576,61,1,0
BRDA:599,62,0,0
BRDA:599,62,1,0
BRDA:599,63,0,0
BRDA:599,63,1,0
BRDA:626,64,0,0
BRDA:626,64,1,0
BRDA:633,65,0,0
BRDA:633,65,1,0
BRF:140
BRH:0
end_of_record
TN:
SF:src\components\GlobalSearchComponent.tsx
FN:48,GlobalSearchComponent
FN:57,(anonymous_1)
FN:58,(anonymous_2)
FN:59,(anonymous_3)
FN:60,(anonymous_4)
FN:62,(anonymous_5)
FN:64,(anonymous_6)
FN:65,(anonymous_7)
FN:66,(anonymous_8)
FN:69,(anonymous_9)
FN:70,(anonymous_10)
FN:84,(anonymous_11)
FN:93,(anonymous_12)
FN:95,(anonymous_13)
FN:115,(anonymous_14)
FN:135,(anonymous_15)
FN:151,(anonymous_16)
FN:166,(anonymous_17)
FN:184,(anonymous_18)
FN:204,(anonymous_19)
FN:222,(anonymous_20)
FN:243,(anonymous_21)
FN:262,(anonymous_22)
FN:299,(anonymous_23)
FN:305,(anonymous_24)
FN:314,(anonymous_25)
FN:318,(anonymous_26)
FN:327,(anonymous_27)
FN:331,(anonymous_28)
FN:347,(anonymous_29)
FN:363,(anonymous_30)
FN:373,(anonymous_31)
FN:413,(anonymous_32)
FN:429,(anonymous_33)
FN:447,(anonymous_34)
FN:454,(anonymous_35)
FN:471,(anonymous_36)
FN:480,(anonymous_37)
FN:489,(anonymous_38)
FN:498,(anonymous_39)
FNF:40
FNH:0
FNDA:0,GlobalSearchComponent
FNDA:0,(anonymous_1)
FNDA:0,(anonymous_2)
FNDA:0,(anonymous_3)
FNDA:0,(anonymous_4)
FNDA:0,(anonymous_5)
FNDA:0,(anonymous_6)
FNDA:0,(anonymous_7)
FNDA:0,(anonymous_8)
FNDA:0,(anonymous_9)
FNDA:0,(anonymous_10)
FNDA:0,(anonymous_11)
FNDA:0,(anonymous_12)
FNDA:0,(anonymous_13)
FNDA:0,(anonymous_14)
FNDA:0,(anonymous_15)
FNDA:0,(anonymous_16)
FNDA:0,(anonymous_17)
FNDA:0,(anonymous_18)
FNDA:0,(anonymous_19)
FNDA:0,(anonymous_20)
FNDA:0,(anonymous_21)
FNDA:0,(anonymous_22)
FNDA:0,(anonymous_23)
FNDA:0,(anonymous_24)
FNDA:0,(anonymous_25)
FNDA:0,(anonymous_26)
FNDA:0,(anonymous_27)
FNDA:0,(anonymous_28)
FNDA:0,(anonymous_29)
FNDA:0,(anonymous_30)
FNDA:0,(anonymous_31)
FNDA:0,(anonymous_32)
FNDA:0,(anonymous_33)
FNDA:0,(anonymous_34)
FNDA:0,(anonymous_35)
FNDA:0,(anonymous_36)
FNDA:0,(anonymous_37)
FNDA:0,(anonymous_38)
FNDA:0,(anonymous_39)
DA:21,0
DA:22,0
DA:52,0
DA:53,0
DA:54,0
DA:57,0
DA:58,0
DA:59,0
DA:60,0
DA:61,0
DA:62,0
DA:64,0
DA:65,0
DA:66,0
DA:69,0
DA:70,0
DA:71,0
DA:72,0
DA:73,0
DA:74,0
DA:77,0
DA:80,0
DA:84,0
DA:85,0
DA:86,0
DA:89,0
DA:90,0
DA:93,0
DA:95,0
DA:96,0
DA:99,0
DA:102,0
DA:103,0
DA:115,0
DA:117,0
DA:119,0
DA:120,0
DA:123,0
DA:135,0
DA:137,0
DA:138,0
DA:139,0
DA:151,0
DA:152,0
DA:153,0
DA:154,0
DA:166,0
DA:167,0
DA:168,0
DA:169,0
DA:172,0
DA:184,0
DA:186,0
DA:190,0
DA:191,0
DA:192,0
DA:204,0
DA:206,0
DA:209,0
DA:210,0
DA:222,0
DA:224,0
DA:227,0
DA:228,0
DA:231,0
DA:243,0
DA:245,0
DA:249,0
DA:250,0
DA:262,0
DA:264,0
DA:267,0
DA:268,0
DA:271,0
DA:282,0
DA:299,0
DA:300,0
DA:302,0
DA:303,0
DA:305,0
DA:307,0
DA:308,0
DA:310,0
DA:314,0
DA:315,0
DA:318,0
DA:319,0
DA:320,0
DA:322,0
DA:323,0
DA:327,0
DA:328,0
DA:331,0
DA:332,0
DA:344,0
DA:347,0
DA:348,0
DA:360,0
DA:363,0
DA:364,0
DA:373,0
DA:395,0
DA:413,0
DA:429,0
DA:448,0
DA:454,0
DA:471,0
DA:480,0
DA:489,0
DA:498,0
DA:510,0
LF:111
LH:0
BRDA:57,0,0,0
BRDA:57,1,0,0
BRDA:57,2,0,0
BRDA:57,2,1,0
BRDA:58,3,0,0
BRDA:58,4,0,0
BRDA:58,5,0,0
BRDA:58,5,1,0
BRDA:59,6,0,0
BRDA:59,7,0,0
BRDA:59,7,1,0
BRDA:60,8,0,0
BRDA:60,9,0,0
BRDA:60,10,0,0
BRDA:60,10,1,0
BRDA:61,11,0,0
BRDA:61,12,0,0
BRDA:62,13,0,0
BRDA:62,13,1,0
BRDA:64,14,0,0
BRDA:64,15,0,0
BRDA:64,15,1,0
BRDA:65,16,0,0
BRDA:65,17,0,0
BRDA:65,17,1,0
BRDA:66,18,0,0
BRDA:66,19,0,0
BRDA:66,19,1,0
BRDA:73,20,0,0
BRDA:73,20,1,0
BRDA:85,21,0,0
BRDA:85,21,1,0
BRDA:96,22,0,0
BRDA:96,22,1,0
BRDA:96,22,2,0
BRDA:99,23,0,0
BRDA:99,23,1,0
BRDA:99,23,2,0
BRDA:102,24,0,0
BRDA:102,24,1,0
BRDA:106,25,0,0
BRDA:106,25,1,0
BRDA:106,26,0,0
BRDA:106,26,1,0
BRDA:107,27,0,0
BRDA:107,27,1,0
BRDA:107,28,0,0
BRDA:107,28,1,0
BRDA:117,29,0,0
BRDA:117,29,1,0
BRDA:119,30,0,0
BRDA:119,30,1,0
BRDA:120,31,0,0
BRDA:120,31,1,0
BRDA:126,32,0,0
BRDA:126,32,1,0
BRDA:137,33,0,0
BRDA:137,33,1,0
BRDA:138,34,0,0
BRDA:138,34,1,0
BRDA:142,35,0,0
BRDA:142,35,1,0
BRDA:143,36,0,0
BRDA:143,36,1,0
BRDA:143,37,0,0
BRDA:143,37,1,0
BRDA:143,38,0,0
BRDA:143,38,1,0
BRDA:153,39,0,0
BRDA:153,39,1,0
BRDA:157,40,0,0
BRDA:157,40,1,0
BRDA:158,41,0,0
BRDA:158,41,1,0
BRDA:158,42,0,0
BRDA:158,42,1,0
BRDA:158,43,0,0
BRDA:158,43,1,0
BRDA:168,44,0,0
BRDA:168,44,1,0
BRDA:169,45,0,0
BRDA:169,45,1,0
BRDA:175,46,0,0
BRDA:175,46,1,0
BRDA:176,47,0,0
BRDA:176,47,1,0
BRDA:186,48,0,0
BRDA:186,48,1,0
BRDA:186,48,2,0
BRDA:186,48,3,0
BRDA:190,49,0,0
BRDA:190,49,1,0
BRDA:191,50,0,0
BRDA:191,50,1,0
BRDA:195,51,0,0
BRDA:195,51,1,0
BRDA:195,51,2,0
BRDA:196,52,0,0
BRDA:196,52,1,0
BRDA:196,53,0,0
BRDA:196,53,1,0
BRDA:206,54,0,0
BRDA:206,54,1,0
BRDA:206,54,2,0
BRDA:209,55,0,0
BRDA:209,55,1,0
BRDA:213,56,0,0
BRDA:213,56,1,0
BRDA:214,57,0,0
BRDA:214,57,1,0
BRDA:214,58,0,0
BRDA:214,58,1,0
BRDA:214,59,0,0
BRDA:214,59,1,0
BRDA:224,60,0,0
BRDA:224,60,1,0
BRDA:224,60,2,0
BRDA:227,61,0,0
BRDA:227,61,1,0
BRDA:228,62,0,0
BRDA:228,62,1,0
BRDA:234,63,0,0
BRDA:234,63,1,0
BRDA:235,64,0,0
BRDA:235,64,1,0
BRDA:235,65,0,0
BRDA:235,65,1,0
BRDA:245,66,0,0
BRDA:245,66,1,0
BRDA:245,66,2,0
BRDA:245,66,3,0
BRDA:249,67,0,0
BRDA:249,67,1,0
BRDA:253,68,0,0
BRDA:253,68,1,0
BRDA:253,69,0,0
BRDA:253,69,1,0
BRDA:254,70,0,0
BRDA:254,70,1,0
BRDA:254,71,0,0
BRDA:254,71,1,0
BRDA:264,72,0,0
BRDA:264,72,1,0
BRDA:264,72,2,0
BRDA:267,73,0,0
BRDA:267,73,1,0
BRDA:268,74,0,0
BRDA:268,74,1,0
BRDA:274,75,0,0
BRDA:274,75,1,0
BRDA:275,76,0,0
BRDA:275,76,1,0
BRDA:275,77,0,0
BRDA:275,77,1,0
BRDA:300,78,0,0
BRDA:300,78,1,0
BRDA:319,79,0,0
BRDA:319,79,1,0
BRDA:322,80,0,0
BRDA:322,80,1,0
BRDA:344,81,0,0
BRDA:344,81,1,0
BRDA:360,82,0,0
BRDA:360,82,1,0
BRDA:381,83,0,0
BRDA:381,83,1,0
BRDA:412,84,0,0
BRDA:412,84,1,0
BRDA:419,85,0,0
BRDA:419,85,1,0
BRDA:422,86,0,0
BRDA:422,86,1,0
BRDA:423,87,0,0
BRDA:423,87,1,0
BRDA:425,88,0,0
BRDA:425,88,1,0
BRDA:443,89,0,0
BRDA:443,89,1,0
BRF:178
BRH:0
end_of_record
TN:
SF:src\components\GlobalSearchModal.tsx
FN:19,GlobalSearchModal
FN:23,(anonymous_1)
FNF:2
FNH:0
FNDA:0,GlobalSearchModal
FNDA:0,(anonymous_1)
DA:20,0
DA:21,0
DA:23,0
DA:24,0
DA:27,0
DA:29,0
DA:30,0
DA:32,0
DA:33,0
DA:35,0
DA:36,0
DA:38,0
DA:39,0
DA:41,0
DA:42,0
DA:44,0
DA:45,0
DA:47,0
DA:48,0
DA:50,0
DA:54,0
DA:77,0
LF:22
LH:0
BRDA:27,0,0,0
BRDA:27,0,1,0
BRDA:27,0,2,0
BRDA:27,0,3,0
BRDA:27,0,4,0
BRDA:27,0,5,0
BRDA:27,0,6,0
BRDA:27,0,7,0
BRF:8
BRH:0
end_of_record
TN:
SF:src\components\GlobalTextRenderGuard.tsx
FN:19,(anonymous_0)
FN:24,(anonymous_1)
FN:34,(anonymous_2)
FN:40,(anonymous_3)
FNF:4
FNH:0
FNDA:0,(anonymous_0)
FNDA:0,(anonymous_1)
FNDA:0,(anonymous_2)
FNDA:0,(anonymous_3)
DA:20,0
DA:21,0
DA:26,0
DA:27,0
DA:28,0
DA:29,0
DA:31,0
DA:35,0
DA:36,0
DA:41,0
DA:42,0
DA:57,0
LF:12
LH:0
BRDA:26,0,0,0
BRDA:26,0,1,0
BRDA:26,1,0,0
BRDA:26,1,1,0
BRDA:35,2,0,0
BRDA:35,2,1,0
BRDA:35,3,0,0
BRDA:35,3,1,0
BRDA:41,4,0,0
BRDA:41,4,1,0
BRF:10
BRH:0
end_of_record
TN:
SF:src\components\GoogleLogo.tsx
FN:8,GoogleLogo
FNF:1
FNH:0
FNDA:0,GoogleLogo
DA:9,0
DA:33,0
LF:2
LH:0
BRDA:8,0,0,0
BRF:1
BRH:0
end_of_record
TN:
SF:src\components\IngredientFormModal.tsx
FN:25,IngredientFormModal
FN:47,(anonymous_1)
FN:72,(anonymous_2)
FN:76,(anonymous_3)
FN:87,(anonymous_4)
FN:140,(anonymous_5)
FN:159,(anonymous_6)
FN:184,(anonymous_7)
FN:198,(anonymous_8)
FN:220,(anonymous_9)
FN:231,(anonymous_10)
FN:244,(anonymous_11)
FN:270,(anonymous_12)
FNF:13
FNH:0
FNDA:0,IngredientFormModal
FNDA:0,(anonymous_1)
FNDA:0,(anonymous_2)
FNDA:0,(anonymous_3)
FNDA:0,(anonymous_4)
FNDA:0,(anonymous_5)
FNDA:0,(anonymous_6)
FNDA:0,(anonymous_7)
FNDA:0,(anonymous_8)
FNDA:0,(anonymous_9)
FNDA:0,(anonymous_10)
FNDA:0,(anonymous_11)
FNDA:0,(anonymous_12)
DA:32,0
DA:33,0
DA:34,0
DA:35,0
DA:36,0
DA:43,0
DA:44,0
DA:47,0
DA:48,0
DA:49,0
DA:56,0
DA:59,0
DA:66,0
DA:67,0
DA:72,0
DA:73,0
DA:74,0
DA:75,0
DA:76,0
DA:81,0
DA:82,0
DA:87,0
DA:89,0
DA:90,0
DA:94,0
DA:96,0
DA:97,0
DA:98,0
DA:102,0
DA:103,0
DA:104,0
DA:106,0
DA:107,0
DA:108,0
DA:111,0
DA:112,0
DA:113,0
DA:115,0
DA:121,0
DA:124,0
DA:125,0
DA:127,0
DA:129,0
DA:134,0
DA:138,0
DA:140,0
DA:141,0
DA:142,0
DA:145,0
DA:160,0
DA:161,0
DA:185,0
DA:198,0
DA:221,0
DA:232,0
DA:245,0
DA:271,0
DA:287,0
LF:58
LH:0
BRDA:30,0,0,0
BRDA:48,1,0,0
BRDA:48,1,1,0
BRDA:48,2,0,0
BRDA:48,2,1,0
BRDA:73,3,0,0
BRDA:73,3,1,0
BRDA:73,4,0,0
BRDA:73,4,1,0
BRDA:73,4,2,0
BRDA:75,5,0,0
BRDA:75,5,1,0
BRDA:81,6,0,0
BRDA:81,6,1,0
BRDA:89,7,0,0
BRDA:89,7,1,0
BRDA:89,8,0,0
BRDA:89,8,1,0
BRDA:96,9,0,0
BRDA:96,9,1,0
BRDA:96,10,0,0
BRDA:96,10,1,0
BRDA:102,11,0,0
BRDA:102,11,1,0
BRDA:106,12,0,0
BRDA:106,12,1,0
BRDA:113,13,0,0
BRDA:113,13,1,0
BRDA:113,14,0,0
BRDA:113,14,1,0
BRDA:131,15,0,0
BRDA:131,15,1,0
BRDA:131,16,0,0
BRDA:131,16,1,0
BRDA:141,17,0,0
BRDA:141,17,1,0
BRDA:149,18,0,0
BRDA:149,18,1,0
BRDA:150,19,0,0
BRDA:150,19,1,0
BRDA:168,20,0,0
BRDA:168,20,1,0
BRDA:168,20,2,0
BRDA:193,21,0,0
BRDA:193,21,1,0
BRDA:204,22,0,0
BRDA:204,22,1,0
BRDA:221,23,0,0
BRDA:221,23,1,0
BRDA:230,24,0,0
BRDA:230,24,1,0
BRDA:234,25,0,0
BRDA:234,25,1,0
BRDA:243,26,0,0
BRDA:243,26,1,0
BRDA:247,27,0,0
BRDA:247,27,1,0
BRDA:255,28,0,0
BRDA:255,28,1,0
BRF:59
BRH:0
end_of_record
TN:
SF:src\components\IngredientsComponent.tsx
FN:31,IngredientsComponent
FN:35,(anonymous_1)
FN:36,(anonymous_2)
FN:44,(anonymous_3)
FN:50,(anonymous_4)
FN:64,(anonymous_5)
FN:67,(anonymous_6)
FN:71,(anonymous_7)
FN:74,(anonymous_8)
FN:78,(anonymous_9)
FN:91,(anonymous_10)
FN:108,(anonymous_11)
FN:121,(anonymous_12)
FN:127,(anonymous_13)
FN:137,(anonymous_14)
FN:181,(anonymous_15)
FN:182,(anonymous_16)
FN:189,(anonymous_17)
FN:194,(anonymous_18)
FN:198,(anonymous_19)
FN:236,(anonymous_20)
FN:244,(anonymous_21)
FN:284,(anonymous_22)
FN:314,(anonymous_23)
FN:330,(anonymous_24)
FN:365,(anonymous_25)
FNF:26
FNH:0
FNDA:0,IngredientsComponent
FNDA:0,(anonymous_1)
FNDA:0,(anonymous_2)
FNDA:0,(anonymous_3)
FNDA:0,(anonymous_4)
FNDA:0,(anonymous_5)
FNDA:0,(anonymous_6)
FNDA:0,(anonymous_7)
FNDA:0,(anonymous_8)
FNDA:0,(anonymous_9)
FNDA:0,(anonymous_10)
FNDA:0,(anonymous_11)
FNDA:0,(anonymous_12)
FNDA:0,(anonymous_13)
FNDA:0,(anonymous_14)
FNDA:0,(anonymous_15)
FNDA:0,(anonymous_16)
FNDA:0,(anonymous_17)
FNDA:0,(anonymous_18)
FNDA:0,(anonymous_19)
FNDA:0,(anonymous_20)
FNDA:0,(anonymous_21)
FNDA:0,(anonymous_22)
FNDA:0,(anonymous_23)
FNDA:0,(anonymous_24)
FNDA:0,(anonymous_25)
DA:32,0
DA:33,0
DA:34,0
DA:35,0
DA:36,0
DA:37,0
DA:38,0
DA:39,0
DA:40,0
DA:41,0
DA:42,0
DA:44,0
DA:45,0
DA:46,0
DA:50,0
DA:51,0
DA:53,0
DA:54,0
DA:55,0
DA:57,0
DA:59,0
DA:64,0
DA:65,0
DA:66,0
DA:67,0
DA:71,0
DA:72,0
DA:74,0
DA:75,0
DA:78,0
DA:79,0
DA:80,0
DA:84,0
DA:86,0
DA:87,0
DA:88,0
DA:91,0
DA:92,0
DA:93,0
DA:97,0
DA:100,0
DA:109,0
DA:110,0
DA:111,0
DA:113,0
DA:121,0
DA:122,0
DA:123,0
DA:124,0
DA:127,0
DA:128,0
DA:129,0
DA:130,0
DA:137,0
DA:140,0
DA:141,0
DA:142,0
DA:145,0
DA:146,0
DA:148,0
DA:149,0
DA:150,0
DA:159,0
DA:161,0
DA:162,0
DA:167,0
DA:170,0
DA:171,0
DA:177,0
DA:181,0
DA:182,0
DA:183,0
DA:184,0
DA:187,0
DA:190,0
DA:194,0
DA:198,0
DA:236,0
DA:244,0
DA:267,0
DA:268,0
DA:271,0
DA:284,0
DA:315,0
DA:316,0
DA:317,0
DA:330,0
DA:365,0
DA:372,0
LF:89
LH:0
BRDA:45,0,0,0
BRDA:45,0,1,0
BRDA:51,1,0,0
BRDA:51,1,1,0
BRDA:65,2,0,0
BRDA:65,2,1,0
BRDA:74,3,0,0
BRDA:74,3,1,0
BRDA:79,4,0,0
BRDA:79,4,1,0
BRDA:92,5,0,0
BRDA:92,5,1,0
BRDA:113,6,0,0
BRDA:113,6,1,0
BRDA:129,7,0,0
BRDA:129,7,1,0
BRDA:140,8,0,0
BRDA:140,8,1,0
BRDA:140,9,0,0
BRDA:140,9,1,0
BRDA:170,10,0,0
BRDA:170,10,1,0
BRDA:173,11,0,0
BRDA:173,11,1,0
BRDA:183,12,0,0
BRDA:183,12,1,0
BRDA:220,13,0,0
BRDA:220,13,1,0
BRDA:220,13,2,0
BRDA:225,14,0,0
BRDA:225,14,1,0
BRDA:225,14,2,0
BRDA:233,15,0,0
BRDA:233,15,1,0
BRDA:241,16,0,0
BRDA:241,16,1,0
BRDA:267,17,0,0
BRDA:267,17,1,0
BRDA:281,18,0,0
BRDA:281,18,1,0
BRDA:311,19,0,0
BRDA:311,19,1,0
BRDA:326,20,0,0
BRDA:326,20,1,0
BRDA:345,21,0,0
BRDA:345,21,1,0
BRF:46
BRH:0
end_of_record
TN:
SF:src\components\InvitationsModal.tsx
FN:25,InvitationsModal
FN:28,(anonymous_1)
FN:29,(anonymous_2)
FN:34,(anonymous_3)
FN:36,(anonymous_4)
FN:57,(anonymous_5)
FN:73,(anonymous_6)
FN:91,(anonymous_7)
FN:100,(anonymous_8)
FN:120,(anonymous_9)
FN:147,(anonymous_10)
FN:174,(anonymous_11)
FN:198,(anonymous_12)
FN:205,(anonymous_13)
FNF:14
FNH:0
FNDA:0,InvitationsModal
FNDA:0,(anonymous_1)
FNDA:0,(anonymous_2)
FNDA:0,(anonymous_3)
FNDA:0,(anonymous_4)
FNDA:0,(anonymous_5)
FNDA:0,(anonymous_6)
FNDA:0,(anonymous_7)
FNDA:0,(anonymous_8)
FNDA:0,(anonymous_9)
FNDA:0,(anonymous_10)
FNDA:0,(anonymous_11)
FNDA:0,(anonymous_12)
FNDA:0,(anonymous_13)
DA:26,0
DA:27,0
DA:28,0
DA:29,0
DA:30,0
DA:31,0
DA:34,0
DA:35,0
DA:36,0
DA:37,0
DA:38,0
DA:39,0
DA:40,0
DA:41,0
DA:42,0
DA:43,0
DA:46,0
DA:47,0
DA:50,0
DA:51,0
DA:53,0
DA:57,0
DA:58,0
DA:59,0
DA:62,0
DA:65,0
DA:67,0
DA:76,0
DA:83,0
DA:84,0
DA:87,0
DA:91,0
DA:92,0
DA:101,0
DA:102,0
DA:103,0
DA:106,0
DA:107,0
DA:112,0
DA:120,0
DA:121,0
DA:122,0
DA:129,0
DA:148,0
DA:175,0
DA:198,0
DA:205,0
DA:221,0
LF:48
LH:0
BRDA:35,0,0,0
BRDA:35,0,1,0
BRDA:42,1,0,0
BRDA:42,1,1,0
BRDA:69,2,0,0
BRDA:69,2,1,0
BRDA:83,3,0,0
BRDA:83,3,1,0
BRDA:84,4,0,0
BRDA:84,4,1,0
BRDA:87,5,0,0
BRDA:87,5,1,0
BRDA:94,6,0,0
BRDA:94,6,1,0
BRDA:106,7,0,0
BRDA:106,7,1,0
BRDA:108,8,0,0
BRDA:108,8,1,0
BRDA:112,9,0,0
BRDA:112,9,1,0
BRDA:140,10,0,0
BRDA:140,10,1,0
BRDA:158,11,0,0
BRDA:158,11,1,0
BRDA:159,12,0,0
BRDA:159,12,1,0
BRDA:175,13,0,0
BRDA:175,13,1,0
BRF:28
BRH:0
end_of_record
TN:
SF:src\components\LoadingSpinner.tsx
FN:17,LoadingSpinner
FNF:1
FNH:0
FNDA:0,LoadingSpinner
DA:18,0
DA:19,0
DA:21,0
DA:31,0
LF:4
LH:0
BRDA:17,0,0,0
BRDA:19,1,0,0
BRDA:19,1,1,0
BRDA:25,2,0,0
BRDA:25,2,1,0
BRF:5
BRH:0
end_of_record
TN:
SF:src\components\MaladieFormModal.tsx
FN:38,MaladieFormModal
FN:41,(anonymous_1)
FN:86,(anonymous_2)
FN:109,(anonymous_3)
FN:121,(anonymous_4)
FN:242,(anonymous_5)
FN:252,(anonymous_6)
FN:266,(anonymous_7)
FN:289,(anonymous_8)
FN:313,(anonymous_9)
FN:341,(anonymous_10)
FN:358,(anonymous_11)
FN:388,(anonymous_12)
FN:404,(anonymous_13)
FN:419,(anonymous_14)
FN:437,(anonymous_15)
FNF:16
[...]
BRDA:141,8,0,0
BRDA:141,8,1,0
BRDA:162,9,0,0
BRDA:162,9,1,0
BRF:19
BRH:0
end_of_record
TN:
SF:src\utils\debugHelpers.ts
FN:11,detectInfiniteLoop
FN:41,logPropsChanges
FN:44,(anonymous_2)
FN:58,debugUseEffect
FNF:4
FNH:0
FNDA:0,detectInfiniteLoop
FNDA:0,logPropsChanges
FNDA:0,(anonymous_2)
FNDA:0,debugUseEffect
DA:5,0
DA:6,0
DA:12,0
DA:13,0
DA:16,0
DA:17,0
DA:20,0
DA:21,0
DA:22,0
DA:24,0
DA:25,0
DA:28,0
DA:31,0
DA:32,0
DA:35,0
DA:42,0
DA:44,0
DA:45,0
DA:46,0
DA:50,0
DA:51,0
DA:59,0
LF:22
LH:0
BRDA:11,0,0,0
BRDA:13,1,0,0
BRDA:13,1,1,0
BRDA:16,2,0,0
BRDA:16,2,1,0
BRDA:20,3,0,0
BRDA:20,3,1,0
BRDA:24,4,0,0
BRDA:24,4,1,0
BRDA:31,5,0,0
BRDA:31,5,1,0
BRDA:45,6,0,0
BRDA:45,6,1,0
BRDA:50,7,0,0
BRDA:50,7,1,0
BRF:15
BRH:0
end_of_record
TN:
SF:src\utils\debugTextRendering.tsx
FN:13,SafeChildren
FN:38,useDebugValue
FN:39,(anonymous_2)
FNF:3
FNH:0
FNDA:0,SafeChildren
FNDA:0,useDebugValue
FNDA:0,(anonymous_2)
DA:15,0
DA:16,0
DA:17,0
DA:21,0
DA:22,0
DA:23,0
DA:27,0
DA:28,0
DA:32,0
DA:39,0
DA:40,0
DA:41,0
LF:12
LH:0
BRDA:15,0,0,0
BRDA:15,0,1,0
BRDA:21,1,0,0
BRDA:21,1,1,0
BRDA:27,2,0,0
BRDA:27,2,1,0
BRDA:27,3,0,0
BRDA:27,3,1,0
BRDA:40,4,0,0
BRDA:40,4,1,0
BRDA:40,5,0,0
BRDA:40,5,1,0
BRF:12
BRH:0
end_of_record
TN:
SF:src\utils\diagnosticDepenses.ts
FN:7,diagnosticDepenses
FN:21,(anonymous_1)
FN:23,(anonymous_2)
FN:39,(anonymous_3)
FN:64,(anonymous_4)
FNF:5
FNH:0
FNDA:0,diagnosticDepenses
FNDA:0,(anonymous_1)
FNDA:0,(anonymous_2)
FNDA:0,(anonymous_3)
FNDA:0,(anonymous_4)
DA:8,0
DA:9,0
DA:10,0
DA:11,0
DA:13,0
DA:14,0
DA:17,0
DA:18,0
DA:21,0
DA:23,0
DA:24,0
DA:27,0
DA:28,0
DA:39,0
DA:40,0
DA:41,0
DA:45,0
DA:51,0
DA:54,0
DA:55,0
DA:64,0
DA:65,0
DA:66,0
DA:70,0
DA:71,0
DA:80,0
DA:81,0
DA:83,0
DA:86,0
DA:89,0
LF:30
LH:0
BRDA:24,0,0,0
BRDA:24,0,1,0
BRDA:40,1,0,0
BRDA:40,1,1,0
BRDA:65,2,0,0
BRDA:65,2,1,0
BRDA:65,2,2,0
BRDA:66,3,0,0
BRDA:66,3,1,0
BRDA:80,4,0,0
BRDA:80,4,1,0
BRDA:80,5,0,0
BRDA:80,5,1,0
BRF:13
BRH:0
end_of_record
TN:
SF:src\utils\financeCalculations.ts
FN:16,getAmortissementMensuel
FN:39,getMoisActifsAmortissement
FN:71,calculateTotalOpex
FN:77,(anonymous_3)
FN:78,(anonymous_4)
FN:82,(anonymous_5)
FN:93,calculateTotalAmortissementCapex
FN:100,(anonymous_7)
FN:101,(anonymous_8)
FN:107,(anonymous_9)
FN:120,calculateCoutKgOpex
FN:137,calculateCoutKgComplet
FN:171,calculateCoutsPeriode
FN:229,calculateAmortissementsParCategorie
FN:233,(anonymous_14)
FN:238,(anonymous_15)
FN:249,(anonymous_16)
FN:250,(anonymous_17)
FN:251,(anonymous_18)
FN:255,(anonymous_19)
FN:280,(anonymous_20)
FNF:21
FNH:0
FNDA:0,getAmortissementMensuel
FNDA:0,getMoisActifsAmortissement
FNDA:0,calculateTotalOpex
FNDA:0,(anonymous_3)
FNDA:0,(anonymous_4)
FNDA:0,(anonymous_5)
FNDA:0,calculateTotalAmortissementCapex
FNDA:0,(anonymous_7)
FNDA:0,(anonymous_8)
FNDA:0,(anonymous_9)
FNDA:0,calculateCoutKgOpex
FNDA:0,calculateCoutKgComplet
FNDA:0,calculateCoutsPeriode
FNDA:0,calculateAmortissementsParCategorie
FNDA:0,(anonymous_14)
FNDA:0,(anonymous_15)
FNDA:0,(anonymous_16)
FNDA:0,(anonymous_17)
FNDA:0,(anonymous_18)
FNDA:0,(anonymous_19)
FNDA:0,(anonymous_20)
DA:20,0
DA:21,0
DA:24,0
DA:25,0
DA:28,0
DA:45,0
DA:46,0
DA:49,0
DA:50,0
DA:54,0
DA:55,0
DA:58,0
DA:61,0
DA:76,0
DA:77,0
DA:79,0
DA:80,0
DA:82,0
DA:99,0
DA:100,0
DA:103,0
DA:104,0
DA:105,0
DA:108,0
DA:109,0
DA:110,0
DA:124,0
DA:125,0
DA:127,0
DA:142,0
DA:143,0
DA:145,0
DA:178,0
DA:179,0
DA:186,0
DA:187,0
DA:193,0
DA:233,0
DA:236,0
DA:238,0
DA:239,0
DA:240,0
DA:241,0
DA:243,0
DA:247,0
DA:249,0
DA:250,0
DA:251,0
DA:252,0
DA:255,0
DA:256,0
DA:257,0
DA:259,0
DA:269,0
DA:280,0
LF:55
LH:0
BRDA:20,0,0,0
BRDA:20,0,1,0
BRDA:24,1,0,0
BRDA:24,1,1,0
BRDA:49,2,0,0
BRDA:49,2,1,0
BRDA:49,3,0,0
BRDA:49,3,1,0
BRDA:54,4,0,0
BRDA:54,4,1,0
BRDA:55,5,0,0
BRDA:55,5,1,0
BRDA:80,6,0,0
BRDA:80,6,1,0
BRDA:105,7,0,0
BRDA:105,7,1,0
BRDA:124,8,0,0
BRDA:124,8,1,0
BRDA:142,9,0,0
BRDA:142,9,1,0
BRDA:240,10,0,0
BRDA:240,10,1,0
BRDA:261,11,0,0
BRDA:261,11,1,0
BRF:24
BRH:0
end_of_record
TN:
SF:src\utils\gmqEvaluation.ts
FN:25,evaluerGMQIndividuel
FN:92,evaluerGMQCheptel
FN:155,calculerGMQMoyen
FN:156,(anonymous_3)
FN:162,(anonymous_4)
FNF:5
FNH:0
FNDA:0,evaluerGMQIndividuel
FNDA:0,evaluerGMQCheptel
FNDA:0,calculerGMQMoyen
FNDA:0,(anonymous_3)
FNDA:0,(anonymous_4)
DA:14,0
DA:26,0
DA:27,0
DA:36,0
DA:37,0
DA:47,0
DA:48,0
DA:57,0
DA:58,0
DA:68,0
DA:69,0
DA:79,0
DA:93,0
DA:94,0
DA:103,0
DA:104,0
DA:113,0
DA:114,0
DA:123,0
DA:124,0
DA:133,0
DA:134,0
DA:143,0
DA:156,0
DA:158,0
DA:159,0
DA:162,0
DA:163,0
LF:28
LH:0
BRDA:26,0,0,0
BRDA:26,0,1,0
BRDA:26,1,0,0
BRDA:26,1,1,0
BRDA:26,1,2,0
BRDA:36,2,0,0
BRDA:36,2,1,0
BRDA:47,3,0,0
BRDA:47,3,1,0
BRDA:57,4,0,0
BRDA:57,4,1,0
BRDA:68,5,0,0
BRDA:68,5,1,0
BRDA:93,6,0,0
BRDA:93,6,1,0
BRDA:93,7,0,0
BRDA:93,7,1,0
BRDA:93,7,2,0
BRDA:103,8,0,0
BRDA:103,8,1,0
BRDA:113,9,0,0
BRDA:113,9,1,0
BRDA:123,10,0,0
BRDA:123,10,1,0
BRDA:133,11,0,0
BRDA:133,11,1,0
BRDA:156,12,0,0
BRDA:156,12,1,0
BRDA:158,13,0,0
BRDA:158,13,1,0
BRDA:162,14,0,0
BRDA:162,14,1,0
BRF:32
BRH:0
end_of_record
TN:
SF:src\utils\iconValidation.ts
FN:15,isValidIconName
FN:27,getValidIconName
FN:52,normalizeIconName
FNF:3
FNH:0
FNDA:0,isValidIconName
FNDA:0,getValidIconName
FNDA:0,normalizeIconName
DA:10,0
DA:16,0
DA:17,0
DA:21,0
DA:31,0
DA:32,0
DA:35,0
DA:39,0
DA:45,0
DA:57,0
DA:58,0
DA:62,0
DA:63,0
DA:67,0
DA:71,0
LF:15
LH:0
BRDA:16,0,0,0
BRDA:16,0,1,0
BRDA:29,1,0,0
BRDA:31,2,0,0
BRDA:31,2,1,0
BRDA:54,3,0,0
BRDA:57,4,0,0
BRDA:57,4,1,0
BRDA:62,5,0,0
BRDA:62,5,1,0
BRF:10
BRH:0
end_of_record
TN:
SF:src\utils\margeCalculations.ts
FN:49,calculateMargeVente
FN:92,getStatutMarge
FN:107,getMargeColor
FN:123,getMargeLabel
FN:147,calculateMargeMoyenne
FN:148,(anonymous_5)
FN:155,(anonymous_6)
FN:167,calculateChiffreAffaires
FN:168,(anonymous_8)
FN:176,calculateBeneficeTotal
FN:177,(anonymous_10)
FN:197,calculateStatistiquesFinancieres
FN:202,(anonymous_12)
FNF:13
FNH:0
FNDA:0,calculateMargeVente
FNDA:0,getStatutMarge
FNDA:0,getMargeColor
FNDA:0,getMargeLabel
FNDA:0,calculateMargeMoyenne
FNDA:0,(anonymous_5)
FNDA:0,(anonymous_6)
FNDA:0,calculateChiffreAffaires
FNDA:0,(anonymous_8)
FNDA:0,calculateBeneficeTotal
FNDA:0,(anonymous_10)
FNDA:0,calculateStatistiquesFinancieres
FNDA:0,(anonymous_12)
DA:55,0
DA:58,0
DA:59,0
DA:62,0
DA:63,0
DA:66,0
DA:67,0
DA:70,0
DA:72,0
DA:93,0
DA:94,0
DA:96,0
DA:97,0
DA:99,0
DA:108,0
DA:110,0
DA:112,0
DA:114,0
DA:124,0
DA:125,0
DA:127,0
DA:128,0
DA:130,0
DA:131,0
DA:133,0
DA:134,0
DA:136,0
DA:137,0
DA:139,0
DA:148,0
DA:150,0
DA:151,0
DA:154,0
DA:155,0
DA:159,0
DA:168,0
DA:177,0
DA:198,0
DA:199,0
DA:200,0
DA:201,0
DA:202,0
DA:203,0
DA:205,0
LF:44
LH:0
BRDA:66,0,0,0
BRDA:66,0,1,0
BRDA:67,1,0,0
BRDA:67,1,1,0
BRDA:93,2,0,0
BRDA:93,2,1,0
BRDA:96,3,0,0
BRDA:96,3,1,0
BRDA:108,4,0,0
BRDA:108,4,1,0
BRDA:108,4,2,0
BRDA:124,5,0,0
BRDA:124,5,1,0
BRDA:127,6,0,0
BRDA:127,6,1,0
BRDA:130,7,0,0
BRDA:130,7,1,0
BRDA:133,8,0,0
BRDA:133,8,1,0
BRDA:136,9,0,0
BRDA:136,9,1,0
BRDA:150,10,0,0
BRDA:150,10,1,0
BRDA:155,11,0,0
BRDA:155,11,1,0
BRDA:177,12,0,0
BRDA:177,12,1,0
BRDA:202,13,0,0
BRDA:202,13,1,0
BRDA:203,14,0,0
BRDA:203,14,1,0
BRF:31
BRH:0
end_of_record
TN:
SF:src\utils\nameGenerator.ts
FN:222,genererNomAleatoire
FN:292,(anonymous_1)
FN:321,genererPlusieursNomsAleatoires
FN:343,getStatistiquesNoms
FN:359,getTousLesNoms
FNF:5
FNH:0
FNDA:0,genererNomAleatoire
FNDA:0,(anonymous_1)
FNDA:0,genererPlusieursNomsAleatoires
FNDA:0,getStatistiquesNoms
FNDA:0,getTousLesNoms
DA:7,0
DA:26,0
DA:45,0
DA:56,0
DA:72,0
DA:86,0
DA:100,0
DA:179,0
DA:186,0
DA:194,0
DA:200,0
DA:205,0
DA:210,0
DA:231,0
DA:232,0
DA:234,0
DA:235,0
DA:237,0
DA:238,0
DA:240,0
DA:241,0
DA:243,0
DA:244,0
DA:247,0
DA:248,0
DA:250,0
DA:251,0
DA:253,0
DA:254,0
DA:256,0
DA:257,0
DA:259,0
DA:260,0
DA:262,0
DA:263,0
DA:266,0
DA:267,0
DA:271,0
DA:273,0
DA:274,0
DA:276,0
DA:277,0
DA:279,0
DA:280,0
DA:282,0
DA:283,0
DA:286,0
DA:287,0
DA:292,0
DA:295,0
DA:296,0
DA:297,0
DA:298,0
DA:300,0
DA:301,0
DA:302,0
DA:305,0
DA:309,0
DA:310,0
DA:327,0
DA:328,0
DA:330,0
DA:331,0
DA:332,0
DA:333,0
DA:336,0
DA:344,0
DA:360,0
LF:68
LH:0
BRDA:223,0,0,0
BRDA:224,1,0,0
BRDA:231,2,0,0
BRDA:231,2,1,0
BRDA:232,3,0,0
BRDA:232,3,1,0
BRDA:232,3,2,0
BRDA:232,3,3,0
BRDA:232,3,4,0
BRDA:232,3,5,0
BRDA:250,4,0,0
BRDA:250,4,1,0
BRDA:251,5,0,0
BRDA:251,5,1,0
BRDA:251,5,2,0
BRDA:251,5,3,0
BRDA:251,5,4,0
BRDA:251,5,5,0
BRDA:271,6,0,0
BRDA:271,6,1,0
BRDA:271,6,2,0
BRDA:271,6,3,0
BRDA:271,6,4,0
BRDA:271,6,5,0
BRDA:295,7,0,0
BRDA:295,7,1,0
BRDA:323,8,0,0
BRDA:324,9,0,0
BRF:28
BRH:0
end_of_record
TN:
SF:src\utils\neomorphism.ts
FN:23,getNeomorphismPressed
FN:58,getNeomorphismRaised
FN:96,getNeomorphismFlat
FN:129,neomorphismToStyle
FNF:4
FNH:0
FNDA:0,getNeomorphismPressed
FNDA:0,getNeomorphismRaised
FNDA:0,getNeomorphismFlat
FNDA:0,neomorphismToStyle
DA:27,0
DA:29,0
DA:42,0
DA:62,0
DA:64,0
DA:80,0
DA:100,0
DA:101,0
DA:114,0
DA:130,0
LF:10
LH:0
BRDA:25,0,0,0
BRDA:27,1,0,0
BRDA:27,1,1,0
BRDA:60,2,0,0
BRDA:62,3,0,0
BRDA:62,3,1,0
BRDA:98,4,0,0
BRDA:100,5,0,0
BRDA:100,5,1,0
BRDA:137,6,0,0
BRDA:137,6,1,0
BRF:11
BRH:0
end_of_record
TN:
SF:src\utils\photoUtils.ts
FN:15,(anonymous_0)
FN:16,(anonymous_1)
FN:26,(anonymous_2)
FN:45,(anonymous_3)
FN:78,(anonymous_4)
FN:100,(anonymous_5)
FN:113,(anonymous_6)
FN:127,(anonymous_7)
FN:153,(anonymous_8)
FN:178,(anonymous_9)
FNF:10
FNH:0
FNDA:0,(anonymous_0)
FNDA:0,(anonymous_1)
FNDA:0,(anonymous_2)
FNDA:0,(anonymous_3)
FNDA:0,(anonymous_4)
FNDA:0,(anonymous_5)
FNDA:0,(anonymous_6)
FNDA:0,(anonymous_7)
FNDA:0,(anonymous_8)
FNDA:0,(anonymous_9)
DA:10,0
DA:15,0
DA:16,0
DA:17,0
DA:18,0
DA:19,0
DA:26,0
DA:27,0
DA:28,0
DA:29,0
DA:30,0
DA:31,0
DA:34,0
DA:45,0
DA:46,0
DA:48,0
DA:51,0
DA:52,0
DA:56,0
DA:57,0
DA:58,0
DA:61,0
DA:66,0
DA:67,0
DA:69,0
DA:70,0
DA:78,0
DA:79,0
DA:81,0
DA:82,0
DA:85,0
DA:86,0
DA:87,0
DA:88,0
DA:91,0
DA:100,0
DA:101,0
DA:102,0
DA:103,0
DA:105,0
DA:113,0
DA:114,0
DA:116,0
DA:117,0
DA:118,0
DA:119,0
DA:123,0
DA:124,0
DA:127,0
DA:128,0
DA:129,0
DA:132,0
DA:135,0
DA:136,0
DA:137,0
DA:138,0
DA:140,0
DA:144,0
DA:146,0
DA:153,0
DA:154,0
DA:155,0
DA:156,0
DA:158,0
DA:159,0
DA:161,0
DA:162,0
DA:163,0
DA:164,0
DA:168,0
DA:170,0
DA:171,0
DA:178,0
DA:179,0
DA:180,0
LF:75
LH:0
BRDA:18,0,0,0
BRDA:18,0,1,0
BRDA:29,1,0,0
BRDA:29,1,1,0
BRDA:51,2,0,0
BRDA:51,2,1,0
BRDA:81,3,0,0
BRDA:81,3,1,0
BRDA:86,4,0,0
BRDA:86,4,1,0
BRDA:117,5,0,0
BRDA:117,5,1,0
BRDA:156,6,0,0
BRDA:156,6,1,0
BRDA:163,7,0,0
BRDA:163,7,1,0
BRDA:163,8,0,0
BRDA:163,8,1,0
BRDA:164,9,0,0
BRDA:164,9,1,0
BRF:20
BRH:0
end_of_record
TN:
SF:src\utils\planningProductionCalculs.ts
FN:27,simulerProduction
FN:217,genererRecommandationsStrategiques
FN:500,calculerCalendrierSaillies
FN:515,estimerDateMiseBas
FN:522,estimerDateSevrage
FN:533,calculerTauxReussite
FN:541,calculerDelaiMoyenVente
FN:558,calculerPrevisionVentes
FN:569,(anonymous_8)
FN:570,(anonymous_9)
FN:576,(anonymous_10)
FN:647,(anonymous_11)
FN:648,(anonymous_12)
FN:651,(anonymous_13)
FN:681,calculerPrevisionsFutures
FN:719,(anonymous_15)
FN:722,(anonymous_16)
FN:768,(anonymous_17)
FN:773,(anonymous_18)
FN:774,(anonymous_19)
FN:777,(anonymous_20)
FN:809,creerCalendrierVentes
FN:815,(anonymous_22)
FN:843,(anonymous_23)
FN:857,formaterMontant
FN:870,formaterDuree
FN:905,genererTachesDepuisSaillie
FNF:27
FNH:0
FNDA:0,simulerProduction
FNDA:0,genererRecommandationsStrategiques
FNDA:0,calculerCalendrierSaillies
FNDA:0,estimerDateMiseBas
FNDA:0,estimerDateSevrage
FNDA:0,calculerTauxReussite
FNDA:0,calculerDelaiMoyenVente
FNDA:0,calculerPrevisionVentes
FNDA:0,(anonymous_8)
FNDA:0,(anonymous_9)
FNDA:0,(anonymous_10)
FNDA:0,(anonymous_11)
FNDA:0,(anonymous_12)
FNDA:0,(anonymous_13)
FNDA:0,calculerPrevisionsFutures
FNDA:0,(anonymous_15)
FNDA:0,(anonymous_16)
FNDA:0,(anonymous_17)
FNDA:0,(anonymous_18)
FNDA:0,(anonymous_19)
FNDA:0,(anonymous_20)
FNDA:0,creerCalendrierVentes
FNDA:0,(anonymous_22)
FNDA:0,(anonymous_23)
FNDA:0,formaterMontant
FNDA:0,formaterDuree
FNDA:0,genererTachesDepuisSaillie
DA:34,0
DA:35,0
DA:36,0
DA:41,0
DA:43,0
DA:45,0
DA:46,0
DA:48,0
DA:57,0
DA:60,0
DA:63,0
DA:70,0
DA:74,0
DA:75,0
DA:76,0
DA:77,0
DA:81,0
DA:83,0
DA:94,0
DA:99,0
DA:100,0
DA:107,0
DA:114,0
DA:116,0
DA:117,0
DA:124,0
DA:129,0
DA:132,0
DA:136,0
DA:139,0
DA:141,0
DA:154,0
DA:157,0
DA:159,0
DA:160,0
DA:161,0
DA:170,0
DA:171,0
DA:180,0
DA:181,0
DA:189,0
DA:221,0
DA:223,0
DA:224,0
DA:225,0
DA:226,0
DA:227,0
DA:230,0
DA:231,0
DA:237,0
DA:238,0
DA:263,0
DA:264,0
DA:265,0
DA:267,0
DA:300,0
DA:301,0
DA:302,0
DA:304,0
DA:305,0
DA:333,0
DA:334,0
DA:360,0
DA:361,0
DA:362,0
DA:363,0
DA:365,0
DA:367,0
DA:400,0
DA:401,0
DA:431,0
DA:432,0
DA:437,0
DA:468,0
DA:469,0
DA:488,0
DA:490,0
DA:505,0
DA:506,0
DA:507,0
DA:509,0
DA:516,0
DA:523,0
DA:534,0
DA:535,0
DA:545,0
DA:546,0
DA:547,0
DA:563,0
DA:564,0
DA:565,0
DA:568,0
DA:569,0
DA:571,0
DA:573,0
DA:575,0
DA:576,0
DA:578,0
DA:579,0
DA:581,0
DA:582,0
DA:598,0
DA:603,0
DA:606,0
DA:607,0
DA:609,0
DA:610,0
DA:612,0
DA:616,0
DA:617,0
DA:618,0
DA:620,0
DA:621,0
DA:622,0
DA:623,0
DA:625,0
DA:646,0
DA:647,0
DA:648,0
DA:650,0
DA:651,0
DA:652,0
DA:653,0
DA:655,0
DA:656,0
DA:657,0
DA:660,0
DA:662,0
DA:691,0
DA:692,0
DA:695,0
DA:696,0
DA:697,0
DA:698,0
DA:701,0
DA:702,0
DA:703,0
DA:706,0
DA:707,0
DA:708,0
DA:710,0
DA:718,0
DA:719,0
DA:722,0
DA:724,0
DA:727,0
DA:730,0
DA:733,0
DA:736,0
DA:737,0
DA:739,0
DA:740,0
DA:741,0
DA:742,0
DA:744,0
DA:767,0
DA:768,0
DA:772,0
DA:773,0
DA:774,0
DA:776,0
DA:777,0
DA:778,0
DA:779,0
DA:781,0
DA:782,0
DA:783,0
DA:786,0
DA:789,0
DA:791,0
DA:795,0
DA:813,0
DA:815,0
DA:816,0
DA:819,0
DA:820,0
DA:823,0
DA:824,0
DA:827,0
DA:828,0
DA:837,0
DA:838,0
DA:839,0
DA:840,0
DA:843,0
DA:844,0
DA:845,0
DA:846,0
DA:858,0
DA:871,0
DA:872,0
DA:873,0
DA:874,0
DA:875,0
DA:910,0
DA:912,0
DA:913,0
DA:914,0
DA:915,0
DA:919,0
DA:920,0
DA:921,0
DA:924,0
DA:935,0
DA:944,0
DA:953,0
DA:963,0
DA:973,0
DA:983,0
DA:992,0
DA:1002,0
DA:1012,0
DA:1013,0
DA:1023,0
DA:1025,0
LF:215
LH:0
BRDA:45,0,0,0
BRDA:45,0,1,0
BRDA:57,1,0,0
BRDA:57,1,1,0
BRDA:70,2,0,0
BRDA:70,2,1,0
BRDA:99,3,0,0
BRDA:99,3,1,0
BRDA:116,4,0,0
BRDA:116,4,1,0
BRDA:124,5,0,0
BRDA:124,5,1,0
BRDA:129,6,0,0
BRDA:129,6,1,0
BRDA:154,7,0,0
BRDA:154,7,1,0
BRDA:159,8,0,0
BRDA:159,8,1,0
BRDA:160,9,0,0
BRDA:160,9,1,0
BRDA:170,10,0,0
BRDA:170,10,1,0
BRDA:180,11,0,0
BRDA:180,11,1,0
BRDA:237,12,0,0
BRDA:237,12,1,0
BRDA:237,13,0,0
BRDA:237,13,1,0
BRDA:263,14,0,0
BRDA:263,14,1,0
BRDA:269,15,0,0
BRDA:269,15,1,0
BRDA:304,16,0,0
BRDA:304,16,1,0
BRDA:333,17,0,0
BRDA:333,17,1,0
BRDA:333,18,0,0
BRDA:333,18,1,0
BRDA:360,19,0,0
BRDA:360,19,1,0
BRDA:360,20,0,0
BRDA:360,20,1,0
BRDA:369,21,0,0
BRDA:369,21,1,0
BRDA:381,22,0,0
BRDA:381,22,1,0
BRDA:400,23,0,0
BRDA:400,23,1,0
BRDA:400,24,0,0
BRDA:400,24,1,0
BRDA:431,25,0,0
BRDA:431,25,1,0
BRDA:431,26,0,0
BRDA:431,26,1,0
BRDA:468,27,0,0
BRDA:468,27,1,0
BRDA:503,28,0,0
BRDA:534,29,0,0
BRDA:534,29,1,0
BRDA:543,30,0,0
BRDA:563,31,0,0
BRDA:571,32,0,0
BRDA:571,32,1,0
BRDA:573,33,0,0
BRDA:573,33,1,0
BRDA:581,34,0,0
BRDA:581,34,1,0
BRDA:585,35,0,0
BRDA:585,35,1,0
BRDA:589,36,0,0
BRDA:589,36,1,0
BRDA:603,37,0,0
BRDA:603,37,1,0
BRDA:603,38,0,0
BRDA:603,38,1,0
BRDA:606,39,0,0
BRDA:606,39,1,0
BRDA:621,40,0,0
BRDA:621,40,1,0
BRDA:622,41,0,0
BRDA:622,41,1,0
BRDA:623,42,0,0
BRDA:623,42,1,0
BRDA:628,43,0,0
BRDA:628,43,1,0
BRDA:648,44,0,0
BRDA:648,44,1,0
BRDA:652,45,0,0
BRDA:652,45,1,0
BRDA:657,46,0,0
BRDA:657,46,1,0
BRDA:695,47,0,0
BRDA:695,47,1,0
BRDA:696,48,0,0
BRDA:696,48,1,0
BRDA:697,49,0,0
BRDA:697,49,1,0
BRDA:698,50,0,0
BRDA:698,50,1,0
BRDA:702,51,0,0
BRDA:702,51,1,0
BRDA:719,52,0,0
BRDA:719,52,1,0
BRDA:740,53,0,0
BRDA:740,53,1,0
BRDA:741,54,0,0
BRDA:741,54,1,0
BRDA:742,55,0,0
BRDA:742,55,1,0
BRDA:774,56,0,0
BRDA:774,56,1,0
BRDA:778,57,0,0
BRDA:778,57,1,0
BRDA:783,58,0,0
BRDA:783,58,1,0
BRDA:791,59,0,0
BRDA:791,59,1,0
BRDA:819,60,0,0
BRDA:819,60,1,0
BRDA:827,61,0,0
BRDA:827,61,1,0
BRDA:829,62,0,0
BRDA:829,62,1,0
BRDA:839,63,0,0
BRDA:839,63,1,0
BRDA:844,64,0,0
BRDA:844,64,1,0
BRDA:844,64,2,0
BRDA:845,65,0,0
BRDA:845,65,1,0
BRDA:845,65,2,0
BRDA:871,66,0,0
BRDA:871,66,1,0
BRDA:871,67,0,0
BRDA:871,67,1,0
BRDA:874,68,0,0
BRDA:874,68,1,0
BRDA:915,69,0,0
BRDA:915,69,1,0
BRDA:919,70,0,0
BRDA:919,70,1,0
BRDA:920,71,0,0
BRDA:920,71,1,0
BRDA:1012,72,0,0
BRDA:1012,72,1,0
BRF:145
BRH:0
end_of_record
TN:
SF:src\utils\textRenderingGuard.tsx
FN:12,isPrimitiveValue
FN:20,SafeTextWrapper
FN:66,(anonymous_2)
FN:122,useTextRenderingDebug
FN:123,(anonymous_4)
FN:139,withTextRenderingGuard
FN:143,GuardedComponent
FN:161,safeRenderValue
FN:179,(anonymous_8)
FNF:9
FNH:0
FNDA:0,isPrimitiveValue
FNDA:0,SafeTextWrapper
FNDA:0,(anonymous_2)
FNDA:0,useTextRenderingDebug
FNDA:0,(anonymous_4)
FNDA:0,withTextRenderingGuard
FNDA:0,GuardedComponent
FNDA:0,safeRenderValue
FNDA:0,(anonymous_8)
DA:13,0
DA:30,0
DA:31,0
DA:35,0
DA:36,0
DA:37,0
DA:41,0
DA:45,0
DA:46,0
DA:47,0
DA:51,0
DA:55,0
DA:56,0
DA:57,0
DA:61,0
DA:65,0
DA:66,0
DA:67,0
DA:68,0
DA:69,0
DA:73,0
DA:76,0
DA:77,0
DA:80,0
DA:86,0
DA:90,0
DA:92,0
DA:93,0
DA:94,0
DA:95,0
DA:105,0
DA:106,0
DA:110,0
DA:111,0
DA:116,0
DA:123,0
DA:124,0
DA:125,0
DA:143,0
DA:144,0
DA:146,0
DA:166,0
DA:167,0
DA:170,0
DA:171,0
DA:174,0
DA:175,0
DA:178,0
DA:179,0
DA:180,0
DA:186,0
LF:51
LH:0
BRDA:13,0,0,0
BRDA:13,0,1,0
BRDA:13,0,2,0
BRDA:22,1,0,0
BRDA:23,2,0,0
BRDA:30,3,0,0
BRDA:30,3,1,0
BRDA:30,4,0,0
BRDA:30,4,1,0
BRDA:35,5,0,0
BRDA:35,5,1,0
BRDA:36,6,0,0
BRDA:36,6,1,0
BRDA:38,7,0,0
BRDA:38,7,1,0
BRDA:45,8,0,0
BRDA:45,8,1,0
BRDA:46,9,0,0
BRDA:46,9,1,0
BRDA:55,10,0,0
BRDA:55,10,1,0
BRDA:56,11,0,0
BRDA:56,11,1,0
BRDA:65,12,0,0
BRDA:65,12,1,0
BRDA:67,13,0,0
BRDA:67,13,1,0
BRDA:68,14,0,0
BRDA:68,14,1,0
BRDA:76,15,0,0
BRDA:76,15,1,0
BRDA:90,16,0,0
BRDA:90,16,1,0
BRDA:90,17,0,0
BRDA:90,17,1,0
BRDA:93,18,0,0
BRDA:93,18,1,0
BRDA:94,19,0,0
BRDA:94,19,1,0
BRDA:94,20,0,0
BRDA:94,20,1,0
BRDA:94,20,2,0
BRDA:105,21,0,0
BRDA:105,21,1,0
BRDA:110,22,0,0
BRDA:110,22,1,0
BRDA:124,23,0,0
BRDA:124,23,1,0
BRDA:124,24,0,0
BRDA:124,24,1,0
BRDA:124,24,2,0
BRDA:148,25,0,0
BRDA:148,25,1,0
BRDA:163,26,0,0
BRDA:166,27,0,0
BRDA:166,27,1,0
BRDA:166,28,0,0
BRDA:166,28,1,0
BRDA:170,29,0,0
BRDA:170,29,1,0
BRDA:174,30,0,0
BRDA:174,30,1,0
BRDA:178,31,0,0
BRDA:178,31,1,0
BRF:64
BRH:0
end_of_record
TN:
SF:src\utils\textRenderingScanner.ts
FN:61,scanFileForTextRenderingIssues
FN:79,(anonymous_1)
FN:105,generateScanReport
FN:114,(anonymous_3)
FN:115,(anonymous_4)
FN:117,(anonymous_5)
FN:118,(anonymous_6)
FN:128,(anonymous_7)
FN:131,(anonymous_8)
FN:132,(anonymous_9)
FN:141,(anonymous_10)
FN:144,(anonymous_11)
FN:145,(anonymous_12)
FNF:13
FNH:0
FNDA:0,scanFileForTextRenderingIssues
FNDA:0,(anonymous_1)
FNDA:0,generateScanReport
FNDA:0,(anonymous_3)
FNDA:0,(anonymous_4)
FNDA:0,(anonymous_5)
FNDA:0,(anonymous_6)
FNDA:0,(anonymous_7)
FNDA:0,(anonymous_8)
FNDA:0,(anonymous_9)
FNDA:0,(anonymous_10)
FNDA:0,(anonymous_11)
FNDA:0,(anonymous_12)
DA:9,0
DA:43,0
DA:75,0
DA:77,0
DA:79,0
DA:81,0
DA:83,0
DA:84,0
DA:85,0
DA:88,0
DA:89,0
DA:99,0
DA:114,0
DA:115,0
DA:117,0
DA:118,0
DA:121,0
DA:122,0
DA:123,0
DA:124,0
DA:126,0
DA:127,0
DA:128,0
DA:129,0
DA:130,0
DA:131,0
DA:133,0
DA:134,0
DA:139,0
DA:140,0
DA:141,0
DA:142,0
DA:143,0
DA:144,0
DA:146,0
DA:147,0
DA:152,0
LF:37
LH:0
BRDA:85,0,0,0
BRDA:85,0,1,0
BRDA:88,1,0,0
BRDA:88,1,1,0
BRDA:88,2,0,0
BRDA:88,2,1,0
BRDA:126,3,0,0
BRDA:126,3,1,0
BRDA:139,4,0,0
BRDA:139,4,1,0
BRF:10
BRH:0
end_of_record
TN:
SF:src\utils\vaccinationHelpers.ts
FN:11,getIconeType
FN:31,getCouleurType
FNF:2
FNH:0
FNDA:0,getIconeType
FNDA:0,getCouleurType
DA:12,0
DA:14,0
DA:16,0
DA:18,0
DA:20,0
DA:22,0
DA:24,0
DA:32,0
DA:34,0
DA:36,0
DA:38,0
DA:40,0
DA:42,0
DA:44,0
LF:14
LH:0
BRDA:12,0,0,0
BRDA:12,0,1,0
BRDA:12,0,2,0
BRDA:12,0,3,0
BRDA:12,0,4,0
BRDA:12,0,5,0
BRDA:32,1,0,0
BRDA:32,1,1,0
BRDA:32,1,2,0
BRDA:32,1,3,0
BRDA:32,1,4,0
BRDA:32,1,5,0
BRF:12
BRH:0
end_of_record
TN:
SF:src\utils\vaccinationUtils.ts
FN:9,parseAnimalIds
FN:36,animalIncludedInVaccination
FNF:2
FNH:0
FNDA:0,parseAnimalIds
FNDA:0,animalIncludedInVaccination
DA:10,0
DA:11,0
DA:14,0
DA:16,0
DA:17,0
DA:21,0
DA:22,0
DA:23,0
DA:26,0
DA:28,0
DA:29,0
DA:37,0
DA:38,0
LF:13
LH:0
BRDA:10,0,0,0
BRDA:10,0,1,0
BRDA:16,1,0,0
BRDA:16,1,1,0
BRDA:21,2,0,0
BRDA:21,2,1,0
BRDA:23,3,0,0
BRDA:23,3,1,0
BRF:8
BRH:0
end_of_record
