TN:
SF:src\services\FarmService.ts
FN:44,(anonymous_0)
FN:48,(anonymous_1)
FN:58,(anonymous_2)
FN:112,(anonymous_3)
FN:132,(anonymous_4)
FN:139,(anonymous_5)
FN:221,(anonymous_6)
FN:244,(anonymous_7)
FN:261,(anonymous_8)
FN:278,(anonymous_9)
FN:340,(anonymous_10)
FNF:11
FNH:8
FNDA:11,(anonymous_0)
FNDA:9,(anonymous_1)
FNDA:3,(anonymous_2)
FNDA:6,(anonymous_3)
FNDA:24,(anonymous_4)
FNDA:3,(anonymous_5)
FNDA:3,(anonymous_6)
FNDA:2,(anonymous_7)
FNDA:0,(anonymous_8)
FNDA:0,(anonymous_9)
FNDA:0,(anonymous_10)
DA:45,11
DA:49,9
DA:50,9
DA:52,9
DA:63,3
DA:64,3
DA:65,3
DA:68,3
DA:70,3
DA:72,3
DA:75,4
DA:76,4
DA:78,4
DA:80,4
DA:82,3
DA:83,3
DA:84,3
DA:85,3
DA:106,3
DA:118,6
DA:119,6
DA:120,6
DA:122,6
DA:127,6
DA:128,6
DA:129,6
DA:133,24
DA:144,3
DA:145,3
DA:147,3
DA:148,3
DA:149,1
DA:152,2
DA:155,2
DA:156,1
DA:160,1
DA:170,1
DA:181,1
DA:186,1
DA:191,1
DA:196,0
DA:197,0
DA:198,0
DA:200,0
DA:202,0
DA:203,0
DA:215,0
DA:227,3
DA:228,3
DA:229,3
DA:232,3
DA:233,3
DA:234,3
DA:235,3
DA:237,3
DA:238,1
DA:241,2
DA:244,2
DA:245,2
DA:254,2
DA:260,2
DA:261,1
DA:262,1
DA:263,1
DA:273,1
DA:276,1
DA:277,1
DA:278,0
DA:281,1
DA:283,1
DA:284,1
DA:297,0
DA:299,0
DA:306,2
DA:311,2
DA:316,0
DA:317,0
DA:318,0
DA:326,0
DA:338,1
DA:340,1
DA:341,0
DA:342,0
DA:344,0
LF:84
LH:67
BRDA:49,0,0,9
BRDA:49,0,1,0
BRDA:75,1,0,4
BRDA:75,1,1,0
BRDA:76,2,0,4
BRDA:76,2,1,0
BRDA:80,3,0,3
BRDA:80,3,1,1
BRDA:82,4,0,3
BRDA:82,4,1,0
BRDA:83,5,0,3
BRDA:83,5,1,0
BRDA:84,6,0,3
BRDA:84,6,1,0
BRDA:87,7,0,3
BRDA:87,7,1,0
BRDA:88,8,0,3
BRDA:88,8,1,1
BRDA:89,9,0,3
BRDA:89,9,1,1
BRDA:92,10,0,3
BRDA:92,10,1,1
BRDA:93,11,0,3
BRDA:93,11,1,1
BRDA:94,12,0,3
BRDA:94,12,1,1
BRDA:148,13,0,1
BRDA:148,13,1,2
BRDA:148,14,0,3
BRDA:148,14,1,2
BRDA:155,15,0,1
BRDA:155,15,1,1
BRDA:171,16,0,1
BRDA:171,16,1,0
BRDA:198,17,0,0
BRDA:198,17,1,0
BRDA:200,18,0,0
BRDA:200,18,1,0
BRDA:200,19,0,0
BRDA:200,19,1,0
BRDA:200,19,2,0
BRDA:209,20,0,0
BRDA:209,20,1,0
BRDA:234,21,0,3
BRDA:234,21,1,3
BRDA:235,22,0,2
BRDA:235,22,1,1
BRDA:237,23,0,1
BRDA:237,23,1,2
BRDA:237,24,0,3
BRDA:237,24,1,2
BRDA:237,24,2,2
BRDA:237,24,3,2
BRDA:245,25,0,2
BRDA:245,25,1,0
BRDA:245,26,0,2
BRDA:245,26,1,2
BRDA:260,27,0,1
BRDA:260,27,1,1
BRDA:262,28,0,1
BRDA:262,28,1,0
BRDA:265,29,0,1
BRDA:265,29,1,0
BRDA:278,30,0,0
BRDA:278,30,1,0
BRDA:281,31,0,1
BRDA:281,31,1,0
BRDA:287,32,0,1
BRDA:287,32,1,1
BRDA:288,33,0,1
BRDA:288,33,1,1
BRDA:289,34,0,1
BRDA:289,34,1,1
BRDA:290,35,0,1
BRDA:290,35,1,1
BRDA:297,36,0,0
BRDA:297,36,1,0
BRDA:317,37,0,0
BRDA:317,37,1,0
BRDA:322,38,0,0
BRDA:322,38,1,0
BRDA:330,39,0,0
BRDA:330,39,1,0
BRDA:341,40,0,0
BRDA:341,40,1,0
BRF:85
BRH:52
end_of_record
TN:
SF:src\services\PorkPriceTrendService.ts
FN:31,getWeekNumber
FN:43,getMondayOfWeek
FN:53,isDateInWeek
FN:67,(anonymous_3)
FN:81,(anonymous_4)
FN:216,(anonymous_5)
FN:248,(anonymous_6)
FN:257,(anonymous_7)
FN:266,(anonymous_8)
FN:296,(anonymous_9)
FN:306,(anonymous_10)
FN:312,(anonymous_11)
FN:329,(anonymous_12)
FN:339,(anonymous_13)
FN:344,(anonymous_14)
FN:354,(anonymous_15)
FN:377,(anonymous_16)
FN:387,getPorkPriceTrendService
FNF:18
FNH:7
FNDA:2,getWeekNumber
FNDA:0,getMondayOfWeek
FNDA:0,isDateInWeek
FNDA:12,(anonymous_3)
FNDA:4,(anonymous_4)
FNDA:2,(anonymous_5)
FNDA:51,(anonymous_6)
FNDA:0,(anonymous_7)
FNDA:0,(anonymous_8)
FNDA:0,(anonymous_9)
FNDA:0,(anonymous_10)
FNDA:0,(anonymous_11)
FNDA:0,(anonymous_12)
FNDA:0,(anonymous_13)
FNDA:0,(anonymous_14)
FNDA:0,(anonymous_15)
FNDA:2,(anonymous_16)
FNDA:3,getPorkPriceTrendService
DA:25,1
DA:32,2
DA:33,2
DA:34,2
DA:35,2
DA:36,2
DA:37,2
DA:44,0
DA:45,0
DA:46,0
DA:47,0
DA:54,0
DA:55,0
DA:68,12
DA:69,12
DA:70,12
DA:71,12
DA:72,12
DA:73,12
DA:74,12
DA:83,4
DA:85,4
DA:86,4
DA:87,4
DA:89,4
DA:90,2
DA:91,3
DA:92,3
DA:94,3
DA:95,3
DA:96,3
DA:97,3
DA:98,3
DA:99,3
DA:104,2
DA:105,2
DA:110,4
DA:111,4
DA:112,4
DA:113,4
DA:115,4
DA:116,1
DA:117,1
DA:119,1
DA:120,1
DA:121,1
DA:122,1
DA:123,1
DA:124,1
DA:125,1
DA:126,1
DA:131,1
DA:132,1
DA:134,1
DA:135,1
DA:136,1
DA:137,1
DA:138,1
DA:139,1
DA:141,0
DA:142,0
DA:143,0
DA:150,4
DA:151,4
DA:152,4
DA:153,4
DA:155,4
DA:156,1
DA:157,1
DA:159,1
DA:160,2
DA:161,2
DA:162,2
DA:166,1
DA:167,1
DA:169,1
DA:170,0
DA:171,0
DA:172,0
DA:173,0
DA:174,0
DA:176,1
DA:177,1
DA:178,1
DA:185,4
DA:186,4
DA:187,4
DA:188,1
DA:189,1
DA:190,3
DA:191,1
DA:192,2
DA:193,0
DA:197,4
DA:210,4
DA:217,2
DA:218,2
DA:219,2
DA:222,2
DA:223,52
DA:224,52
DA:227,52
DA:228,0
DA:229,0
DA:232,52
DA:233,52
DA:234,51
DA:236,1
DA:241,2
DA:242,2
DA:243,2
DA:245,0
DA:248,2
DA:249,51
DA:250,51
DA:262,0
DA:266,0
DA:296,0
DA:297,0
DA:298,0
DA:299,0
DA:308,0
DA:312,0
DA:329,0
DA:330,0
DA:331,0
DA:332,0
DA:343,0
DA:344,0
DA:345,0
DA:346,0
DA:347,0
DA:355,0
DA:357,0
DA:359,0
DA:360,0
DA:361,0
DA:364,0
DA:365,0
DA:366,0
DA:371,0
DA:378,2
DA:385,1
DA:388,3
DA:389,1
DA:390,0
DA:392,1
DA:394,3
LF:148
LH:103
BRDA:33,0,0,2
BRDA:33,0,1,0
BRDA:46,1,0,0
BRDA:46,1,1,0
BRDA:55,2,0,0
BRDA:55,2,1,0
BRDA:89,3,0,2
BRDA:89,3,1,2
BRDA:92,4,0,3
BRDA:92,4,1,0
BRDA:95,5,0,3
BRDA:95,5,1,0
BRDA:104,6,0,2
BRDA:104,6,1,0
BRDA:111,7,0,4
BRDA:111,7,1,0
BRDA:111,8,0,4
BRDA:111,8,1,2
BRDA:115,9,0,1
BRDA:115,9,1,3
BRDA:121,10,0,1
BRDA:121,10,1,0
BRDA:123,11,0,1
BRDA:123,11,1,0
BRDA:131,12,0,1
BRDA:131,12,1,0
BRDA:134,13,0,1
BRDA:134,13,1,0
BRDA:134,14,0,1
BRDA:134,14,1,1
BRDA:151,15,0,4
BRDA:151,15,1,0
BRDA:151,16,0,4
BRDA:151,16,1,2
BRDA:155,17,0,1
BRDA:155,17,1,3
BRDA:160,18,0,2
BRDA:160,18,1,0
BRDA:160,19,0,2
BRDA:160,19,1,2
BRDA:166,20,0,1
BRDA:166,20,1,0
BRDA:169,21,0,0
BRDA:169,21,1,1
BRDA:169,22,0,1
BRDA:169,22,1,0
BRDA:187,23,0,1
BRDA:187,23,1,3
BRDA:190,24,0,1
BRDA:190,24,1,2
BRDA:190,25,0,3
BRDA:190,25,1,1
BRDA:190,25,2,1
BRDA:192,26,0,0
BRDA:192,26,1,2
BRDA:192,27,0,2
BRDA:192,27,1,0
BRDA:206,28,0,3
BRDA:206,28,1,1
BRDA:207,29,0,3
BRDA:207,29,1,1
BRDA:249,30,0,0
BRDA:249,30,1,51
BRDA:270,31,0,0
BRDA:270,31,1,0
BRDA:275,32,0,0
BRDA:275,32,1,0
BRDA:283,33,0,0
BRDA:283,33,1,0
BRDA:297,34,0,0
BRDA:297,34,1,0
BRDA:315,35,0,0
BRDA:315,35,1,0
BRDA:330,36,0,0
BRDA:330,36,1,0
BRDA:345,37,0,0
BRDA:345,37,1,0
BRDA:360,38,0,0
BRDA:360,38,1,0
BRDA:365,39,0,0
BRDA:365,39,1,0
BRDA:365,40,0,0
BRDA:365,40,1,0
BRDA:388,41,0,1
BRDA:388,41,1,2
BRDA:389,42,0,0
BRDA:389,42,1,1
BRF:87
BRH:45
end_of_record
TN:
SF:src\services\StatisticsService.ts
FN:46,(anonymous_0)
FN:53,(anonymous_1)
FN:54,(anonymous_2)
FN:69,(anonymous_3)
FN:70,(anonymous_4)
FN:76,(anonymous_5)
FN:80,(anonymous_6)
FN:81,(anonymous_7)
FN:82,(anonymous_8)
FN:83,(anonymous_9)
FN:86,(anonymous_10)
FN:87,(anonymous_11)
FN:88,(anonymous_12)
FN:92,(anonymous_13)
FN:116,(anonymous_14)
FN:118,(anonymous_15)
FN:125,(anonymous_16)
FN:129,(anonymous_17)
FN:133,(anonymous_18)
FN:139,(anonymous_19)
FN:157,(anonymous_20)
FN:164,(anonymous_21)
FN:166,(anonymous_22)
FN:167,(anonymous_23)
FN:176,(anonymous_24)
FN:193,(anonymous_25)
FN:202,(anonymous_26)
FNF:27
FNH:26
FNDA:6,(anonymous_0)
FNDA:15,(anonymous_1)
FNDA:3,(anonymous_2)
FNDA:2,(anonymous_3)
FNDA:6,(anonymous_4)
FNDA:2,(anonymous_5)
FNDA:5,(anonymous_6)
FNDA:5,(anonymous_7)
FNDA:5,(anonymous_8)
FNDA:5,(anonymous_9)
FNDA:5,(anonymous_10)
FNDA:5,(anonymous_11)
FNDA:5,(anonymous_12)
FNDA:5,(anonymous_13)
FNDA:4,(anonymous_14)
FNDA:5,(anonymous_15)
FNDA:2,(anonymous_16)
FNDA:3,(anonymous_17)
FNDA:3,(anonymous_18)
FNDA:3,(anonymous_19)
FNDA:3,(anonymous_20)
FNDA:5,(anonymous_21)
FNDA:9,(anonymous_22)
FNDA:0,(anonymous_23)
FNDA:5,(anonymous_24)
FNDA:2,(anonymous_25)
FNDA:6,(anonymous_26)
DA:47,6
DA:49,5
DA:50,5
DA:52,10
DA:53,15
DA:54,3
DA:56,10
DA:57,5
DA:58,5
DA:59,5
DA:63,5
DA:70,6
DA:80,5
DA:81,5
DA:82,5
DA:83,5
DA:85,2
DA:86,5
DA:87,5
DA:88,5
DA:91,2
DA:92,2
DA:93,5
DA:94,5
DA:97,2
DA:98,2
DA:100,2
DA:117,4
DA:118,5
DA:119,3
DA:129,3
DA:130,2
DA:132,2
DA:133,2
DA:134,3
DA:135,3
DA:138,2
DA:139,2
DA:140,3
DA:141,3
DA:142,3
DA:146,2
DA:161,3
DA:162,3
DA:164,3
DA:165,5
DA:166,9
DA:167,0
DA:169,5
DA:170,5
DA:171,5
DA:172,5
DA:176,5
DA:177,3
DA:178,3
DA:179,3
DA:181,3
DA:198,2
DA:199,2
DA:200,2
DA:202,2
DA:203,6
DA:205,3
DA:206,1
DA:207,2
DA:208,1
DA:210,1
DA:214,2
LF:68
LH:67
BRDA:47,0,0,1
BRDA:47,0,1,5
BRDA:56,1,0,5
BRDA:56,1,1,5
BRDA:58,2,0,5
BRDA:58,2,1,0
BRDA:93,3,0,5
BRDA:93,3,1,1
BRDA:94,4,0,5
BRDA:94,4,1,3
BRDA:98,5,0,1
BRDA:98,5,1,1
BRDA:117,6,0,1
BRDA:117,6,1,3
BRDA:118,7,0,5
BRDA:118,7,1,3
BRDA:129,8,0,3
BRDA:129,8,1,3
BRDA:134,9,0,3
BRDA:134,9,1,0
BRDA:135,10,0,3
BRDA:135,10,1,3
BRDA:135,11,0,3
BRDA:135,11,1,3
BRDA:140,12,0,3
BRDA:140,12,1,0
BRDA:142,13,0,3
BRDA:142,13,1,3
BRDA:142,14,0,3
BRDA:142,14,1,3
BRDA:169,15,0,5
BRDA:169,15,1,2
BRDA:169,15,2,0
BRDA:171,16,0,5
BRDA:171,16,1,0
BRDA:177,17,0,2
BRDA:177,17,1,1
BRDA:178,18,0,2
BRDA:178,18,1,1
BRDA:179,19,0,2
BRDA:179,19,1,1
BRDA:203,20,0,3
BRDA:203,20,1,3
BRDA:205,21,0,1
BRDA:205,21,1,2
BRDA:205,22,0,3
BRDA:205,22,1,1
BRDA:207,23,0,1
BRDA:207,23,1,1
BRDA:207,24,0,2
BRDA:207,24,1,2
BRF:51
BRH:46
end_of_record
